{"/Users/rob/Documents/finos/fdc3-general/FDC3/toolbox/fdc3-for-web/fdc3-web-impl/src/ServerContext.ts":{"path":"/Users/rob/Documents/finos/fdc3-general/FDC3/toolbox/fdc3-for-web/fdc3-web-impl/src/ServerContext.ts","statementMap":{"0":{"start":{"line":2,"column":0},"end":{"line":2,"column":62}},"1":{"start":{"line":3,"column":0},"end":{"line":3,"column":23}},"2":{"start":{"line":5,"column":0},"end":{"line":10,"column":50}},"3":{"start":{"line":6,"column":4},"end":{"line":6,"column":44}},"4":{"start":{"line":7,"column":4},"end":{"line":7,"column":48}},"5":{"start":{"line":8,"column":4},"end":{"line":8,"column":56}},"6":{"start":{"line":9,"column":4},"end":{"line":9,"column":50}}},"fnMap":{"0":{"name":"(anonymous_0)","decl":{"start":{"line":5,"column":1},"end":{"line":5,"column":2}},"loc":{"start":{"line":5,"column":18},"end":{"line":10,"column":1}},"line":5}},"branchMap":{"0":{"loc":{"start":{"line":10,"column":11},"end":{"line":10,"column":48}},"type":"binary-expr","locations":[{"start":{"line":10,"column":11},"end":{"line":10,"column":24}},{"start":{"line":10,"column":29},"end":{"line":10,"column":47}}],"line":10}},"s":{"0":1,"1":1,"2":1,"3":1,"4":1,"5":1,"6":1},"f":{"0":1},"b":{"0":[1,1]},"inputSourceMap":{"version":3,"file":"/Users/rob/Documents/finos/fdc3-general/FDC3/toolbox/fdc3-for-web/fdc3-web-impl/src/ServerContext.ts","sources":["/Users/rob/Documents/finos/fdc3-general/FDC3/toolbox/fdc3-for-web/fdc3-web-impl/src/ServerContext.ts"],"names":[],"mappings":";;;AAIA,IAAY,KAKX;AALD,WAAY,KAAK;IACf,uCAAO,CAAA,CAAC,uDAAuD;IAC/D,2CAAS,CAAA,CAAC,sCAAsC;IAChD,mDAAa,CAAA,CAAC,0CAA0C;IACxD,6CAAU,CAAA,CAAC,wCAAwC;AACrD,CAAC,EALW,KAAK,GAAL,aAAK,KAAL,aAAK,QAKhB","sourcesContent":["import { AppIdentifier, AppIntent } from '@finos/fdc3-standard';\nimport { Context } from '@finos/fdc3-context';\nimport { FDC3Server } from './FDC3Server';\n\nexport enum State {\n  Pending /* App has started, but not completed FDC3 Handshake */,\n  Connected /* App has completed FDC3 handshake */,\n  NotResponding /* App has not responded to a heartbeat */,\n  Terminated /* App has sent a termination message */,\n}\n\nexport type AppRegistration = {\n  state: State;\n  appId: string;\n  instanceId: InstanceID;\n};\n\n/**\n * This is a unique, long, unguessable string that identifies a particular instance of an app.\n * All messages arriving at the desktop agent will have this UUID attached to them.\n * It is important that this is unguessable as it is a shared secret used to identify the app\n * when reconnecting after navigation or refresh.\n */\nexport type InstanceID = string;\n\n/**\n * Handles messaging to apps and opening apps\n */\nexport interface ServerContext<X extends AppRegistration> {\n  /**\n   * UUID for outgoing message\n   */\n  createUUID(): string;\n\n  /**\n   * Post an outgoing message to a particular app\n   */\n  post(message: object, instanceId: InstanceID): Promise<void>;\n\n  /**\n   * Opens a new instance of an application.\n   * Promise completes once the application window is opened\n   */\n  open(appId: string): Promise<InstanceID>;\n\n  /** Set the FDC3Server instance associated with this context. This reference is\n   *  used to notify the server to cleanup state for apps that have been terminated.\n   *  The FDC3Server is passed a ServerContext when created and should call this fn\n   *  in its constructor.\n   */\n  setFDC3Server(server: FDC3Server): void;\n\n  /**\n   * Registers a particular instance id with a given app id\n   */\n  setInstanceDetails(uuid: InstanceID, details: X): void;\n\n  /**\n   * Returns the connection details for a particular instance of an app.\n   * Used in a variety of MessageHandler classes to retrieve details for\n   * an app and when validating an app's identity when connecting.\n   */\n  getInstanceDetails(uuid: InstanceID): X | undefined;\n\n  /**\n   * Registers an app as connected to the desktop agent.\n   */\n  setAppState(app: InstanceID, state: State): Promise<void>;\n\n  /**\n   * Returns the list of apps open and connected to FDC3 at the current time.\n   * Note, it is the implementor's job to ensure this list is\n   * up-to-date in the event of app crashes or disconnections.\n   */\n  getConnectedApps(): Promise<AppRegistration[]>;\n\n  /**\n   * Return the list of all apps that have ever been registered with the ServerContext.\n   */\n  getAllApps(): Promise<AppRegistration[]>;\n\n  /**\n   * Helper function for determining if an app is currently open and connected to the da\n   */\n  isAppConnected(app: InstanceID): Promise<boolean>;\n\n  /**\n   * Allows you to write a log message somewhere\n   */\n  log(message: string): void;\n\n  /**\n   * Name of the provider of this desktop agent server\n   */\n  provider(): string;\n\n  /**\n   * Version of the provider of this desktop agent server\n   */\n  providerVersion(): string;\n\n  /**\n   * Supported version of the FDC3 API of the desktop agent server.\n   */\n  fdc3Version(): string;\n\n  /**\n   * This is called prior to returning intents to the client.  It is a\n   * an opportunity for the server to either present an intent resolver\n   * or otherwise mess with the available intents, or do nothing.\n   */\n  narrowIntents(raiser: AppIdentifier, IappIntents: AppIntent[], context: Context): Promise<AppIntent[]>;\n}\n"]},"_coverageSchema":"1a1c01bbd47fc00a2c39e90264f33305004495a9","hash":"b07858e0beaf503407efdf6f6238b5a21c410f47","contentHash":"9bbed1bdc190ea520d823c6f6f39e74207bbc994b8a49d27f8bf30297ce1cb75"},"/Users/rob/Documents/finos/fdc3-general/FDC3/toolbox/fdc3-for-web/fdc3-web-impl/src/BasicFDC3Server.ts":{"path":"/Users/rob/Documents/finos/fdc3-general/FDC3/toolbox/fdc3-for-web/fdc3-web-impl/src/BasicFDC3Server.ts","statementMap":{"0":{"start":{"line":2,"column":0},"end":{"line":2,"column":62}},"1":{"start":{"line":3,"column":0},"end":{"line":3,"column":61}},"2":{"start":{"line":4,"column":24},"end":{"line":4,"column":50}},"3":{"start":{"line":5,"column":27},"end":{"line":5,"column":65}},"4":{"start":{"line":6,"column":24},"end":{"line":6,"column":59}},"5":{"start":{"line":7,"column":22},"end":{"line":7,"column":55}},"6":{"start":{"line":8,"column":27},"end":{"line":8,"column":65}},"7":{"start":{"line":16,"column":8},"end":{"line":16,"column":33}},"8":{"start":{"line":17,"column":8},"end":{"line":17,"column":21}},"9":{"start":{"line":20,"column":8},"end":{"line":20,"column":79}},"10":{"start":{"line":20,"column":41},"end":{"line":20,"column":77}},"11":{"start":{"line":21,"column":8},"end":{"line":21,"column":74}},"12":{"start":{"line":24,"column":25},"end":{"line":24,"column":81}},"13":{"start":{"line":24,"column":48},"end":{"line":24,"column":80}},"14":{"start":{"line":25,"column":8},"end":{"line":25,"column":43}},"15":{"start":{"line":28,"column":8},"end":{"line":28,"column":49}},"16":{"start":{"line":28,"column":35},"end":{"line":28,"column":47}},"17":{"start":{"line":31,"column":0},"end":{"line":31,"column":42}},"18":{"start":{"line":34,"column":25},"end":{"line":38,"column":9}},"19":{"start":{"line":39,"column":8},"end":{"line":41,"column":9}},"20":{"start":{"line":40,"column":12},"end":{"line":40,"column":142}},"21":{"start":{"line":42,"column":8},"end":{"line":42,"column":28}},"22":{"start":{"line":45,"column":0},"end":{"line":45,"column":46}}},"fnMap":{"0":{"name":"(anonymous_0)","decl":{"start":{"line":15,"column":4},"end":{"line":15,"column":5}},"loc":{"start":{"line":15,"column":30},"end":{"line":18,"column":5}},"line":15},"1":{"name":"(anonymous_1)","decl":{"start":{"line":19,"column":4},"end":{"line":19,"column":5}},"loc":{"start":{"line":19,"column":24},"end":{"line":22,"column":5}},"line":19},"2":{"name":"(anonymous_2)","decl":{"start":{"line":20,"column":30},"end":{"line":20,"column":31}},"loc":{"start":{"line":20,"column":41},"end":{"line":20,"column":77}},"line":20},"3":{"name":"(anonymous_3)","decl":{"start":{"line":23,"column":4},"end":{"line":23,"column":5}},"loc":{"start":{"line":23,"column":33},"end":{"line":26,"column":5}},"line":23},"4":{"name":"(anonymous_4)","decl":{"start":{"line":24,"column":43},"end":{"line":24,"column":44}},"loc":{"start":{"line":24,"column":48},"end":{"line":24,"column":80}},"line":24},"5":{"name":"(anonymous_5)","decl":{"start":{"line":27,"column":4},"end":{"line":27,"column":5}},"loc":{"start":{"line":27,"column":15},"end":{"line":29,"column":5}},"line":27},"6":{"name":"(anonymous_6)","decl":{"start":{"line":28,"column":30},"end":{"line":28,"column":31}},"loc":{"start":{"line":28,"column":35},"end":{"line":28,"column":47}},"line":28},"7":{"name":"(anonymous_7)","decl":{"start":{"line":33,"column":4},"end":{"line":33,"column":5}},"loc":{"start":{"line":33,"column":112},"end":{"line":43,"column":5}},"line":33}},"branchMap":{"0":{"loc":{"start":{"line":33,"column":57},"end":{"line":33,"column":80}},"type":"default-arg","locations":[{"start":{"line":33,"column":75},"end":{"line":33,"column":80}}],"line":33},"1":{"loc":{"start":{"line":33,"column":82},"end":{"line":33,"column":110}},"type":"default-arg","locations":[{"start":{"line":33,"column":105},"end":{"line":33,"column":110}}],"line":33},"2":{"loc":{"start":{"line":39,"column":8},"end":{"line":41,"column":9}},"type":"if","locations":[{"start":{"line":39,"column":8},"end":{"line":41,"column":9}},{"start":{},"end":{}}],"line":39}},"s":{"0":1,"1":1,"2":1,"3":1,"4":1,"5":1,"6":1,"7":176,"8":176,"9":6,"10":18,"11":6,"12":260,"13":789,"14":260,"15":3,"16":12,"17":1,"18":176,"19":176,"20":3,"21":176,"22":1},"f":{"0":176,"1":6,"2":18,"3":260,"4":789,"5":3,"6":12,"7":176},"b":{"0":[88],"1":[88],"2":[3,173]},"inputSourceMap":{"version":3,"file":"/Users/rob/Documents/finos/fdc3-general/FDC3/toolbox/fdc3-for-web/fdc3-web-impl/src/BasicFDC3Server.ts","sources":["/Users/rob/Documents/finos/fdc3-general/FDC3/toolbox/fdc3-for-web/fdc3-web-impl/src/BasicFDC3Server.ts"],"names":[],"mappings":";;;AACA,mDAAoF;AACpF,kEAA6E;AAC7E,4DAAyD;AAEzD,wDAAqD;AACrD,kEAA+D;AA2B/D;;GAEG;AACH,MAAa,eAAe;IACjB,QAAQ,CAAmB;IAC5B,EAAE,CAAiC;IAE3C,YAAY,QAA0B,EAAE,EAAkC;QACxE,IAAI,CAAC,QAAQ,GAAG,QAAQ,CAAC;QACzB,IAAI,CAAC,EAAE,GAAG,EAAE,CAAC;IACf,CAAC;IAED,OAAO,CAAC,UAAsB;QAC5B,IAAI,CAAC,QAAQ,CAAC,OAAO,CAAC,OAAO,CAAC,EAAE,CAAC,OAAO,CAAC,OAAO,CAAC,UAAU,EAAE,IAAI,CAAC,EAAE,CAAC,CAAC,CAAC;QACvE,IAAI,CAAC,EAAE,CAAC,WAAW,CAAC,UAAU,EAAE,qBAAK,CAAC,UAAU,CAAC,CAAC;IACpD,CAAC;IAED,KAAK,CAAC,OAAO,CACX,OAAsG,EACtG,IAAgB;QAEhB,MAAM,QAAQ,GAAG,IAAI,CAAC,QAAQ,CAAC,GAAG,CAAC,CAAC,CAAC,EAAE,CAAC,CAAC,CAAC,MAAM,CAAC,OAAO,EAAE,IAAI,CAAC,EAAE,EAAE,IAAI,CAAC,CAAC,CAAC;QAC1E,MAAM,OAAO,CAAC,UAAU,CAAC,QAAQ,CAAC,CAAC;IACrC,CAAC;IAED,QAAQ;QACN,IAAI,CAAC,QAAQ,CAAC,OAAO,CAAC,CAAC,CAAC,EAAE,CAAC,CAAC,CAAC,QAAQ,EAAE,CAAC,CAAC;IAC3C,CAAC;CACF;AAzBD,0CAyBC;AAED,MAAa,iBAAkB,SAAQ,eAAe;IACpD,YACE,EAAkC,EAClC,SAAoB,EACpB,YAA4B,EAC5B,UAAmB,EACnB,kBAA0B,KAAK,EAC/B,uBAA+B,KAAK;QAEpC,MAAM,QAAQ,GAAqB;YACjC,IAAI,mCAAgB,CAAC,YAAY,CAAC;YAClC,IAAI,6BAAa,CAAC,SAAS,EAAE,eAAe,CAAC;YAC7C,IAAI,yBAAW,CAAC,SAAS,EAAE,oBAAoB,CAAC;SACjD,CAAC;QAEF,IAAI,UAAU,EAAE;YACd,QAAQ,CAAC,IAAI,CAAC,IAAI,mCAAgB,CAAC,oBAAoB,GAAG,EAAE,EAAE,oBAAoB,GAAG,CAAC,EAAE,oBAAoB,CAAC,CAAC,CAAC;SAChH;QAED,KAAK,CAAC,QAAQ,EAAE,EAAE,CAAC,CAAC;IACtB,CAAC;CACF;AArBD,8CAqBC","sourcesContent":["import { FDC3Server } from './FDC3Server';\nimport { AppRegistration, InstanceID, ServerContext, State } from './ServerContext';\nimport { BroadcastHandler, ChannelState } from './handlers/BroadcastHandler';\nimport { IntentHandler } from './handlers/IntentHandler';\nimport { Directory } from './directory/DirectoryInterface';\nimport { OpenHandler } from './handlers/OpenHandler';\nimport { HeartbeatHandler } from './handlers/HeartbeatHandler';\nimport {\n  AppRequestMessage,\n  WebConnectionProtocol4ValidateAppIdentity,\n  WebConnectionProtocol6Goodbye,\n} from '@finos/fdc3-schema/dist/generated/api/BrowserTypes';\n\nexport interface MessageHandler {\n  /**\n   * Handles an AgentRequestMessage from the messaging source. This function\n   * is called by BasicFDC3Server on every message received and should only\n   * process those it supports.\n   */\n  accept(\n    msg: AppRequestMessage | WebConnectionProtocol4ValidateAppIdentity | WebConnectionProtocol6Goodbye,\n    sc: ServerContext<AppRegistration>,\n    from: InstanceID\n  ): Promise<void>;\n\n  /**\n   * Clean-up any state relating to a instance that has disconnected.\n   */\n  cleanup(instanceId: InstanceID, sc: ServerContext<AppRegistration>): void;\n\n  shutdown(): void;\n}\n\n/**\n * This defers all functionality to either MessageHandler's or the ServerContext objects.\n */\nexport class BasicFDC3Server implements FDC3Server {\n  readonly handlers: MessageHandler[];\n  private sc: ServerContext<AppRegistration>;\n\n  constructor(handlers: MessageHandler[], sc: ServerContext<AppRegistration>) {\n    this.handlers = handlers;\n    this.sc = sc;\n  }\n\n  cleanup(instanceId: InstanceID): void {\n    this.handlers.forEach(handler => handler.cleanup(instanceId, this.sc));\n    this.sc.setAppState(instanceId, State.Terminated);\n  }\n\n  async receive(\n    message: AppRequestMessage | WebConnectionProtocol4ValidateAppIdentity | WebConnectionProtocol6Goodbye,\n    from: InstanceID\n  ): Promise<void> {\n    const promises = this.handlers.map(h => h.accept(message, this.sc, from));\n    await Promise.allSettled(promises);\n  }\n\n  shutdown(): void {\n    this.handlers.forEach(h => h.shutdown());\n  }\n}\n\nexport class DefaultFDC3Server extends BasicFDC3Server {\n  constructor(\n    sc: ServerContext<AppRegistration>,\n    directory: Directory,\n    userChannels: ChannelState[],\n    heartbeats: boolean,\n    intentTimeoutMs: number = 20000,\n    openHandlerTimeoutMs: number = 10000\n  ) {\n    const handlers: MessageHandler[] = [\n      new BroadcastHandler(userChannels),\n      new IntentHandler(directory, intentTimeoutMs),\n      new OpenHandler(directory, openHandlerTimeoutMs),\n    ];\n\n    if (heartbeats) {\n      handlers.push(new HeartbeatHandler(openHandlerTimeoutMs / 10, openHandlerTimeoutMs / 2, openHandlerTimeoutMs));\n    }\n\n    super(handlers, sc);\n  }\n}\n"]},"_coverageSchema":"1a1c01bbd47fc00a2c39e90264f33305004495a9","hash":"28e749dbe14a4f9c70856c10acddd972d4db7fb1","contentHash":"747c9c81719fdff6dca5aca8ad52d588bfc9547d35a7c73d99ced1df171e2fff"},"/Users/rob/Documents/finos/fdc3-general/FDC3/toolbox/fdc3-for-web/fdc3-web-impl/src/handlers/BroadcastHandler.ts":{"path":"/Users/rob/Documents/finos/fdc3-general/FDC3/toolbox/fdc3-for-web/fdc3-web-impl/src/handlers/BroadcastHandler.ts","statementMap":{"0":{"start":{"line":2,"column":0},"end":{"line":2,"column":62}},"1":{"start":{"line":3,"column":0},"end":{"line":3,"column":56}},"2":{"start":{"line":4,"column":24},"end":{"line":4,"column":55}},"3":{"start":{"line":5,"column":18},"end":{"line":5,"column":38}},"4":{"start":{"line":7,"column":0},"end":{"line":11,"column":68}},"5":{"start":{"line":8,"column":4},"end":{"line":8,"column":50}},"6":{"start":{"line":9,"column":4},"end":{"line":9,"column":48}},"7":{"start":{"line":10,"column":4},"end":{"line":10,"column":56}},"8":{"start":{"line":13,"column":23},"end":{"line":13,"column":25}},"9":{"start":{"line":14,"column":35},"end":{"line":14,"column":37}},"10":{"start":{"line":15,"column":33},"end":{"line":15,"column":35}},"11":{"start":{"line":16,"column":12},"end":{"line":16,"column":14}},"12":{"start":{"line":17,"column":21},"end":{"line":17,"column":23}},"13":{"start":{"line":19,"column":8},"end":{"line":19,"column":41}},"14":{"start":{"line":23,"column":30},"end":{"line":23,"column":91}},"15":{"start":{"line":23,"column":64},"end":{"line":23,"column":90}},"16":{"start":{"line":25,"column":45},"end":{"line":25,"column":148}},"17":{"start":{"line":25,"column":71},"end":{"line":25,"column":147}},"18":{"start":{"line":25,"column":95},"end":{"line":25,"column":117}},"19":{"start":{"line":26,"column":44},"end":{"line":26,"column":53}},"20":{"start":{"line":27,"column":8},"end":{"line":32,"column":11}},"21":{"start":{"line":28,"column":12},"end":{"line":28,"column":148}},"22":{"start":{"line":29,"column":12},"end":{"line":31,"column":13}},"23":{"start":{"line":30,"column":16},"end":{"line":30,"column":61}},"24":{"start":{"line":33,"column":8},"end":{"line":35,"column":11}},"25":{"start":{"line":34,"column":12},"end":{"line":34,"column":111}},"26":{"start":{"line":37,"column":8},"end":{"line":37,"column":109}},"27":{"start":{"line":37,"column":73},"end":{"line":37,"column":107}},"28":{"start":{"line":38,"column":8},"end":{"line":38,"column":133}},"29":{"start":{"line":38,"column":97},"end":{"line":38,"column":131}},"30":{"start":{"line":39,"column":8},"end":{"line":39,"column":129}},"31":{"start":{"line":39,"column":93},"end":{"line":39,"column":127}},"32":{"start":{"line":42,"column":8},"end":{"line":42,"column":52}},"33":{"start":{"line":45,"column":22},"end":{"line":54,"column":9}},"34":{"start":{"line":55,"column":8},"end":{"line":55,"column":35}},"35":{"start":{"line":58,"column":8},"end":{"line":60,"column":9}},"36":{"start":{"line":59,"column":12},"end":{"line":59,"column":24}},"37":{"start":{"line":61,"column":8},"end":{"line":61,"column":56}},"38":{"start":{"line":61,"column":36},"end":{"line":61,"column":46}},"39":{"start":{"line":64,"column":22},"end":{"line":73,"column":9}},"40":{"start":{"line":74,"column":8},"end":{"line":74,"column":35}},"41":{"start":{"line":77,"column":8},"end":{"line":84,"column":9}},"42":{"start":{"line":79,"column":16},"end":{"line":79,"column":29}},"43":{"start":{"line":81,"column":16},"end":{"line":81,"column":30}},"44":{"start":{"line":83,"column":16},"end":{"line":83,"column":33}},"45":{"start":{"line":87,"column":8},"end":{"line":87,"column":83}},"46":{"start":{"line":87,"column":49},"end":{"line":87,"column":81}},"47":{"start":{"line":90,"column":8},"end":{"line":94,"column":11}},"48":{"start":{"line":91,"column":25},"end":{"line":91,"column":46}},"49":{"start":{"line":93,"column":12},"end":{"line":93,"column":36}},"50":{"start":{"line":97,"column":19},"end":{"line":97,"column":49}},"51":{"start":{"line":98,"column":8},"end":{"line":101,"column":9}},"52":{"start":{"line":99,"column":12},"end":{"line":99,"column":72}},"53":{"start":{"line":99,"column":48},"end":{"line":99,"column":70}},"54":{"start":{"line":100,"column":12},"end":{"line":100,"column":40}},"55":{"start":{"line":104,"column":21},"end":{"line":104,"column":48}},"56":{"start":{"line":105,"column":8},"end":{"line":108,"column":9}},"57":{"start":{"line":107,"column":12},"end":{"line":107,"column":19}},"58":{"start":{"line":109,"column":8},"end":{"line":154,"column":9}},"59":{"start":{"line":110,"column":12},"end":{"line":149,"column":13}},"60":{"start":{"line":113,"column":20},"end":{"line":113,"column":72}},"61":{"start":{"line":116,"column":20},"end":{"line":116,"column":76}},"62":{"start":{"line":118,"column":20},"end":{"line":118,"column":80}},"63":{"start":{"line":120,"column":20},"end":{"line":120,"column":76}},"64":{"start":{"line":122,"column":20},"end":{"line":122,"column":78}},"65":{"start":{"line":125,"column":20},"end":{"line":125,"column":70}},"66":{"start":{"line":128,"column":20},"end":{"line":128,"column":79}},"67":{"start":{"line":130,"column":20},"end":{"line":130,"column":87}},"68":{"start":{"line":133,"column":20},"end":{"line":133,"column":81}},"69":{"start":{"line":135,"column":20},"end":{"line":135,"column":85}},"70":{"start":{"line":138,"column":20},"end":{"line":138,"column":91}},"71":{"start":{"line":140,"column":20},"end":{"line":140,"column":99}},"72":{"start":{"line":143,"column":20},"end":{"line":143,"column":78}},"73":{"start":{"line":146,"column":20},"end":{"line":146,"column":77}},"74":{"start":{"line":148,"column":20},"end":{"line":148,"column":85}},"75":{"start":{"line":152,"column":33},"end":{"line":152,"column":85}},"76":{"start":{"line":153,"column":12},"end":{"line":153,"column":86}},"77":{"start":{"line":157,"column":19},"end":{"line":162,"column":9}},"78":{"start":{"line":163,"column":8},"end":{"line":163,"column":49}},"79":{"start":{"line":164,"column":8},"end":{"line":164,"column":118}},"80":{"start":{"line":167,"column":18},"end":{"line":167,"column":109}},"81":{"start":{"line":167,"column":65},"end":{"line":167,"column":108}},"82":{"start":{"line":168,"column":8},"end":{"line":174,"column":9}},"83":{"start":{"line":169,"column":12},"end":{"line":169,"column":57}},"84":{"start":{"line":170,"column":12},"end":{"line":170,"column":99}},"85":{"start":{"line":173,"column":12},"end":{"line":173,"column":113}},"86":{"start":{"line":177,"column":19},"end":{"line":177,"column":34}},"87":{"start":{"line":178,"column":8},"end":{"line":183,"column":11}},"88":{"start":{"line":184,"column":8},"end":{"line":184,"column":175}},"89":{"start":{"line":187,"column":24},"end":{"line":187,"column":67}},"90":{"start":{"line":188,"column":21},"end":{"line":188,"column":45}},"91":{"start":{"line":189,"column":8},"end":{"line":195,"column":9}},"92":{"start":{"line":190,"column":28},"end":{"line":190,"column":117}},"93":{"start":{"line":190,"column":62},"end":{"line":190,"column":76}},"94":{"start":{"line":191,"column":12},"end":{"line":191,"column":110}},"95":{"start":{"line":194,"column":12},"end":{"line":194,"column":131}},"96":{"start":{"line":198,"column":18},"end":{"line":198,"column":111}},"97":{"start":{"line":198,"column":67},"end":{"line":198,"column":110}},"98":{"start":{"line":199,"column":8},"end":{"line":205,"column":9}},"99":{"start":{"line":200,"column":12},"end":{"line":200,"column":59}},"100":{"start":{"line":201,"column":12},"end":{"line":201,"column":113}},"101":{"start":{"line":204,"column":12},"end":{"line":204,"column":127}},"102":{"start":{"line":208,"column":30},"end":{"line":210,"column":63}},"103":{"start":{"line":209,"column":25},"end":{"line":209,"column":81}},"104":{"start":{"line":210,"column":25},"end":{"line":210,"column":62}},"105":{"start":{"line":211,"column":8},"end":{"line":213,"column":11}},"106":{"start":{"line":212,"column":12},"end":{"line":212,"column":159}},"107":{"start":{"line":214,"column":8},"end":{"line":214,"column":94}},"108":{"start":{"line":214,"column":66},"end":{"line":214,"column":92}},"109":{"start":{"line":215,"column":8},"end":{"line":215,"column":125}},"110":{"start":{"line":216,"column":8},"end":{"line":216,"column":95}},"111":{"start":{"line":219,"column":18},"end":{"line":219,"column":134}},"112":{"start":{"line":219,"column":55},"end":{"line":219,"column":133}},"113":{"start":{"line":220,"column":8},"end":{"line":229,"column":9}},"114":{"start":{"line":221,"column":23},"end":{"line":221,"column":47}},"115":{"start":{"line":222,"column":28},"end":{"line":222,"column":61}},"116":{"start":{"line":223,"column":12},"end":{"line":223,"column":157}},"117":{"start":{"line":224,"column":12},"end":{"line":224,"column":47}},"118":{"start":{"line":225,"column":12},"end":{"line":225,"column":101}},"119":{"start":{"line":228,"column":12},"end":{"line":228,"column":115}},"120":{"start":{"line":232,"column":24},"end":{"line":232,"column":28}},"121":{"start":{"line":233,"column":26},"end":{"line":233,"column":42}},"122":{"start":{"line":234,"column":8},"end":{"line":244,"column":9}},"123":{"start":{"line":235,"column":28},"end":{"line":235,"column":72}},"124":{"start":{"line":236,"column":12},"end":{"line":236,"column":60}},"125":{"start":{"line":237,"column":12},"end":{"line":243,"column":13}},"126":{"start":{"line":238,"column":16},"end":{"line":238,"column":136}},"127":{"start":{"line":239,"column":16},"end":{"line":239,"column":23}},"128":{"start":{"line":242,"column":16},"end":{"line":242,"column":39}},"129":{"start":{"line":245,"column":19},"end":{"line":252,"column":9}},"130":{"start":{"line":253,"column":8},"end":{"line":253,"column":39}},"131":{"start":{"line":254,"column":8},"end":{"line":254,"column":167}},"132":{"start":{"line":255,"column":8},"end":{"line":255,"column":120}},"133":{"start":{"line":258,"column":34},"end":{"line":260,"column":93}},"134":{"start":{"line":259,"column":25},"end":{"line":259,"column":62}},"135":{"start":{"line":260,"column":25},"end":{"line":260,"column":92}},"136":{"start":{"line":261,"column":29},"end":{"line":265,"column":41}},"137":{"start":{"line":263,"column":12},"end":{"line":263,"column":64}},"138":{"start":{"line":266,"column":8},"end":{"line":278,"column":11}},"139":{"start":{"line":267,"column":12},"end":{"line":277,"column":31}},"140":{"start":{"line":279,"column":8},"end":{"line":279,"column":78}},"141":{"start":{"line":280,"column":8},"end":{"line":280,"column":80}},"142":{"start":{"line":283,"column":31},"end":{"line":283,"column":59}},"143":{"start":{"line":284,"column":8},"end":{"line":295,"column":9}},"144":{"start":{"line":285,"column":12},"end":{"line":291,"column":44}},"145":{"start":{"line":294,"column":12},"end":{"line":294,"column":107}},"146":{"start":{"line":299,"column":27},"end":{"line":299,"column":70}},"147":{"start":{"line":300,"column":8},"end":{"line":302,"column":9}},"148":{"start":{"line":301,"column":12},"end":{"line":301,"column":136}},"149":{"start":{"line":304,"column":27},"end":{"line":304,"column":62}},"150":{"start":{"line":305,"column":8},"end":{"line":305,"column":53}},"151":{"start":{"line":306,"column":8},"end":{"line":306,"column":59}},"152":{"start":{"line":307,"column":8},"end":{"line":307,"column":69}},"153":{"start":{"line":308,"column":8},"end":{"line":308,"column":86}},"154":{"start":{"line":311,"column":27},"end":{"line":311,"column":62}},"155":{"start":{"line":312,"column":31},"end":{"line":312,"column":62}},"156":{"start":{"line":313,"column":8},"end":{"line":316,"column":9}},"157":{"start":{"line":314,"column":12},"end":{"line":314,"column":51}},"158":{"start":{"line":315,"column":12},"end":{"line":315,"column":54}},"159":{"start":{"line":317,"column":8},"end":{"line":317,"column":59}},"160":{"start":{"line":318,"column":8},"end":{"line":318,"column":90}},"161":{"start":{"line":321,"column":19},"end":{"line":321,"column":41}},"162":{"start":{"line":322,"column":22},"end":{"line":322,"column":45}},"163":{"start":{"line":323,"column":8},"end":{"line":331,"column":9}},"164":{"start":{"line":324,"column":12},"end":{"line":329,"column":14}},"165":{"start":{"line":330,"column":12},"end":{"line":330,"column":37}},"166":{"start":{"line":332,"column":8},"end":{"line":337,"column":9}},"167":{"start":{"line":333,"column":12},"end":{"line":333,"column":130}},"168":{"start":{"line":336,"column":12},"end":{"line":336,"column":142}},"169":{"start":{"line":340,"column":29},"end":{"line":340,"column":79}},"170":{"start":{"line":340,"column":52},"end":{"line":340,"column":78}},"171":{"start":{"line":341,"column":8},"end":{"line":347,"column":38}},"172":{"start":{"line":342,"column":49},"end":{"line":346,"column":13}},"173":{"start":{"line":350,"column":24},"end":{"line":350,"column":74}},"174":{"start":{"line":351,"column":8},"end":{"line":364,"column":9}},"175":{"start":{"line":352,"column":12},"end":{"line":352,"column":144}},"176":{"start":{"line":355,"column":23},"end":{"line":361,"column":13}},"177":{"start":{"line":362,"column":12},"end":{"line":362,"column":55}},"178":{"start":{"line":363,"column":12},"end":{"line":363,"column":136}},"179":{"start":{"line":367,"column":8},"end":{"line":386,"column":9}},"180":{"start":{"line":368,"column":24},"end":{"line":378,"column":13}},"181":{"start":{"line":379,"column":12},"end":{"line":379,"column":73}},"182":{"start":{"line":380,"column":12},"end":{"line":385,"column":15}},"183":{"start":{"line":381,"column":36},"end":{"line":381,"column":141}},"184":{"start":{"line":383,"column":16},"end":{"line":383,"column":103}},"185":{"start":{"line":384,"column":16},"end":{"line":384,"column":43}},"186":{"start":{"line":389,"column":0},"end":{"line":389,"column":44}}},"fnMap":{"0":{"name":"(anonymous_0)","decl":{"start":{"line":7,"column":1},"end":{"line":7,"column":2}},"loc":{"start":{"line":7,"column":24},"end":{"line":11,"column":1}},"line":7},"1":{"name":"(anonymous_1)","decl":{"start":{"line":18,"column":4},"end":{"line":18,"column":5}},"loc":{"start":{"line":18,"column":37},"end":{"line":20,"column":5}},"line":18},"2":{"name":"(anonymous_2)","decl":{"start":{"line":21,"column":4},"end":{"line":21,"column":5}},"loc":{"start":{"line":21,"column":15},"end":{"line":21,"column":18}},"line":21},"3":{"name":"(anonymous_3)","decl":{"start":{"line":22,"column":4},"end":{"line":22,"column":5}},"loc":{"start":{"line":22,"column":28},"end":{"line":40,"column":5}},"line":22},"4":{"name":"(anonymous_4)","decl":{"start":{"line":23,"column":59},"end":{"line":23,"column":60}},"loc":{"start":{"line":23,"column":64},"end":{"line":23,"column":90}},"line":23},"5":{"name":"(anonymous_5)","decl":{"start":{"line":25,"column":66},"end":{"line":25,"column":67}},"loc":{"start":{"line":25,"column":71},"end":{"line":25,"column":147}},"line":25},"6":{"name":"(anonymous_6)","decl":{"start":{"line":25,"column":87},"end":{"line":25,"column":88}},"loc":{"start":{"line":25,"column":95},"end":{"line":25,"column":117}},"line":25},"7":{"name":"(anonymous_7)","decl":{"start":{"line":27,"column":45},"end":{"line":27,"column":46}},"loc":{"start":{"line":27,"column":50},"end":{"line":32,"column":9}},"line":27},"8":{"name":"(anonymous_8)","decl":{"start":{"line":33,"column":44},"end":{"line":33,"column":45}},"loc":{"start":{"line":33,"column":52},"end":{"line":35,"column":9}},"line":33},"9":{"name":"(anonymous_9)","decl":{"start":{"line":37,"column":61},"end":{"line":37,"column":62}},"loc":{"start":{"line":37,"column":73},"end":{"line":37,"column":107}},"line":37},"10":{"name":"(anonymous_10)","decl":{"start":{"line":38,"column":85},"end":{"line":38,"column":86}},"loc":{"start":{"line":38,"column":97},"end":{"line":38,"column":131}},"line":38},"11":{"name":"(anonymous_11)","decl":{"start":{"line":39,"column":81},"end":{"line":39,"column":82}},"loc":{"start":{"line":39,"column":93},"end":{"line":39,"column":127}},"line":39},"12":{"name":"(anonymous_12)","decl":{"start":{"line":41,"column":4},"end":{"line":41,"column":5}},"loc":{"start":{"line":41,"column":28},"end":{"line":43,"column":5}},"line":41},"13":{"name":"(anonymous_13)","decl":{"start":{"line":44,"column":4},"end":{"line":44,"column":5}},"loc":{"start":{"line":44,"column":55},"end":{"line":56,"column":5}},"line":44},"14":{"name":"(anonymous_14)","decl":{"start":{"line":57,"column":4},"end":{"line":57,"column":5}},"loc":{"start":{"line":57,"column":23},"end":{"line":62,"column":5}},"line":57},"15":{"name":"(anonymous_15)","decl":{"start":{"line":61,"column":31},"end":{"line":61,"column":32}},"loc":{"start":{"line":61,"column":36},"end":{"line":61,"column":46}},"line":61},"16":{"name":"(anonymous_16)","decl":{"start":{"line":63,"column":4},"end":{"line":63,"column":5}},"loc":{"start":{"line":63,"column":59},"end":{"line":75,"column":5}},"line":63},"17":{"name":"(anonymous_17)","decl":{"start":{"line":76,"column":4},"end":{"line":76,"column":5}},"loc":{"start":{"line":76,"column":37},"end":{"line":85,"column":5}},"line":76},"18":{"name":"(anonymous_18)","decl":{"start":{"line":86,"column":4},"end":{"line":86,"column":5}},"loc":{"start":{"line":86,"column":24},"end":{"line":88,"column":5}},"line":86},"19":{"name":"(anonymous_19)","decl":{"start":{"line":87,"column":44},"end":{"line":87,"column":45}},"loc":{"start":{"line":87,"column":49},"end":{"line":87,"column":81}},"line":87},"20":{"name":"(anonymous_20)","decl":{"start":{"line":89,"column":4},"end":{"line":89,"column":5}},"loc":{"start":{"line":89,"column":45},"end":{"line":95,"column":5}},"line":89},"21":{"name":"(anonymous_21)","decl":{"start":{"line":91,"column":20},"end":{"line":91,"column":21}},"loc":{"start":{"line":91,"column":25},"end":{"line":91,"column":46}},"line":91},"22":{"name":"(anonymous_22)","decl":{"start":{"line":92,"column":21},"end":{"line":92,"column":22}},"loc":{"start":{"line":92,"column":26},"end":{"line":94,"column":9}},"line":92},"23":{"name":"(anonymous_23)","decl":{"start":{"line":96,"column":4},"end":{"line":96,"column":5}},"loc":{"start":{"line":96,"column":43},"end":{"line":102,"column":5}},"line":96},"24":{"name":"(anonymous_24)","decl":{"start":{"line":99,"column":43},"end":{"line":99,"column":44}},"loc":{"start":{"line":99,"column":48},"end":{"line":99,"column":70}},"line":99},"25":{"name":"(anonymous_25)","decl":{"start":{"line":103,"column":4},"end":{"line":103,"column":5}},"loc":{"start":{"line":103,"column":32},"end":{"line":155,"column":5}},"line":103},"26":{"name":"(anonymous_26)","decl":{"start":{"line":156,"column":4},"end":{"line":156,"column":5}},"loc":{"start":{"line":156,"column":50},"end":{"line":165,"column":5}},"line":156},"27":{"name":"(anonymous_27)","decl":{"start":{"line":166,"column":4},"end":{"line":166,"column":5}},"loc":{"start":{"line":166,"column":58},"end":{"line":175,"column":5}},"line":166},"28":{"name":"(anonymous_28)","decl":{"start":{"line":167,"column":60},"end":{"line":167,"column":61}},"loc":{"start":{"line":167,"column":65},"end":{"line":167,"column":108}},"line":167},"29":{"name":"(anonymous_29)","decl":{"start":{"line":176,"column":4},"end":{"line":176,"column":5}},"loc":{"start":{"line":176,"column":54},"end":{"line":185,"column":5}},"line":176},"30":{"name":"(anonymous_30)","decl":{"start":{"line":186,"column":4},"end":{"line":186,"column":5}},"loc":{"start":{"line":186,"column":51},"end":{"line":196,"column":5}},"line":186},"31":{"name":"(anonymous_31)","decl":{"start":{"line":190,"column":57},"end":{"line":190,"column":58}},"loc":{"start":{"line":190,"column":62},"end":{"line":190,"column":76}},"line":190},"32":{"name":"(anonymous_32)","decl":{"start":{"line":197,"column":4},"end":{"line":197,"column":5}},"loc":{"start":{"line":197,"column":72},"end":{"line":206,"column":5}},"line":197},"33":{"name":"(anonymous_33)","decl":{"start":{"line":198,"column":62},"end":{"line":198,"column":63}},"loc":{"start":{"line":198,"column":67},"end":{"line":198,"column":110}},"line":198},"34":{"name":"(anonymous_34)","decl":{"start":{"line":207,"column":4},"end":{"line":207,"column":5}},"loc":{"start":{"line":207,"column":58},"end":{"line":217,"column":5}},"line":207},"35":{"name":"(anonymous_35)","decl":{"start":{"line":209,"column":20},"end":{"line":209,"column":21}},"loc":{"start":{"line":209,"column":25},"end":{"line":209,"column":81}},"line":209},"36":{"name":"(anonymous_36)","decl":{"start":{"line":210,"column":20},"end":{"line":210,"column":21}},"loc":{"start":{"line":210,"column":25},"end":{"line":210,"column":62}},"line":210},"37":{"name":"(anonymous_37)","decl":{"start":{"line":211,"column":30},"end":{"line":211,"column":31}},"loc":{"start":{"line":211,"column":35},"end":{"line":213,"column":9}},"line":211},"38":{"name":"(anonymous_38)","decl":{"start":{"line":214,"column":61},"end":{"line":214,"column":62}},"loc":{"start":{"line":214,"column":66},"end":{"line":214,"column":92}},"line":214},"39":{"name":"(anonymous_39)","decl":{"start":{"line":218,"column":4},"end":{"line":218,"column":5}},"loc":{"start":{"line":218,"column":60},"end":{"line":230,"column":5}},"line":218},"40":{"name":"(anonymous_40)","decl":{"start":{"line":219,"column":50},"end":{"line":219,"column":51}},"loc":{"start":{"line":219,"column":55},"end":{"line":219,"column":133}},"line":219},"41":{"name":"(anonymous_41)","decl":{"start":{"line":231,"column":4},"end":{"line":231,"column":5}},"loc":{"start":{"line":231,"column":52},"end":{"line":256,"column":5}},"line":231},"42":{"name":"(anonymous_42)","decl":{"start":{"line":257,"column":4},"end":{"line":257,"column":5}},"loc":{"start":{"line":257,"column":43},"end":{"line":281,"column":5}},"line":257},"43":{"name":"(anonymous_43)","decl":{"start":{"line":259,"column":20},"end":{"line":259,"column":21}},"loc":{"start":{"line":259,"column":25},"end":{"line":259,"column":62}},"line":259},"44":{"name":"(anonymous_44)","decl":{"start":{"line":260,"column":20},"end":{"line":260,"column":21}},"loc":{"start":{"line":260,"column":25},"end":{"line":260,"column":92}},"line":260},"45":{"name":"(anonymous_45)","decl":{"start":{"line":262,"column":17},"end":{"line":262,"column":18}},"loc":{"start":{"line":262,"column":22},"end":{"line":264,"column":9}},"line":262},"46":{"name":"(anonymous_46)","decl":{"start":{"line":266,"column":29},"end":{"line":266,"column":30}},"loc":{"start":{"line":266,"column":36},"end":{"line":278,"column":9}},"line":266},"47":{"name":"(anonymous_47)","decl":{"start":{"line":282,"column":4},"end":{"line":282,"column":5}},"loc":{"start":{"line":282,"column":51},"end":{"line":296,"column":5}},"line":282},"48":{"name":"(anonymous_48)","decl":{"start":{"line":297,"column":4},"end":{"line":297,"column":5}},"loc":{"start":{"line":297,"column":49},"end":{"line":309,"column":5}},"line":297},"49":{"name":"(anonymous_49)","decl":{"start":{"line":310,"column":4},"end":{"line":310,"column":5}},"loc":{"start":{"line":310,"column":53},"end":{"line":319,"column":5}},"line":310},"50":{"name":"(anonymous_50)","decl":{"start":{"line":320,"column":4},"end":{"line":320,"column":5}},"loc":{"start":{"line":320,"column":45},"end":{"line":338,"column":5}},"line":320},"51":{"name":"(anonymous_51)","decl":{"start":{"line":339,"column":4},"end":{"line":339,"column":5}},"loc":{"start":{"line":339,"column":49},"end":{"line":348,"column":5}},"line":339},"52":{"name":"(anonymous_52)","decl":{"start":{"line":340,"column":47},"end":{"line":340,"column":48}},"loc":{"start":{"line":340,"column":52},"end":{"line":340,"column":78}},"line":340},"53":{"name":"(anonymous_53)","decl":{"start":{"line":342,"column":43},"end":{"line":342,"column":44}},"loc":{"start":{"line":342,"column":49},"end":{"line":346,"column":13}},"line":342},"54":{"name":"(anonymous_54)","decl":{"start":{"line":349,"column":4},"end":{"line":349,"column":5}},"loc":{"start":{"line":349,"column":64},"end":{"line":365,"column":5}},"line":349},"55":{"name":"(anonymous_55)","decl":{"start":{"line":366,"column":4},"end":{"line":366,"column":5}},"loc":{"start":{"line":366,"column":98},"end":{"line":387,"column":5}},"line":366},"56":{"name":"(anonymous_56)","decl":{"start":{"line":381,"column":24},"end":{"line":381,"column":25}},"loc":{"start":{"line":381,"column":36},"end":{"line":381,"column":141}},"line":381},"57":{"name":"(anonymous_57)","decl":{"start":{"line":382,"column":25},"end":{"line":382,"column":26}},"loc":{"start":{"line":382,"column":30},"end":{"line":385,"column":13}},"line":382}},"branchMap":{"0":{"loc":{"start":{"line":11,"column":17},"end":{"line":11,"column":66}},"type":"binary-expr","locations":[{"start":{"line":11,"column":17},"end":{"line":11,"column":36}},{"start":{"line":11,"column":41},"end":{"line":11,"column":65}}],"line":11},"1":{"loc":{"start":{"line":28,"column":120},"end":{"line":28,"column":146}},"type":"binary-expr","locations":[{"start":{"line":28,"column":120},"end":{"line":28,"column":133}},{"start":{"line":28,"column":137},"end":{"line":28,"column":146}}],"line":28},"2":{"loc":{"start":{"line":29,"column":12},"end":{"line":31,"column":13}},"type":"if","locations":[{"start":{"line":29,"column":12},"end":{"line":31,"column":13}},{"start":{},"end":{}}],"line":29},"3":{"loc":{"start":{"line":58,"column":8},"end":{"line":60,"column":9}},"type":"if","locations":[{"start":{"line":58,"column":8},"end":{"line":60,"column":9}},{"start":{},"end":{}}],"line":58},"4":{"loc":{"start":{"line":61,"column":15},"end":{"line":61,"column":55}},"type":"binary-expr","locations":[{"start":{"line":61,"column":15},"end":{"line":61,"column":47}},{"start":{"line":61,"column":51},"end":{"line":61,"column":55}}],"line":61},"5":{"loc":{"start":{"line":77,"column":8},"end":{"line":84,"column":9}},"type":"switch","locations":[{"start":{"line":78,"column":12},"end":{"line":79,"column":29}},{"start":{"line":80,"column":12},"end":{"line":81,"column":30}},{"start":{"line":82,"column":12},"end":{"line":83,"column":33}}],"line":77},"6":{"loc":{"start":{"line":98,"column":8},"end":{"line":101,"column":9}},"type":"if","locations":[{"start":{"line":98,"column":8},"end":{"line":101,"column":9}},{"start":{},"end":{}}],"line":98},"7":{"loc":{"start":{"line":105,"column":8},"end":{"line":108,"column":9}},"type":"if","locations":[{"start":{"line":105,"column":8},"end":{"line":108,"column":9}},{"start":{},"end":{}}],"line":105},"8":{"loc":{"start":{"line":110,"column":12},"end":{"line":149,"column":13}},"type":"switch","locations":[{"start":{"line":112,"column":16},"end":{"line":113,"column":72}},{"start":{"line":115,"column":16},"end":{"line":116,"column":76}},{"start":{"line":117,"column":16},"end":{"line":118,"column":80}},{"start":{"line":119,"column":16},"end":{"line":120,"column":76}},{"start":{"line":121,"column":16},"end":{"line":122,"column":78}},{"start":{"line":124,"column":16},"end":{"line":125,"column":70}},{"start":{"line":127,"column":16},"end":{"line":128,"column":79}},{"start":{"line":129,"column":16},"end":{"line":130,"column":87}},{"start":{"line":132,"column":16},"end":{"line":133,"column":81}},{"start":{"line":134,"column":16},"end":{"line":135,"column":85}},{"start":{"line":137,"column":16},"end":{"line":138,"column":91}},{"start":{"line":139,"column":16},"end":{"line":140,"column":99}},{"start":{"line":142,"column":16},"end":{"line":143,"column":78}},{"start":{"line":145,"column":16},"end":{"line":146,"column":77}},{"start":{"line":147,"column":16},"end":{"line":148,"column":85}}],"line":110},"9":{"loc":{"start":{"line":153,"column":56},"end":{"line":153,"column":70}},"type":"binary-expr","locations":[{"start":{"line":153,"column":56},"end":{"line":153,"column":65}},{"start":{"line":153,"column":69},"end":{"line":153,"column":70}}],"line":153},"10":{"loc":{"start":{"line":159,"column":24},"end":{"line":159,"column":59}},"type":"binary-expr","locations":[{"start":{"line":159,"column":24},"end":{"line":159,"column":39}},{"start":{"line":159,"column":43},"end":{"line":159,"column":59}}],"line":159},"11":{"loc":{"start":{"line":161,"column":23},"end":{"line":161,"column":48}},"type":"binary-expr","locations":[{"start":{"line":161,"column":23},"end":{"line":161,"column":40}},{"start":{"line":161,"column":44},"end":{"line":161,"column":48}}],"line":161},"12":{"loc":{"start":{"line":168,"column":8},"end":{"line":174,"column":9}},"type":"if","locations":[{"start":{"line":168,"column":8},"end":{"line":174,"column":9}},{"start":{"line":172,"column":13},"end":{"line":174,"column":9}}],"line":168},"13":{"loc":{"start":{"line":189,"column":8},"end":{"line":195,"column":9}},"type":"if","locations":[{"start":{"line":189,"column":8},"end":{"line":195,"column":9}},{"start":{"line":193,"column":13},"end":{"line":195,"column":9}}],"line":189},"14":{"loc":{"start":{"line":190,"column":28},"end":{"line":190,"column":117}},"type":"cond-expr","locations":[{"start":{"line":190,"column":36},"end":{"line":190,"column":85}},{"start":{"line":190,"column":90},"end":{"line":190,"column":116}}],"line":190},"15":{"loc":{"start":{"line":190,"column":36},"end":{"line":190,"column":85}},"type":"binary-expr","locations":[{"start":{"line":190,"column":36},"end":{"line":190,"column":77}},{"start":{"line":190,"column":81},"end":{"line":190,"column":85}}],"line":190},"16":{"loc":{"start":{"line":190,"column":90},"end":{"line":190,"column":116}},"type":"binary-expr","locations":[{"start":{"line":190,"column":90},"end":{"line":190,"column":108}},{"start":{"line":190,"column":112},"end":{"line":190,"column":116}}],"line":190},"17":{"loc":{"start":{"line":199,"column":8},"end":{"line":205,"column":9}},"type":"if","locations":[{"start":{"line":199,"column":8},"end":{"line":205,"column":9}},{"start":{"line":203,"column":13},"end":{"line":205,"column":9}}],"line":199},"18":{"loc":{"start":{"line":209,"column":25},"end":{"line":209,"column":81}},"type":"binary-expr","locations":[{"start":{"line":209,"column":25},"end":{"line":209,"column":46}},{"start":{"line":209,"column":50},"end":{"line":209,"column":81}}],"line":209},"19":{"loc":{"start":{"line":212,"column":131},"end":{"line":212,"column":157}},"type":"binary-expr","locations":[{"start":{"line":212,"column":131},"end":{"line":212,"column":144}},{"start":{"line":212,"column":148},"end":{"line":212,"column":157}}],"line":212},"20":{"loc":{"start":{"line":219,"column":55},"end":{"line":219,"column":133}},"type":"binary-expr","locations":[{"start":{"line":219,"column":55},"end":{"line":219,"column":98}},{"start":{"line":219,"column":102},"end":{"line":219,"column":133}}],"line":219},"21":{"loc":{"start":{"line":220,"column":8},"end":{"line":229,"column":9}},"type":"if","locations":[{"start":{"line":220,"column":8},"end":{"line":229,"column":9}},{"start":{"line":227,"column":13},"end":{"line":229,"column":9}}],"line":220},"22":{"loc":{"start":{"line":223,"column":52},"end":{"line":223,"column":71}},"type":"binary-expr","locations":[{"start":{"line":223,"column":52},"end":{"line":223,"column":63}},{"start":{"line":223,"column":67},"end":{"line":223,"column":71}}],"line":223},"23":{"loc":{"start":{"line":223,"column":128},"end":{"line":223,"column":155}},"type":"binary-expr","locations":[{"start":{"line":223,"column":128},"end":{"line":223,"column":142}},{"start":{"line":223,"column":146},"end":{"line":223,"column":155}}],"line":223},"24":{"loc":{"start":{"line":234,"column":8},"end":{"line":244,"column":9}},"type":"if","locations":[{"start":{"line":234,"column":8},"end":{"line":244,"column":9}},{"start":{},"end":{}}],"line":234},"25":{"loc":{"start":{"line":236,"column":26},"end":{"line":236,"column":59}},"type":"binary-expr","locations":[{"start":{"line":236,"column":26},"end":{"line":236,"column":39}},{"start":{"line":236,"column":43},"end":{"line":236,"column":59}}],"line":236},"26":{"loc":{"start":{"line":237,"column":12},"end":{"line":243,"column":13}},"type":"if","locations":[{"start":{"line":237,"column":12},"end":{"line":243,"column":13}},{"start":{"line":241,"column":17},"end":{"line":243,"column":13}}],"line":237},"27":{"loc":{"start":{"line":247,"column":24},"end":{"line":247,"column":59}},"type":"binary-expr","locations":[{"start":{"line":247,"column":24},"end":{"line":247,"column":39}},{"start":{"line":247,"column":43},"end":{"line":247,"column":59}}],"line":247},"28":{"loc":{"start":{"line":254,"column":128},"end":{"line":254,"column":165}},"type":"binary-expr","locations":[{"start":{"line":254,"column":128},"end":{"line":254,"column":152}},{"start":{"line":254,"column":156},"end":{"line":254,"column":165}}],"line":254},"29":{"loc":{"start":{"line":260,"column":25},"end":{"line":260,"column":92}},"type":"binary-expr","locations":[{"start":{"line":260,"column":25},"end":{"line":260,"column":46}},{"start":{"line":260,"column":50},"end":{"line":260,"column":92}}],"line":260},"30":{"loc":{"start":{"line":284,"column":8},"end":{"line":295,"column":9}},"type":"if","locations":[{"start":{"line":284,"column":8},"end":{"line":295,"column":9}},{"start":{"line":293,"column":13},"end":{"line":295,"column":9}}],"line":284},"31":{"loc":{"start":{"line":300,"column":8},"end":{"line":302,"column":9}},"type":"if","locations":[{"start":{"line":300,"column":8},"end":{"line":302,"column":9}},{"start":{},"end":{}}],"line":300},"32":{"loc":{"start":{"line":300,"column":12},"end":{"line":300,"column":69}},"type":"binary-expr","locations":[{"start":{"line":300,"column":12},"end":{"line":300,"column":30}},{"start":{"line":300,"column":34},"end":{"line":300,"column":69}}],"line":300},"33":{"loc":{"start":{"line":304,"column":27},"end":{"line":304,"column":62}},"type":"binary-expr","locations":[{"start":{"line":304,"column":27},"end":{"line":304,"column":42}},{"start":{"line":304,"column":46},"end":{"line":304,"column":62}}],"line":304},"34":{"loc":{"start":{"line":311,"column":27},"end":{"line":311,"column":62}},"type":"binary-expr","locations":[{"start":{"line":311,"column":27},"end":{"line":311,"column":42}},{"start":{"line":311,"column":46},"end":{"line":311,"column":62}}],"line":311},"35":{"loc":{"start":{"line":313,"column":8},"end":{"line":316,"column":9}},"type":"if","locations":[{"start":{"line":313,"column":8},"end":{"line":316,"column":9}},{"start":{},"end":{}}],"line":313},"36":{"loc":{"start":{"line":323,"column":8},"end":{"line":331,"column":9}},"type":"if","locations":[{"start":{"line":323,"column":8},"end":{"line":331,"column":9}},{"start":{},"end":{}}],"line":323},"37":{"loc":{"start":{"line":332,"column":8},"end":{"line":337,"column":9}},"type":"if","locations":[{"start":{"line":332,"column":8},"end":{"line":337,"column":9}},{"start":{"line":335,"column":13},"end":{"line":337,"column":9}}],"line":332},"38":{"loc":{"start":{"line":351,"column":8},"end":{"line":364,"column":9}},"type":"if","locations":[{"start":{"line":351,"column":8},"end":{"line":364,"column":9}},{"start":{"line":354,"column":13},"end":{"line":364,"column":9}}],"line":351},"39":{"loc":{"start":{"line":351,"column":12},"end":{"line":351,"column":66}},"type":"binary-expr","locations":[{"start":{"line":351,"column":12},"end":{"line":351,"column":27}},{"start":{"line":351,"column":31},"end":{"line":351,"column":66}}],"line":351},"40":{"loc":{"start":{"line":367,"column":8},"end":{"line":386,"column":9}},"type":"if","locations":[{"start":{"line":367,"column":8},"end":{"line":386,"column":9}},{"start":{},"end":{}}],"line":367},"41":{"loc":{"start":{"line":381,"column":36},"end":{"line":381,"column":141}},"type":"binary-expr","locations":[{"start":{"line":381,"column":36},"end":{"line":381,"column":74}},{"start":{"line":381,"column":79},"end":{"line":381,"column":110}},{"start":{"line":381,"column":114},"end":{"line":381,"column":140}}],"line":381}},"s":{"0":1,"1":1,"2":1,"3":1,"4":1,"5":1,"6":1,"7":1,"8":176,"9":176,"10":176,"11":176,"12":176,"13":176,"14":6,"15":2,"16":6,"17":2,"18":5,"19":6,"20":6,"21":1,"22":1,"23":1,"24":6,"25":1,"26":6,"27":2,"28":6,"29":2,"30":6,"31":0,"32":2,"33":11,"34":11,"35":64,"36":1,"37":63,"38":124,"39":0,"40":0,"41":16,"42":0,"43":4,"44":12,"45":11,"46":2,"47":11,"48":2,"49":2,"50":17,"51":17,"52":17,"53":2,"54":17,"55":260,"56":260,"57":1,"58":259,"59":259,"60":2,"61":1,"62":1,"63":12,"64":2,"65":17,"66":19,"67":6,"68":12,"69":1,"70":7,"71":1,"72":7,"73":2,"74":3,"75":0,"76":0,"77":2,"78":2,"79":2,"80":3,"81":2,"82":3,"83":2,"84":2,"85":1,"86":12,"87":12,"88":12,"89":7,"90":7,"91":7,"92":7,"93":6,"94":7,"95":0,"96":1,"97":1,"98":1,"99":1,"100":1,"101":0,"102":1,"103":1,"104":1,"105":1,"106":1,"107":1,"108":1,"109":1,"110":1,"111":6,"112":5,"113":6,"114":3,"115":3,"116":3,"117":3,"118":3,"119":3,"120":19,"121":19,"122":19,"123":16,"124":16,"125":16,"126":1,"127":1,"128":15,"129":18,"130":18,"131":18,"132":18,"133":17,"134":11,"135":8,"136":17,"137":8,"138":17,"139":8,"140":17,"141":17,"142":2,"143":2,"144":1,"145":1,"146":12,"147":12,"148":2,"149":10,"150":10,"151":10,"152":10,"153":10,"154":1,"155":1,"156":1,"157":1,"158":1,"159":1,"160":1,"161":2,"162":2,"163":2,"164":1,"165":1,"166":2,"167":1,"168":1,"169":1,"170":3,"171":1,"172":3,"173":7,"174":7,"175":0,"176":7,"177":7,"178":7,"179":25,"180":21,"181":21,"182":21,"183":14,"184":6,"185":6,"186":1},"f":{"0":1,"1":176,"2":3,"3":6,"4":2,"5":2,"6":5,"7":1,"8":1,"9":2,"10":2,"11":0,"12":2,"13":11,"14":64,"15":124,"16":0,"17":16,"18":11,"19":2,"20":11,"21":2,"22":2,"23":17,"24":2,"25":260,"26":2,"27":3,"28":2,"29":12,"30":7,"31":6,"32":1,"33":1,"34":1,"35":1,"36":1,"37":1,"38":1,"39":6,"40":5,"41":19,"42":17,"43":11,"44":8,"45":8,"46":8,"47":2,"48":12,"49":1,"50":2,"51":1,"52":3,"53":3,"54":7,"55":25,"56":14,"57":6},"b":{"0":[1,1],"1":[1,0],"2":[1,0],"3":[1,63],"4":[63,3],"5":[0,4,12],"6":[17,0],"7":[1,259],"8":[2,1,1,12,2,17,19,6,12,1,7,1,7,2,3],"9":[0,0],"10":[2,0],"11":[2,1],"12":[2,1],"13":[7,0],"14":[5,2],"15":[5,2],"16":[2,1],"17":[1,0],"18":[1,1],"19":[1,0],"20":[5,4],"21":[3,3],"22":[3,1],"23":[3,0],"24":[16,3],"25":[16,1],"26":[1,15],"27":[18,0],"28":[18,5],"29":[8,5],"30":[1,1],"31":[2,10],"32":[12,11],"33":[10,0],"34":[1,0],"35":[1,0],"36":[1,1],"37":[1,1],"38":[0,7],"39":[7,7],"40":[21,4],"41":[14,14,8]},"inputSourceMap":{"version":3,"file":"/Users/rob/Documents/finos/fdc3-general/FDC3/toolbox/fdc3-for-web/fdc3-web-impl/src/handlers/BroadcastHandler.ts","sources":["/Users/rob/Documents/finos/fdc3-general/FDC3/toolbox/fdc3-for-web/fdc3-web-impl/src/handlers/BroadcastHandler.ts"],"names":[],"mappings":";;;AAEA,wDAA8G;AAC9G,uCAA0F;AAuD1F,IAAY,WAIX;AAJD,WAAY,WAAW;IACrB,6CAAM,CAAA;IACN,2CAAK,CAAA;IACL,mDAAS,CAAA;AACX,CAAC,EAJW,WAAW,GAAX,mBAAW,KAAX,mBAAW,QAItB;AASD,MAAa,gBAAgB;IACnB,gBAAgB,GAAkC,EAAE,CAAC;IACrD,4BAA4B,GAAkC,EAAE,CAAC;IACjE,0BAA0B,GAAgC,EAAE,CAAC;IACpD,KAAK,GAAmB,EAAE,CAAC;IAC3B,cAAc,GAA2C,EAAE,CAAC;IAE7E,YAAY,mBAAmC;QAC7C,IAAI,CAAC,KAAK,GAAG,mBAAmB,CAAC;IACnC,CAAC;IAED,QAAQ,KAAU,CAAC;IAEnB,OAAO,CAAC,UAAsB,EAAE,EAAkC;QAChE,MAAM,aAAa,GAAG,IAAI,CAAC,gBAAgB,CAAC,MAAM,CAAC,CAAC,CAAC,EAAE,CAAC,CAAC,CAAC,UAAU,IAAI,UAAU,CAAC,CAAC;QAEpF,mCAAmC;QACnC,MAAM,4BAA4B,GAAG,aAAa,CAAC,MAAM,CACvD,CAAC,CAAC,EAAE,CAAC,IAAI,CAAC,KAAK,CAAC,IAAI,CAAC,IAAI,CAAC,EAAE,CAAC,IAAI,CAAC,EAAE,IAAI,CAAC,CAAC,SAAS,CAAC,EAAE,IAAI,IAAI,WAAW,CAAC,OAAO,CAClF,CAAC;QAEF,MAAM,2BAA2B,GAAG,IAAI,GAAG,EAAU,CAAC;QACtD,4BAA4B,CAAC,OAAO,CAAC,CAAC,CAAC,EAAE;YACvC,IAAI,CAAC,kCAAkC,CACrC,CAAC,CAAC,SAAS,EACX,aAAa,EACb,kCAAkC,EAClC,EAAE,EACF,CAAC,CAAC,WAAW,IAAI,SAAS,CAC3B,CAAC;YACF,IAAI,CAAC,CAAC,SAAS,EAAE;gBACf,2BAA2B,CAAC,GAAG,CAAC,CAAC,CAAC,SAAS,CAAC,CAAC;aAC9C;QACH,CAAC,CAAC,CAAC;QAEH,2BAA2B,CAAC,OAAO,CAAC,IAAI,CAAC,EAAE;YACzC,IAAI,CAAC,kCAAkC,CAAC,IAAI,EAAE,YAAY,EAAE,iCAAiC,EAAE,EAAE,CAAC,CAAC;QACrG,CAAC,CAAC,CAAC;QAEH,wBAAwB;QACxB,IAAI,CAAC,gBAAgB,GAAG,IAAI,CAAC,gBAAgB,CAAC,MAAM,CAAC,QAAQ,CAAC,EAAE,CAAC,QAAQ,CAAC,UAAU,KAAK,UAAU,CAAC,CAAC;QACrG,IAAI,CAAC,4BAA4B,GAAG,IAAI,CAAC,4BAA4B,CAAC,MAAM,CAC1E,QAAQ,CAAC,EAAE,CAAC,QAAQ,CAAC,UAAU,KAAK,UAAU,CAC/C,CAAC;QACF,IAAI,CAAC,0BAA0B,GAAG,IAAI,CAAC,0BAA0B,CAAC,MAAM,CACtE,QAAQ,CAAC,EAAE,CAAC,QAAQ,CAAC,UAAU,KAAK,UAAU,CAC/C,CAAC;IACJ,CAAC;IAED,iBAAiB,CAAC,IAAuB;QACvC,OAAO,IAAI,CAAC,cAAc,CAAC,IAAI,CAAC,UAAU,CAAC,CAAC;IAC9C,CAAC;IAED,uBAAuB,CAAC,SAAwB,EAAE,EAAkC,EAAE,UAAkB;QACtG,MAAM,KAAK,GAAwB;YACjC,IAAI,EAAE;gBACJ,SAAS,EAAE,EAAE,CAAC,UAAU,EAAE;gBAC1B,SAAS,EAAE,IAAI,IAAI,EAAE;aACtB;YACD,IAAI,EAAE,qBAAqB;YAC3B,OAAO,EAAE;gBACP,YAAY,EAAE,SAAS;aACxB;SACF,CAAC;QAEF,EAAE,CAAC,IAAI,CAAC,KAAK,EAAE,UAAU,CAAC,CAAC;IAC7B,CAAC;IAED,cAAc,CAAC,EAAiB;QAC9B,IAAI,EAAE,IAAI,IAAI,EAAE;YACd,OAAO,IAAI,CAAC;SACb;QACD,OAAO,IAAI,CAAC,KAAK,CAAC,IAAI,CAAC,CAAC,CAAC,EAAE,CAAC,CAAC,CAAC,EAAE,IAAI,EAAE,CAAC,IAAI,IAAI,CAAC;IAClD,CAAC;IAED,2BAA2B,CAAC,SAAwB,EAAE,EAAkC,EAAE,UAAkB;QAC1G,MAAM,KAAK,GAAwB;YACjC,IAAI,EAAE;gBACJ,SAAS,EAAE,EAAE,CAAC,UAAU,EAAE;gBAC1B,SAAS,EAAE,IAAI,IAAI,EAAE;aACtB;YACD,IAAI,EAAE,qBAAqB;YAC3B,OAAO,EAAE;gBACP,YAAY,EAAE,SAAS;aACxB;SACF,CAAC;QAEF,EAAE,CAAC,IAAI,CAAC,KAAK,EAAE,UAAU,CAAC,CAAC;IAC7B,CAAC;IACD,0BAA0B,CAAC,IAAiB;QAC1C,QAAQ,IAAI,EAAE;YACZ,KAAK,WAAW,CAAC,GAAG;gBAClB,OAAO,KAAK,CAAC;YACf,KAAK,WAAW,CAAC,IAAI;gBACnB,OAAO,MAAM,CAAC;YAChB,KAAK,WAAW,CAAC,OAAO;gBACtB,OAAO,SAAS,CAAC;SACpB;IACH,CAAC;IAED,YAAY,CAAC,KAAoB;QAC/B,OAAO,IAAI,CAAC,gBAAgB,CAAC,MAAM,CAAC,CAAC,CAAC,EAAE,CAAC,CAAC,CAAC,UAAU,IAAI,KAAK,CAAC,UAAU,CAAC,CAAC;IAC7E,CAAC;IAED,wBAAwB,CAAC,GAAkB,EAAE,SAAwB;QACnE,IAAI,CAAC,YAAY,CAAC,GAAG,CAAC;aACnB,MAAM,CAAC,CAAC,CAAC,EAAE,CAAC,CAAC,CAAC,mBAAmB,CAAC;aAClC,OAAO,CAAC,CAAC,CAAC,EAAE;YACX,CAAC,CAAC,SAAS,GAAG,SAAS,CAAC;QAC1B,CAAC,CAAC,CAAC;IACP,CAAC;IAED,kBAAkB,CAAC,SAAiB,EAAE,OAAgB;QACpD,MAAM,EAAE,GAAG,IAAI,CAAC,cAAc,CAAC,SAAS,CAAC,CAAC;QAC1C,IAAI,EAAE,EAAE;YACN,EAAE,CAAC,OAAO,GAAG,EAAE,CAAC,OAAO,CAAC,MAAM,CAAC,CAAC,CAAC,EAAE,CAAC,CAAC,CAAC,IAAI,IAAI,OAAO,CAAC,IAAI,CAAC,CAAC;YAC5D,EAAE,CAAC,OAAO,CAAC,OAAO,CAAC,OAAO,CAAC,CAAC;SAC7B;IACH,CAAC;IAED,KAAK,CAAC,MAAM,CAAC,GAAsB,EAAE,EAAkC,EAAE,IAAgB;QACvF,MAAM,IAAI,GAAG,EAAE,CAAC,kBAAkB,CAAC,IAAI,CAAC,CAAC;QAEzC,IAAI,IAAI,IAAI,IAAI,EAAE;YAChB,8CAA8C;YAC9C,OAAO;SACR;QAED,IAAI;YACF,QAAQ,GAAG,CAAC,IAAqB,EAAE;gBACjC,4BAA4B;gBAC5B,KAAK,2BAA2B;oBAC9B,OAAO,IAAI,CAAC,wBAAwB,CAAC,GAAgC,EAAE,EAAE,EAAE,IAAI,CAAC,CAAC;gBAEnF,0BAA0B;gBAC1B,KAAK,wBAAwB;oBAC3B,OAAO,IAAI,CAAC,4BAA4B,CAAC,GAA6B,EAAE,EAAE,EAAE,IAAI,CAAC,CAAC;gBACpF,KAAK,4BAA4B;oBAC/B,OAAO,IAAI,CAAC,gCAAgC,CAAC,GAAiC,EAAE,EAAE,EAAE,IAAI,CAAC,CAAC;gBAC5F,KAAK,wBAAwB;oBAC3B,OAAO,IAAI,CAAC,4BAA4B,CAAC,GAA6B,EAAE,EAAE,EAAE,IAAI,CAAC,CAAC;gBACpF,KAAK,0BAA0B;oBAC7B,OAAO,IAAI,CAAC,8BAA8B,CAAC,GAA+B,EAAE,EAAE,EAAE,IAAI,CAAC,CAAC;gBAExF,oBAAoB;gBACpB,KAAK,kBAAkB;oBACrB,OAAO,IAAI,CAAC,sBAAsB,CAAC,GAAuB,EAAE,EAAE,EAAE,IAAI,CAAC,CAAC;gBAExE,oBAAoB;gBACpB,KAAK,2BAA2B;oBAC9B,OAAO,IAAI,CAAC,+BAA+B,CAAC,GAAgC,EAAE,EAAE,EAAE,IAAI,CAAC,CAAC;gBAC1F,KAAK,mCAAmC;oBACtC,OAAO,IAAI,CAAC,uCAAuC,CAAC,GAAwC,EAAE,EAAE,EAAE,IAAI,CAAC,CAAC;gBAE1G,qCAAqC;gBACrC,KAAK,6BAA6B;oBAChC,OAAO,IAAI,CAAC,iCAAiC,CAAC,GAAkC,EAAE,EAAE,EAAE,IAAI,CAAC,CAAC;gBAC9F,KAAK,iCAAiC;oBACpC,OAAO,IAAI,CAAC,qCAAqC,CAAC,GAAsC,EAAE,EAAE,EAAE,IAAI,CAAC,CAAC;gBAEtG,kCAAkC;gBAClC,KAAK,uCAAuC;oBAC1C,OAAO,IAAI,CAAC,2CAA2C,CACrD,GAA4C,EAC5C,IAAI,EACJ,EAAE,CACH,CAAC;gBACJ,KAAK,+CAA+C;oBAClD,OAAO,IAAI,CAAC,mDAAmD,CAC7D,GAAoD,EACpD,EAAE,EACF,IAAI,CACL,CAAC;gBAEJ,6CAA6C;gBAC7C,KAAK,0BAA0B;oBAC7B,OAAO,IAAI,CAAC,8BAA8B,CAAC,GAA+B,EAAE,EAAE,EAAE,IAAI,CAAC,CAAC;gBAExF,0EAA0E;gBAC1E,KAAK,yBAAyB;oBAC5B,OAAO,IAAI,CAAC,6BAA6B,CAAC,GAA8B,EAAE,EAAE,EAAE,IAAI,CAAC,CAAC;gBACtF,KAAK,iCAAiC;oBACpC,OAAO,IAAI,CAAC,qCAAqC,CAAC,GAAsC,EAAE,EAAE,EAAE,IAAI,CAAC,CAAC;aACvG;SACF;QAAC,OAAO,CAAC,EAAE;YACV,MAAM,YAAY,GAAG,GAAG,CAAC,IAAI,CAAC,OAAO,CAAC,IAAI,MAAM,CAAC,UAAU,CAAC,EAAE,UAAU,CAAC,CAAC;YAC1E,IAAA,uBAAa,EAAC,EAAE,EAAE,GAAG,EAAE,IAAI,EAAG,CAAW,CAAC,OAAO,IAAI,CAAC,EAAE,YAA4C,CAAC,CAAC;SACvG;IACH,CAAC;IAED,6BAA6B,CAC3B,IAA6B,EAC7B,EAAkC,EAClC,IAAuB;QAEvB,MAAM,EAAE,GAA8B;YACpC,KAAK,EAAE,IAAI,CAAC,KAAK;YACjB,UAAU,EAAE,IAAI,CAAC,UAAU,IAAI,gBAAgB;YAC/C,YAAY,EAAE,EAAE,CAAC,UAAU,EAAE;YAC7B,SAAS,EAAE,IAAI,CAAC,OAAO,CAAC,IAAI,IAAI,IAAI;SACrC,CAAC;QAEF,IAAI,CAAC,0BAA0B,CAAC,IAAI,CAAC,EAAE,CAAC,CAAC;QACzC,IAAA,yBAAe,EAAC,EAAE,EAAE,IAAI,EAAE,IAAI,EAAE,EAAE,YAAY,EAAE,EAAE,CAAC,YAAY,EAAE,EAAE,0BAA0B,CAAC,CAAC;IACjG,CAAC;IAED,qCAAqC,CACnC,IAAqC,EACrC,EAAkC,EAClC,IAAuB;QAEvB,MAAM,CAAC,GAAG,IAAI,CAAC,0BAA0B,CAAC,SAAS,CAAC,CAAC,CAAC,EAAE,CAAC,CAAC,CAAC,YAAY,IAAI,IAAI,CAAC,OAAO,CAAC,YAAY,CAAC,CAAC;QACtG,IAAI,CAAC,GAAG,CAAC,CAAC,EAAE;YACV,IAAI,CAAC,0BAA0B,CAAC,MAAM,CAAC,CAAC,EAAE,CAAC,CAAC,CAAC;YAC7C,IAAA,yBAAe,EAAC,EAAE,EAAE,IAAI,EAAE,IAAI,EAAE,EAAE,EAAE,kCAAkC,CAAC,CAAC;SACzE;aAAM;YACL,IAAA,uBAAa,EAAC,EAAE,EAAE,IAAI,EAAE,IAAI,EAAE,kBAAkB,EAAE,kCAAkC,CAAC,CAAC;SACvF;IACH,CAAC;IAED,iCAAiC,CAC/B,IAAiC,EACjC,EAAkC,EAClC,IAAuB;QAEvB,MAAM,EAAE,GAAG,EAAE,CAAC,UAAU,EAAE,CAAC;QAC3B,IAAI,CAAC,KAAK,CAAC,IAAI,CAAC;YACd,EAAE;YACF,IAAI,EAAE,WAAW,CAAC,OAAO;YACzB,OAAO,EAAE,EAAE;YACX,eAAe,EAAE,EAAE;SACpB,CAAC,CAAC;QAEH,IAAA,yBAAe,EACb,EAAE,EACF,IAAI,EACJ,IAAI,EACJ,EAAE,cAAc,EAAE,EAAE,EAAE,EAAE,IAAI,EAAE,IAAI,CAAC,0BAA0B,CAAC,WAAW,CAAC,OAAO,CAAC,EAAE,EAAE,EACtF,8BAA8B,CAC/B,CAAC;IACJ,CAAC;IAED,8BAA8B,CAC5B,IAA8B,EAC9B,EAAkC,EAClC,IAAuB;QAEvB,MAAM,OAAO,GAAG,IAAI,CAAC,cAAc,CAAC,IAAI,CAAC,OAAO,CAAC,SAAS,CAAC,CAAC;QAC5D,MAAM,IAAI,GAAG,IAAI,CAAC,OAAO,CAAC,WAAW,CAAC;QAEtC,IAAI,OAAO,EAAE;YACX,MAAM,OAAO,GAAG,IAAI,CAAC,CAAC,CAAC,CAAC,OAAO,CAAC,OAAO,CAAC,IAAI,CAAC,CAAC,CAAC,EAAE,CAAC,CAAC,CAAC,IAAI,IAAI,IAAI,CAAC,IAAI,IAAI,CAAC,CAAC,CAAC,CAAC,CAAC,OAAO,CAAC,OAAO,CAAC,CAAC,CAAC,IAAI,IAAI,CAAC,CAAC;YAC1G,IAAA,yBAAe,EAAC,EAAE,EAAE,IAAI,EAAE,IAAI,EAAE,EAAE,OAAO,EAAE,OAAO,EAAE,EAAE,2BAA2B,CAAC,CAAC;SACpF;aAAM;YACL,IAAA,uBAAa,EAAC,EAAE,EAAE,IAAI,EAAE,IAAI,EAAE,4BAAY,CAAC,cAAc,EAAE,2BAA2B,CAAC,CAAC;SACzF;IACH,CAAC;IAED,mDAAmD,CACjD,IAAmD,EACnD,EAAkC,EAClC,IAAuB;QAEvB,MAAM,CAAC,GAAG,IAAI,CAAC,4BAA4B,CAAC,SAAS,CAAC,CAAC,CAAC,EAAE,CAAC,CAAC,CAAC,YAAY,IAAI,IAAI,CAAC,OAAO,CAAC,YAAY,CAAC,CAAC;QACxG,IAAI,CAAC,GAAG,CAAC,CAAC,EAAE;YACV,IAAI,CAAC,4BAA4B,CAAC,MAAM,CAAC,CAAC,EAAE,CAAC,CAAC,CAAC;YAC/C,IAAA,yBAAe,EAAC,EAAE,EAAE,IAAI,EAAE,IAAI,EAAE,EAAE,EAAE,gDAAgD,CAAC,CAAC;SACvF;aAAM;YACL,IAAA,uBAAa,EAAC,EAAE,EAAE,IAAI,EAAE,IAAI,EAAE,kBAAkB,EAAE,gDAAgD,CAAC,CAAC;SACrG;IACH,CAAC;IAED,qCAAqC,CACnC,IAAqC,EACrC,EAAkC,EAClC,IAAuB;QAEvB,MAAM,aAAa,GAAG,IAAI,CAAC,gBAAgB;aACxC,MAAM,CAAC,CAAC,CAAC,EAAE,CAAC,CAAC,CAAC,KAAK,IAAI,IAAI,CAAC,KAAK,IAAI,CAAC,CAAC,UAAU,IAAI,IAAI,CAAC,UAAU,CAAC;aACrE,MAAM,CAAC,CAAC,CAAC,EAAE,CAAC,CAAC,CAAC,SAAS,IAAI,IAAI,CAAC,OAAO,CAAC,SAAS,CAAC,CAAC;QAEtD,aAAa,CAAC,OAAO,CAAC,CAAC,CAAC,EAAE;YACxB,IAAI,CAAC,kCAAkC,CACrC,IAAI,CAAC,OAAO,CAAC,SAAS,EACtB,aAAa,EACb,kCAAkC,EAClC,EAAE,EACF,CAAC,CAAC,WAAW,IAAI,SAAS,CAC3B,CAAC;QACJ,CAAC,CAAC,CAAC;QAEH,IAAI,CAAC,gBAAgB,GAAG,IAAI,CAAC,gBAAgB,CAAC,MAAM,CAAC,CAAC,CAAC,EAAE,CAAC,CAAC,aAAa,CAAC,QAAQ,CAAC,CAAC,CAAC,CAAC,CAAC;QACtF,IAAI,CAAC,kCAAkC,CACrC,IAAI,CAAC,OAAO,CAAC,SAAS,EACtB,YAAY,EACZ,iCAAiC,EACjC,EAAE,CACH,CAAC;QACF,IAAA,yBAAe,EAAC,EAAE,EAAE,IAAI,EAAE,IAAI,EAAE,EAAE,EAAE,kCAAkC,CAAC,CAAC;IAC1E,CAAC;IAED,uCAAuC,CACrC,IAAuC,EACvC,EAAkC,EAClC,IAAuB;QAEvB,MAAM,CAAC,GAAG,IAAI,CAAC,gBAAgB,CAAC,SAAS,CACvC,CAAC,CAAC,EAAE,CAAC,CAAC,CAAC,YAAY,IAAI,IAAI,CAAC,OAAO,CAAC,YAAY,IAAI,CAAC,CAAC,UAAU,IAAI,IAAI,CAAC,UAAU,CACpF,CAAC;QAEF,IAAI,CAAC,GAAG,CAAC,CAAC,EAAE;YACV,MAAM,EAAE,GAAG,IAAI,CAAC,gBAAgB,CAAC,CAAC,CAAC,CAAC;YACpC,MAAM,OAAO,GAAG,IAAI,CAAC,cAAc,CAAC,EAAE,CAAC,SAAS,CAAC,CAAC;YAClD,IAAI,CAAC,kCAAkC,CACrC,OAAO,EAAE,EAAE,IAAI,IAAI,EACnB,aAAa,EACb,kCAAkC,EAClC,EAAE,EACF,EAAE,CAAC,WAAW,IAAI,SAAS,CAC5B,CAAC;YACF,IAAI,CAAC,gBAAgB,CAAC,MAAM,CAAC,CAAC,EAAE,CAAC,CAAC,CAAC;YACnC,IAAA,yBAAe,EAAC,EAAE,EAAE,IAAI,EAAE,IAAI,EAAE,EAAE,EAAE,oCAAoC,CAAC,CAAC;SAC3E;aAAM;YACL,IAAA,uBAAa,EAAC,EAAE,EAAE,IAAI,EAAE,IAAI,EAAE,kBAAkB,EAAE,oCAAoC,CAAC,CAAC;SACzF;IACH,CAAC;IAED,+BAA+B,CAC7B,IAA+B,EAC/B,EAAkC,EAClC,IAAuB;QAEvB,IAAI,SAAS,GAAG,IAAI,CAAC;QACrB,IAAI,WAAW,GAAG,WAAW,CAAC,IAAI,CAAC;QAEnC,IAAI,IAAI,CAAC,OAAO,EAAE,SAAS,EAAE;YAC3B,MAAM,OAAO,GAAG,IAAI,CAAC,cAAc,CAAC,IAAI,CAAC,OAAO,EAAE,SAAS,CAAC,CAAC;YAC7D,WAAW,GAAG,OAAO,EAAE,IAAI,IAAI,WAAW,CAAC,IAAI,CAAC;YAEhD,IAAI,OAAO,IAAI,IAAI,EAAE;gBACnB,IAAA,uBAAa,EAAC,EAAE,EAAE,IAAI,EAAE,IAAI,EAAE,4BAAY,CAAC,cAAc,EAAE,4BAA4B,CAAC,CAAC;gBACzF,OAAO;aACR;iBAAM;gBACL,SAAS,GAAG,OAAO,CAAC,EAAE,CAAC;aACxB;SACF;QAED,MAAM,EAAE,GAAgC;YACtC,KAAK,EAAE,IAAI,CAAC,KAAK;YACjB,UAAU,EAAE,IAAI,CAAC,UAAU,IAAI,gBAAgB;YAC/C,SAAS,EAAE,SAAS;YACpB,YAAY,EAAE,EAAE,CAAC,UAAU,EAAE;YAC7B,WAAW,EAAE,IAAI,CAAC,OAAO,CAAC,WAAW;YACrC,mBAAmB,EAAE,WAAW,IAAI,WAAW,CAAC,IAAI;SACrD,CAAC;QAEF,IAAI,CAAC,gBAAgB,CAAC,IAAI,CAAC,EAAE,CAAC,CAAC;QAC/B,IAAI,CAAC,kCAAkC,CACrC,SAAS,EACT,oBAAoB,EACpB,yCAAyC,EACzC,EAAE,EACF,IAAI,CAAC,OAAO,CAAC,WAAW,IAAI,SAAS,CACtC,CAAC;QACF,IAAA,yBAAe,EAAC,EAAE,EAAE,IAAI,EAAE,IAAI,EAAE,EAAE,YAAY,EAAE,EAAE,CAAC,YAAY,EAAE,EAAE,4BAA4B,CAAC,CAAC;IACnG,CAAC;IAED,sBAAsB,CAAC,IAAsB,EAAE,EAAkC,EAAE,IAAuB;QACxG,MAAM,iBAAiB,GAAG,IAAI,CAAC,gBAAgB;aAC5C,MAAM,CAAC,CAAC,CAAC,EAAE,CAAC,CAAC,CAAC,SAAS,IAAI,IAAI,CAAC,OAAO,CAAC,SAAS,CAAC;aAClD,MAAM,CAAC,CAAC,CAAC,EAAE,CAAC,CAAC,CAAC,WAAW,IAAI,IAAI,IAAI,CAAC,CAAC,WAAW,IAAI,IAAI,CAAC,OAAO,CAAC,OAAO,CAAC,IAAI,CAAC,CAAC;QAEpF,MAAM,YAAY,GAAwB,iBAAiB;aACxD,GAAG,CAAC,CAAC,CAAC,EAAE;YACP,OAAO,EAAE,KAAK,EAAE,CAAC,CAAC,KAAK,EAAE,UAAU,EAAE,CAAC,CAAC,UAAU,EAAE,CAAC;QACtD,CAAC,CAAC;aACD,MAAM,CAAC,oBAAU,CAAC,CAAC;QAEtB,YAAY,CAAC,OAAO,CAAC,GAAG,CAAC,EAAE;YACzB,EAAE,CAAC,IAAI,CACL;gBACE,IAAI,EAAE;oBACJ,SAAS,EAAE,EAAE,CAAC,UAAU,EAAE;oBAC1B,SAAS,EAAE,IAAI,IAAI,EAAE;iBACtB;gBACD,IAAI,EAAE,gBAAgB;gBACtB,OAAO,EAAE;oBACP,SAAS,EAAE,IAAI,CAAC,OAAO,CAAC,SAAS;oBACjC,OAAO,EAAE,IAAI,CAAC,OAAO,CAAC,OAAO;iBAC9B;aACF,EACD,GAAG,CAAC,UAAU,CACf,CAAC;QACJ,CAAC,CAAC,CAAC;QAEH,IAAI,CAAC,kBAAkB,CAAC,IAAI,CAAC,OAAO,CAAC,SAAS,EAAE,IAAI,CAAC,OAAO,CAAC,OAAO,CAAC,CAAC;QACtE,IAAA,yBAAe,EAAC,EAAE,EAAE,IAAI,EAAE,IAAI,EAAE,EAAE,EAAE,mBAAmB,CAAC,CAAC;IAC3D,CAAC;IAED,8BAA8B,CAC5B,IAA8B,EAC9B,EAAkC,EAClC,IAAuB;QAEvB,MAAM,cAAc,GAAG,IAAI,CAAC,iBAAiB,CAAC,IAAI,CAAC,CAAC;QACpD,IAAI,cAAc,EAAE;YAClB,IAAA,yBAAe,EACb,EAAE,EACF,IAAI,EACJ,IAAI,EACJ;gBACE,OAAO,EAAE;oBACP,EAAE,EAAE,cAAc,CAAC,EAAE;oBACrB,IAAI,EAAE,IAAI,CAAC,0BAA0B,CAAC,cAAc,CAAC,IAAI,CAAC;oBAC1D,eAAe,EAAE,cAAc,CAAC,eAAe;iBAChD;aACF,EACD,2BAA2B,CAC5B,CAAC;SACH;aAAM;YACL,IAAA,yBAAe,EAAC,EAAE,EAAE,IAAI,EAAE,IAAI,EAAE,EAAE,OAAO,EAAE,IAAI,EAAE,EAAE,2BAA2B,CAAC,CAAC;SACjF;IACH,CAAC;IAED,4BAA4B,CAC1B,IAA4B,EAC5B,EAAkC,EAClC,IAAuB;QAEvB,4BAA4B;QAC5B,MAAM,UAAU,GAAG,IAAI,CAAC,cAAc,CAAC,IAAI,CAAC,OAAO,CAAC,SAAS,CAAC,CAAC;QAC/D,IAAI,UAAU,IAAI,IAAI,IAAI,UAAU,CAAC,IAAI,IAAI,WAAW,CAAC,IAAI,EAAE;YAC7D,OAAO,IAAA,uBAAa,EAAC,EAAE,EAAE,IAAI,EAAE,IAAI,EAAE,4BAAY,CAAC,cAAc,EAAE,yBAAyB,CAAC,CAAC;SAC9F;QAED,WAAW;QACX,MAAM,UAAU,GAAG,IAAI,CAAC,UAAU,IAAI,gBAAgB,CAAC;QACvD,IAAI,CAAC,cAAc,CAAC,UAAU,CAAC,GAAG,UAAU,CAAC;QAC7C,IAAI,CAAC,wBAAwB,CAAC,IAAI,EAAE,UAAU,CAAC,EAAE,CAAC,CAAC;QACnD,IAAI,CAAC,uBAAuB,CAAC,UAAU,EAAE,EAAE,EAAE,EAAE,EAAE,UAAU,CAAC,CAAC;QAC7D,IAAA,yBAAe,EAAC,EAAE,EAAE,IAAI,EAAE,IAAI,EAAE,EAAE,EAAE,yBAAyB,CAAC,CAAC;IACjE,CAAC;IAED,gCAAgC,CAC9B,IAAgC,EAChC,EAAkC,EAClC,IAAuB;QAEvB,MAAM,UAAU,GAAG,IAAI,CAAC,UAAU,IAAI,gBAAgB,CAAC;QACvD,MAAM,cAAc,GAAG,IAAI,CAAC,cAAc,CAAC,UAAU,CAAC,CAAC;QACvD,IAAI,cAAc,EAAE;YAClB,OAAO,IAAI,CAAC,cAAc,CAAC,UAAU,CAAC,CAAC;YACvC,IAAI,CAAC,wBAAwB,CAAC,IAAI,EAAE,IAAI,CAAC,CAAC;SAC3C;QAED,IAAI,CAAC,uBAAuB,CAAC,IAAI,EAAE,EAAE,EAAE,UAAU,CAAC,CAAC;QACnD,IAAA,yBAAe,EAAC,EAAE,EAAE,IAAI,EAAE,IAAI,EAAE,EAAE,EAAE,6BAA6B,CAAC,CAAC;IACrE,CAAC;IAED,wBAAwB,CACtB,IAA+B,EAC/B,EAAkC,EAClC,IAAuB;QAEvB,MAAM,EAAE,GAAG,IAAI,CAAC,OAAO,CAAC,SAAS,CAAC;QAClC,IAAI,OAAO,GAAG,IAAI,CAAC,cAAc,CAAC,EAAE,CAAC,CAAC;QAEtC,IAAI,CAAC,OAAO,EAAE;YACZ,OAAO,GAAG;gBACR,EAAE,EAAE,EAAE;gBACN,IAAI,EAAE,WAAW,CAAC,GAAG;gBACrB,OAAO,EAAE,EAAE;gBACX,eAAe,EAAE,EAAE;aACpB,CAAC;YACF,IAAI,CAAC,KAAK,CAAC,IAAI,CAAC,OAAO,CAAC,CAAC;SAC1B;QAED,IAAI,OAAO,CAAC,IAAI,IAAI,WAAW,CAAC,GAAG,EAAE;YACnC,IAAA,uBAAa,EAAC,EAAE,EAAE,IAAI,EAAE,IAAI,EAAE,4BAAY,CAAC,YAAY,EAAE,4BAA4B,CAAC,CAAC;SACxF;aAAM;YACL,IAAA,yBAAe,EACb,EAAE,EACF,IAAI,EACJ,IAAI,EACJ,EAAE,OAAO,EAAE,EAAE,EAAE,EAAE,OAAO,CAAC,EAAE,EAAE,IAAI,EAAE,OAAO,CAAC,IAAI,EAAE,EAAE,EACnD,4BAA4B,CAC7B,CAAC;SACH;IACH,CAAC;IAED,4BAA4B,CAC1B,IAA4B,EAC5B,EAAkC,EAClC,IAAuB;QAEvB,MAAM,YAAY,GAAG,IAAI,CAAC,KAAK,CAAC,MAAM,CAAC,CAAC,CAAC,EAAE,CAAC,CAAC,CAAC,IAAI,IAAI,WAAW,CAAC,IAAI,CAAC,CAAC;QACxE,IAAA,yBAAe,EACb,EAAE,EACF,IAAI,EACJ,IAAI,EACJ;YACE,YAAY,EAAE,YAAY,CAAC,GAAG,CAAC,CAAC,CAAC,EAAE,CAAC,CAAC;gBACnC,EAAE,EAAE,CAAC,CAAC,EAAE;gBACR,IAAI,EAAE,IAAI,CAAC,0BAA0B,CAAC,CAAC,CAAC,IAAI,CAAC;gBAC7C,eAAe,EAAE,CAAC,CAAC,eAAe;aACnC,CAAC,CAAC;SACJ,EACD,yBAAyB,CAC1B,CAAC;IACJ,CAAC;IAED,2CAA2C,CACzC,IAA2C,EAC3C,IAAuB,EACvB,EAAkC;QAElC,MAAM,OAAO,GAAG,IAAI,CAAC,cAAc,CAAC,IAAI,CAAC,OAAO,CAAC,gBAAgB,CAAC,CAAC;QAEnE,IAAI,OAAO,IAAI,IAAI,IAAI,OAAO,CAAC,IAAI,IAAI,WAAW,CAAC,OAAO,EAAE;YAC1D,IAAA,uBAAa,EAAC,EAAE,EAAE,IAAI,EAAE,IAAI,EAAE,4BAAY,CAAC,cAAc,EAAE,wCAAwC,CAAC,CAAC;SACtG;aAAM;YACL,MAAM,EAAE,GAAG;gBACT,KAAK,EAAE,IAAI,CAAC,KAAK;gBACjB,UAAU,EAAE,IAAI,CAAC,UAAU;gBAC3B,SAAS,EAAE,IAAI,CAAC,OAAO,CAAC,gBAAgB;gBACxC,SAAS,EAAE,IAAI,CAAC,OAAO,CAAC,YAAY;gBACpC,YAAY,EAAE,EAAE,CAAC,UAAU,EAAE;aACC,CAAC;YACjC,IAAI,CAAC,4BAA4B,CAAC,IAAI,CAAC,EAAE,CAAC,CAAC;YAC3C,IAAA,yBAAe,EAAC,EAAE,EAAE,IAAI,EAAE,IAAI,EAAE,EAAE,YAAY,EAAE,EAAE,CAAC,YAAY,EAAE,EAAE,wCAAwC,CAAC,CAAC;SAC9G;IACH,CAAC;IAED,kCAAkC,CAChC,gBAA+B,EAC/B,SAAmC,EACnC,WAGqC,EACrC,EAAkC,EAClC,WAAoB;QAEpB,IAAI,gBAAgB,EAAE;YACpB,MAAM,GAAG,GAAyB;gBAChC,IAAI,EAAE,WAAW;gBACjB,IAAI,EAAE;oBACJ,SAAS,EAAE,EAAE,CAAC,UAAU,EAAE;oBAC1B,SAAS,EAAE,IAAI,IAAI,EAAE;iBACtB;gBACD,OAAO,EAAE;oBACP,gBAAgB;oBAChB,WAAW,EAAE,WAAW;iBACzB;aACsB,CAAC,CAAC,8GAA8G;YAEzI,OAAO,CAAC,GAAG,CAAC,0CAA0C,EAAE,GAAG,CAAC,CAAC;YAC7D,IAAI,CAAC,4BAA4B;iBAC9B,MAAM,CACL,QAAQ,CAAC,EAAE,CACT,QAAQ,CAAC,SAAS,IAAI,gBAAgB,IAAI,CAAC,QAAQ,CAAC,SAAS,IAAI,SAAS,IAAI,QAAQ,CAAC,SAAS,IAAI,IAAI,CAAC,CAC5G;iBACA,OAAO,CAAC,CAAC,CAAC,EAAE;gBACX,OAAO,CAAC,GAAG,CAAC,2DAA2D,CAAC,CAAC,UAAU,EAAE,CAAC,CAAC;gBACvF,EAAE,CAAC,IAAI,CAAC,GAAG,EAAE,CAAC,CAAC,UAAU,CAAC,CAAC;YAC7B,CAAC,CAAC,CAAC;SACN;IACH,CAAC;CACF;AAxjBD,4CAwjBC","sourcesContent":["import { MessageHandler } from '../BasicFDC3Server';\nimport { AppRegistration, InstanceID, ServerContext } from '../ServerContext';\nimport { AppIdentifier, ChannelError, DisplayMetadata, PrivateChannelEventTypes } from '@finos/fdc3-standard';\nimport { successResponse, errorResponse, FullAppIdentifier, onlyUnique } from './support';\nimport {\n  AddContextListenerRequest,\n  AddEventListenerRequest,\n  AgentResponseMessage,\n  AppRequestMessage,\n  BroadcastRequest,\n  ChannelChangedEvent,\n  ContextListenerUnsubscribeRequest,\n  CreatePrivateChannelRequest,\n  EventListenerUnsubscribeRequest,\n  GetCurrentChannelRequest,\n  GetCurrentContextRequest,\n  GetOrCreateChannelRequest,\n  GetUserChannelsRequest,\n  JoinUserChannelRequest,\n  LeaveCurrentChannelRequest,\n  PrivateChannelAddEventListenerRequest,\n  PrivateChannelDisconnectRequest,\n  PrivateChannelOnAddContextListenerEvent,\n  PrivateChannelOnDisconnectEvent,\n  PrivateChannelOnUnsubscribeEvent,\n  PrivateChannelUnsubscribeEventListenerRequest,\n} from '@finos/fdc3-schema/dist/generated/api/BrowserTypes';\nimport { Context } from '@finos/fdc3-context';\n\ntype PrivateChannelEvents =\n  | PrivateChannelOnAddContextListenerEvent\n  | PrivateChannelOnUnsubscribeEvent\n  | PrivateChannelOnDisconnectEvent;\n\ntype ContextListenerRegistration = {\n  appId: string;\n  instanceId: string;\n  listenerUuid: string;\n  channelId: string | null;\n  contextType: string | null;\n  userChannelListener: boolean;\n};\n\ntype PrivateChannelEventListener = {\n  appId: string;\n  instanceId: string;\n  channelId: string;\n  eventType: PrivateChannelEventTypes | null;\n  listenerUuid: string;\n};\n\ntype DesktopAgentEventListener = {\n  appId: string;\n  instanceId: string;\n  eventType: string | null;\n  listenerUuid: string;\n};\n\nexport enum ChannelType {\n  'user',\n  'app',\n  'private',\n}\n\nexport type ChannelState = {\n  id: string;\n  type: ChannelType;\n  context: Context[];\n  displayMetadata: DisplayMetadata;\n};\n\nexport class BroadcastHandler implements MessageHandler {\n  private contextListeners: ContextListenerRegistration[] = [];\n  private privateChannelEventListeners: PrivateChannelEventListener[] = [];\n  private desktopAgentEventListeners: DesktopAgentEventListener[] = [];\n  private readonly state: ChannelState[] = [];\n  private readonly currentChannel: { [instanceId: string]: ChannelState } = {};\n\n  constructor(initialChannelState: ChannelState[]) {\n    this.state = initialChannelState;\n  }\n\n  shutdown(): void {}\n\n  cleanup(instanceId: InstanceID, sc: ServerContext<AppRegistration>): void {\n    const toUnsubscribe = this.contextListeners.filter(r => r.instanceId == instanceId);\n\n    //handle privateChannel disconnects\n    const privateChannelsToUnsubscribe = toUnsubscribe.filter(\n      u => this.state.find(chan => chan.id == u.channelId)?.type == ChannelType.private\n    );\n\n    const privateChannelsToDisconnect = new Set<string>();\n    privateChannelsToUnsubscribe.forEach(u => {\n      this.invokePrivateChannelEventListeners(\n        u.channelId,\n        'unsubscribe',\n        'privateChannelOnUnsubscribeEvent',\n        sc,\n        u.contextType ?? undefined\n      );\n      if (u.channelId) {\n        privateChannelsToDisconnect.add(u.channelId);\n      }\n    });\n\n    privateChannelsToDisconnect.forEach(chan => {\n      this.invokePrivateChannelEventListeners(chan, 'disconnect', 'privateChannelOnDisconnectEvent', sc);\n    });\n\n    //clean up state entries\n    this.contextListeners = this.contextListeners.filter(listener => listener.instanceId !== instanceId);\n    this.privateChannelEventListeners = this.privateChannelEventListeners.filter(\n      listener => listener.instanceId !== instanceId\n    );\n    this.desktopAgentEventListeners = this.desktopAgentEventListeners.filter(\n      listener => listener.instanceId !== instanceId\n    );\n  }\n\n  getCurrentChannel(from: FullAppIdentifier): ChannelState | null {\n    return this.currentChannel[from.instanceId];\n  }\n\n  fireChannelChangedEvent(channelId: string | null, sc: ServerContext<AppRegistration>, instanceId: string) {\n    const event: ChannelChangedEvent = {\n      meta: {\n        eventUuid: sc.createUUID(),\n        timestamp: new Date(),\n      },\n      type: 'channelChangedEvent',\n      payload: {\n        newChannelId: channelId,\n      },\n    };\n\n    sc.post(event, instanceId);\n  }\n\n  getChannelById(id: string | null): ChannelState | null {\n    if (id == null) {\n      return null;\n    }\n    return this.state.find(c => c.id == id) ?? null;\n  }\n\n  fireUserChannelChangedEvent(channelId: string | null, sc: ServerContext<AppRegistration>, instanceId: string) {\n    const event: ChannelChangedEvent = {\n      meta: {\n        eventUuid: sc.createUUID(),\n        timestamp: new Date(),\n      },\n      type: 'channelChangedEvent',\n      payload: {\n        newChannelId: channelId,\n      },\n    };\n\n    sc.post(event, instanceId);\n  }\n  convertChannelTypeToString(type: ChannelType): string {\n    switch (type) {\n      case ChannelType.app:\n        return 'app';\n      case ChannelType.user:\n        return 'user';\n      case ChannelType.private:\n        return 'private';\n    }\n  }\n\n  getListeners(appId: AppIdentifier) {\n    return this.contextListeners.filter(r => r.instanceId == appId.instanceId);\n  }\n\n  moveUserChannelListeners(app: AppIdentifier, channelId: string | null) {\n    this.getListeners(app)\n      .filter(l => l.userChannelListener)\n      .forEach(l => {\n        l.channelId = channelId;\n      });\n  }\n\n  updateChannelState(channelId: string, context: Context) {\n    const cs = this.getChannelById(channelId);\n    if (cs) {\n      cs.context = cs.context.filter(c => c.type != context.type);\n      cs.context.unshift(context);\n    }\n  }\n\n  async accept(msg: AppRequestMessage, sc: ServerContext<AppRegistration>, uuid: InstanceID) {\n    const from = sc.getInstanceDetails(uuid);\n\n    if (from == null) {\n      // this handler only deals with connected apps\n      return;\n    }\n\n    try {\n      switch (msg.type as string | null) {\n        // app channels registration\n        case 'getOrCreateChannelRequest':\n          return this.handleGetOrCreateRequest(msg as GetOrCreateChannelRequest, sc, from);\n\n        // user channel management\n        case 'getUserChannelsRequest':\n          return this.handleGetUserChannelsRequest(msg as GetUserChannelsRequest, sc, from);\n        case 'leaveCurrentChannelRequest':\n          return this.handleLeaveCurrentChannelRequest(msg as LeaveCurrentChannelRequest, sc, from);\n        case 'joinUserChannelRequest':\n          return this.handleJoinUserChannelRequest(msg as JoinUserChannelRequest, sc, from);\n        case 'getCurrentChannelRequest':\n          return this.handleGetCurrentChannelRequest(msg as GetCurrentChannelRequest, sc, from);\n\n        // general broadcast\n        case 'broadcastRequest':\n          return this.handleBroadcastRequest(msg as BroadcastRequest, sc, from);\n\n        // context listeners\n        case 'addContextListenerRequest':\n          return this.handleAddContextListenerRequest(msg as AddContextListenerRequest, sc, from);\n        case 'contextListenerUnsubscribeRequest':\n          return this.handleContextListenerUnsubscribeRequest(msg as ContextListenerUnsubscribeRequest, sc, from);\n\n        // private channels create/disconnect\n        case 'createPrivateChannelRequest':\n          return this.handleCreatePrivateChannelRequest(msg as CreatePrivateChannelRequest, sc, from);\n        case 'privateChannelDisconnectRequest':\n          return this.handlePrivateChannelDisconnectRequest(msg as PrivateChannelDisconnectRequest, sc, from);\n\n        // private channel event listeners\n        case 'privateChannelAddEventListenerRequest':\n          return this.handlePrivateChannelAddEventListenerRequest(\n            msg as PrivateChannelAddEventListenerRequest,\n            from,\n            sc\n          );\n        case 'privateChannelUnsubscribeEventListenerRequest':\n          return this.handlePrivateChannelUnsubscribeEventListenerRequest(\n            msg as PrivateChannelUnsubscribeEventListenerRequest,\n            sc,\n            from\n          );\n\n        // handling state synchronization of channels\n        case 'getCurrentContextRequest':\n          return this.handleGetCurrentContextRequest(msg as GetCurrentContextRequest, sc, from);\n\n        // TODO: move this out when we no longer handle just channel-based events.\n        case 'addEventListenerRequest':\n          return this.handleAddEventListenerRequest(msg as AddEventListenerRequest, sc, from);\n        case 'eventListenerUnsubscribeRequest':\n          return this.handleEventListenerUnsubscribeRequest(msg as EventListenerUnsubscribeRequest, sc, from);\n      }\n    } catch (e) {\n      const responseType = msg.type.replace(new RegExp('Request$'), 'Response');\n      errorResponse(sc, msg, from, (e as Error).message ?? e, responseType as AgentResponseMessage['type']);\n    }\n  }\n\n  handleAddEventListenerRequest(\n    arg0: AddEventListenerRequest,\n    sc: ServerContext<AppRegistration>,\n    from: FullAppIdentifier\n  ) {\n    const lr: DesktopAgentEventListener = {\n      appId: from.appId,\n      instanceId: from.instanceId ?? 'no-instance-id',\n      listenerUuid: sc.createUUID(),\n      eventType: arg0.payload.type ?? null,\n    };\n\n    this.desktopAgentEventListeners.push(lr);\n    successResponse(sc, arg0, from, { listenerUUID: lr.listenerUuid }, 'addEventListenerResponse');\n  }\n\n  handleEventListenerUnsubscribeRequest(\n    arg0: EventListenerUnsubscribeRequest,\n    sc: ServerContext<AppRegistration>,\n    from: FullAppIdentifier\n  ) {\n    const i = this.desktopAgentEventListeners.findIndex(r => r.listenerUuid == arg0.payload.listenerUUID);\n    if (i > -1) {\n      this.desktopAgentEventListeners.splice(i, 1);\n      successResponse(sc, arg0, from, {}, 'eventListenerUnsubscribeResponse');\n    } else {\n      errorResponse(sc, arg0, from, 'ListenerNotFound', 'eventListenerUnsubscribeResponse');\n    }\n  }\n\n  handleCreatePrivateChannelRequest(\n    arg0: CreatePrivateChannelRequest,\n    sc: ServerContext<AppRegistration>,\n    from: FullAppIdentifier\n  ) {\n    const id = sc.createUUID();\n    this.state.push({\n      id,\n      type: ChannelType.private,\n      context: [],\n      displayMetadata: {},\n    });\n\n    successResponse(\n      sc,\n      arg0,\n      from,\n      { privateChannel: { id, type: this.convertChannelTypeToString(ChannelType.private) } },\n      'createPrivateChannelResponse'\n    );\n  }\n\n  handleGetCurrentContextRequest(\n    arg0: GetCurrentContextRequest,\n    sc: ServerContext<AppRegistration>,\n    from: FullAppIdentifier\n  ) {\n    const channel = this.getChannelById(arg0.payload.channelId);\n    const type = arg0.payload.contextType;\n\n    if (channel) {\n      const context = type ? (channel.context.find(c => c.type == type) ?? null) : (channel.context[0] ?? null);\n      successResponse(sc, arg0, from, { context: context }, 'getCurrentContextResponse');\n    } else {\n      errorResponse(sc, arg0, from, ChannelError.NoChannelFound, 'getCurrentContextResponse');\n    }\n  }\n\n  handlePrivateChannelUnsubscribeEventListenerRequest(\n    arg0: PrivateChannelUnsubscribeEventListenerRequest,\n    sc: ServerContext<AppRegistration>,\n    from: FullAppIdentifier\n  ) {\n    const i = this.privateChannelEventListeners.findIndex(r => r.listenerUuid == arg0.payload.listenerUUID);\n    if (i > -1) {\n      this.privateChannelEventListeners.splice(i, 1);\n      successResponse(sc, arg0, from, {}, 'privateChannelUnsubscribeEventListenerResponse');\n    } else {\n      errorResponse(sc, arg0, from, 'ListenerNotFound', 'privateChannelUnsubscribeEventListenerResponse');\n    }\n  }\n\n  handlePrivateChannelDisconnectRequest(\n    arg0: PrivateChannelDisconnectRequest,\n    sc: ServerContext<AppRegistration>,\n    from: FullAppIdentifier\n  ) {\n    const toUnsubscribe = this.contextListeners\n      .filter(r => r.appId == from.appId && r.instanceId == from.instanceId)\n      .filter(r => r.channelId == arg0.payload.channelId);\n\n    toUnsubscribe.forEach(u => {\n      this.invokePrivateChannelEventListeners(\n        arg0.payload.channelId,\n        'unsubscribe',\n        'privateChannelOnUnsubscribeEvent',\n        sc,\n        u.contextType ?? undefined\n     
[...]
AAC,GAAG,CAAC,UAAU,EAAE,qBAAK,CAAC,UAAU,CAAC,CAAC;yBAClD;6BAAM;4BACL,YAAY;yBACb;qBACF;yBAAM;wBACL,kBAAkB;wBAClB,IAAI,CAAC,cAAc,CAAC,GAAG,CAAC,GAAG,CAAC,UAAU,EAAE,GAAG,CAAC,CAAC;qBAC9C;gBACH,CAAC,CAAC,CAAC;YACP,CAAC,CAAC,CAAC;QACL,CAAC,EAAE,YAAY,CAAC,CAAC;IACnB,CAAC;IAED,6DAA6D;IAC7D,OAAO,CAAC,WAAuB,EAAE,GAAmC;QAClE,yDAAyD;IAC3D,CAAC;IAED,cAAc;QACZ,MAAM,GAAG,GAAG,IAAI,IAAI,EAAE,CAAC,OAAO,EAAE,CAAC;QACjC,OAAO,KAAK,CAAC,IAAI,CAAC,IAAI,CAAC,cAAc,CAAC;aACnC,GAAG,CAAC,CAAC,CAAC,EAAE;YACP,OAAO;gBACL,UAAU,EAAE,CAAC,CAAC,CAAC,CAAC;gBAChB,IAAI,EAAE,GAAG,GAAG,CAAC,CAAC,CAAC,CAAC;gBAChB,KAAK,EAAE,aAAa,CAAC,IAAI,CAAC,QAAQ,CAAC,GAAG,CAAC,EAAE,CAAC,EAAE,CAAC,EAAE,CAAC,kBAAkB,CAAC,CAAC,CAAC,CAAC,CAAC,CAAC,CAAC,CAAC,MAAM,CAAC,CAAC,CAAC,EAAE,CAAC,EAAE,EAAE,CAAC,CAAC,IAAI,CAAC,CAAC,EAAE,KAAK,CAAC;aACvF,CAAC;QACxB,CAAC,CAAC;aACD,MAAM,CAAC,CAAC,CAAC,EAAE,CAAC,CAAC,CAAC,KAAK,IAAI,YAAY,CAAC,CAAC;IAC1C,CAAC;IAED,QAAQ;QACN,aAAa,CAAC,IAAI,CAAC,aAAa,CAAC,CAAC;IACpC,CAAC;IAED,KAAK,CAAC,MAAM,CACV,GAAsD,EACtD,EAAkC,EAClC,IAAgB;QAEhB,IAAI,CAAC,IAAI,CAAC,QAAQ,CAAC,QAAQ,CAAC,EAAE,CAAC,EAAE;YAC/B,IAAI,CAAC,QAAQ,CAAC,IAAI,CAAC,EAAE,CAAC,CAAC;SACxB;QAED,IAAI,GAAG,CAAC,IAAI,IAAI,iCAAiC,EAAE;YACjD,MAAM,GAAG,GAAG,EAAE,CAAC,kBAAkB,CAAC,IAAI,CAAC,CAAC;YACxC,IAAI,GAAG,EAAE;gBACP,IAAI,CAAC,cAAc,CAAC,GAAG,CAAC,GAAG,CAAC,UAAU,EAAE,IAAI,IAAI,EAAE,CAAC,OAAO,EAAE,CAAC,CAAC;aAC/D;SACF;QAED,IAAI,GAAG,CAAC,IAAI,IAAI,aAAa,EAAE;YAC7B,MAAM,GAAG,GAAG,EAAE,CAAC,kBAAkB,CAAC,IAAI,CAAC,CAAC;YACxC,IAAI,GAAG,EAAE;gBACP,EAAE,CAAC,WAAW,CAAC,IAAI,EAAE,qBAAK,CAAC,UAAU,CAAC,CAAC;aACxC;SACF;IACH,CAAC;IAED,KAAK,CAAC,aAAa,CAAC,EAAkC,EAAE,GAAsB;QAC5E,MAAM,KAAK,GAAmB;YAC5B,IAAI,EAAE,gBAAgB;YACtB,IAAI,EAAE;gBACJ,SAAS,EAAE,IAAI,IAAI,EAAE;gBACrB,SAAS,EAAE,EAAE,CAAC,UAAU,EAAE;aAC3B;YACD,OAAO,EAAE,EAAE;SACZ,CAAC;QACF,EAAE,CAAC,IAAI,CAAC,KAAK,EAAE,GAAG,CAAC,UAAU,CAAC,CAAC;IACjC,CAAC;CACF;AA1GD,4CA0GC","sourcesContent":["import { MessageHandler } from '../BasicFDC3Server';\nimport { AppRegistration, InstanceID, ServerContext, State } from '../ServerContext';\nimport {\n  AppRequestMessage,\n  HeartbeatEvent,\n  WebConnectionProtocol6Goodbye,\n} from '@finos/fdc3-schema/dist/generated/api/BrowserTypes';\nimport { FullAppIdentifier } from './support';\n\ntype HeartbeatDetails = {\n  instanceId: string;\n  time: number;\n  state: string;\n};\n\nfunction convertToText(s?: State): string {\n  if (s == undefined) {\n    return 'Unknown';\n  } else {\n    switch (s) {\n      case State.Pending:\n        return 'Pending';\n      case State.Connected:\n        return 'Connected';\n      case State.NotResponding:\n        return 'Not Responding';\n      case State.Terminated:\n        return 'Terminated';\n    }\n  }\n}\n\n/*\n * Handles heartbeat pings and responses\n */\nexport class HeartbeatHandler implements MessageHandler {\n  private readonly contexts: ServerContext<AppRegistration>[] = [];\n  private readonly lastHeartbeats: Map<InstanceID, number> = new Map();\n  private readonly timerFunction: NodeJS.Timeout;\n\n  constructor(pingInterval: number = 1000, disconnectedAfter: number = 5000, deadAfter: number = 20000) {\n    this.timerFunction = setInterval(() => {\n      this.contexts.forEach(async sc => {\n        const apps = await sc.getAllApps();\n        apps\n          .filter(app => app.state == State.Connected || app.state == State.NotResponding)\n          .forEach(app => {\n            const now = new Date().getTime();\n            this.sendHeartbeat(sc, app);\n\n            // check when the last heartbeat happened\n            const lastHeartbeat = this.lastHeartbeats.get(app.instanceId);\n            const currentState = app.state;\n\n            if (lastHeartbeat != undefined) {\n              const timeSinceLastHeartbeat = now - lastHeartbeat;\n\n              if (timeSinceLastHeartbeat < disconnectedAfter && currentState != State.Connected) {\n                console.error(\n                  `Heartbeat from ${app.instanceId} for ${timeSinceLastHeartbeat}ms. App is considered connected.`\n                );\n                sc.setAppState(app.instanceId, State.Connected);\n              } else if (timeSinceLastHeartbeat > disconnectedAfter && currentState == State.Connected) {\n                console.error(\n                  `No heartbeat from ${app.instanceId} for ${timeSinceLastHeartbeat}ms. App is considered not responding.`\n                );\n                sc.setAppState(app.instanceId, State.NotResponding);\n              } else if (timeSinceLastHeartbeat > deadAfter && currentState == State.NotResponding) {\n                console.error(\n                  `No heartbeat from ${app.instanceId} for ${timeSinceLastHeartbeat}ms. App is considered terminated.`\n                );\n                sc.setAppState(app.instanceId, State.Terminated);\n              } else {\n                // no action\n              }\n            } else {\n              // start the clock\n              this.lastHeartbeats.set(app.instanceId, now);\n            }\n          });\n      });\n    }, pingInterval);\n  }\n\n  // eslint-disable-next-line @typescript-eslint/no-unused-vars\n  cleanup(_instanceId: InstanceID, _sc: ServerContext<AppRegistration>): void {\n    //TODO: Consider whether to clean-up last heartbeat times\n  }\n\n  heartbeatTimes(): HeartbeatDetails[] {\n    const now = new Date().getTime();\n    return Array.from(this.lastHeartbeats)\n      .map(e => {\n        return {\n          instanceId: e[0],\n          time: now - e[1],\n          state: convertToText(this.contexts.map(sc => sc.getInstanceDetails(e[0])).reduce((a, b) => a || b)?.state),\n        } as HeartbeatDetails;\n      })\n      .filter(e => e.state != 'Terminated');\n  }\n\n  shutdown(): void {\n    clearInterval(this.timerFunction);\n  }\n\n  async accept(\n    msg: AppRequestMessage | WebConnectionProtocol6Goodbye,\n    sc: ServerContext<AppRegistration>,\n    from: InstanceID\n  ): Promise<void> {\n    if (!this.contexts.includes(sc)) {\n      this.contexts.push(sc);\n    }\n\n    if (msg.type == 'heartbeatAcknowledgementRequest') {\n      const app = sc.getInstanceDetails(from);\n      if (app) {\n        this.lastHeartbeats.set(app.instanceId, new Date().getTime());\n      }\n    }\n\n    if (msg.type == 'WCP6Goodbye') {\n      const app = sc.getInstanceDetails(from);\n      if (app) {\n        sc.setAppState(from, State.Terminated);\n      }\n    }\n  }\n\n  async sendHeartbeat(sc: ServerContext<AppRegistration>, app: FullAppIdentifier): Promise<void> {\n    const event: HeartbeatEvent = {\n      type: 'heartbeatEvent',\n      meta: {\n        timestamp: new Date(),\n        eventUuid: sc.createUUID(),\n      },\n      payload: {},\n    };\n    sc.post(event, app.instanceId);\n  }\n}\n"]},"_coverageSchema":"1a1c01bbd47fc00a2c39e90264f33305004495a9","hash":"0ce02ab15562b2abbcf7e27acabbf1964948b42b","contentHash":"8d9c16888f229d6aa88152569ca6653b7b89f4af1bbcc76c0305440296bdfacb"},"/Users/rob/Documents/finos/fdc3-general/FDC3/toolbox/fdc3-for-web/fdc3-web-impl/src/directory/BasicDirectory.ts":{"path":"/Users/rob/Documents/finos/fdc3-general/FDC3/toolbox/fdc3-for-web/fdc3-web-impl/src/directory/BasicDirectory.ts","statementMap":{"0":{"start":{"line":2,"column":0},"end":{"line":2,"column":62}},"1":{"start":{"line":3,"column":0},"end":{"line":3,"column":64}},"2":{"start":{"line":5,"column":4},"end":{"line":19,"column":5}},"3":{"start":{"line":6,"column":8},"end":{"line":6,"column":20}},"4":{"start":{"line":8,"column":9},"end":{"line":19,"column":5}},"5":{"start":{"line":9,"column":8},"end":{"line":9,"column":20}},"6":{"start":{"line":11,"column":9},"end":{"line":19,"column":5}},"7":{"start":{"line":12,"column":8},"end":{"line":12,"column":21}},"8":{"start":{"line":14,"column":9},"end":{"line":19,"column":5}},"9":{"start":{"line":15,"column":8},"end":{"line":15,"column":20}},"10":{"start":{"line":18,"column":8},"end":{"line":18,"column":21}},"11":{"start":{"line":21,"column":0},"end":{"line":21,"column":54}},"12":{"start":{"line":28,"column":8},"end":{"line":28,"column":28}},"13":{"start":{"line":31,"column":20},"end":{"line":33,"column":59}},"14":{"start":{"line":34,"column":8},"end":{"line":34,"column":19}},"15":{"start":{"line":37,"column":19},"end":{"line":37,"column":55}},"16":{"start":{"line":38,"column":20},"end":{"line":38,"column":38}},"17":{"start":{"line":39,"column":28},"end":{"line":45,"column":10}},"18":{"start":{"line":40,"column":12},"end":{"line":44,"column":14}},"19":{"start":{"line":46,"column":8},"end":{"line":46,"column":27}},"20":{"start":{"line":49,"column":27},"end":{"line":49,"column":93}},"21":{"start":{"line":49,"column":63},"end":{"line":49,"column":92}},"22":{"start":{"line":50,"column":8},"end":{"line":50,"column":26}},"23":{"start":{"line":53,"column":32},"end":{"line":53,"column":129}},"24":{"start":{"line":53,"column":70},"end":{"line":53,"column":128}},"25":{"start":{"line":54,"column":8},"end":{"line":54,"column":31}},"26":{"start":{"line":57,"column":23},"end":{"line":57,"column":171}},"27":{"start":{"line":57,"column":58},"end":{"line":57,"column":170}},"28":{"start":{"line":57,"column":100},"end":{"line":57,"column":158}},"29":{"start":{"line":58,"column":8},"end":{"line":58,"column":22}},"30":{"start":{"line":61,"column":8},"end":{"line":61,"column":68}},"31":{"start":{"line":61,"column":50},"end":{"line":61,"column":66}},"32":{"start":{"line":64,"column":8},"end":{"line":64,"column":28}},"33":{"start":{"line":67,"column":0},"end":{"line":67,"column":40}}},"fnMap":{"0":{"name":"genericResultTypeSame","decl":{"start":{"line":4,"column":9},"end":{"line":4,"column":30}},"loc":{"start":{"line":4,"column":47},"end":{"line":20,"column":1}},"line":4},"1":{"name":"(anonymous_1)","decl":{"start":{"line":27,"column":4},"end":{"line":27,"column":5}},"loc":{"start":{"line":27,"column":22},"end":{"line":29,"column":5}},"line":27},"2":{"name":"(anonymous_2)","decl":{"start":{"line":30,"column":4},"end":{"line":30,"column":5}},"loc":{"start":{"line":30,"column":58},"end":{"line":35,"column":5}},"line":30},"3":{"name":"(anonymous_3)","decl":{"start":{"line":36,"column":4},"end":{"line":36,"column":5}},"loc":{"start":{"line":36,"column":29},"end":{"line":47,"column":5}},"line":36},"4":{"name":"(anonymous_4)","decl":{"start":{"line":39,"column":36},"end":{"line":39,"column":37}},"loc":{"start":{"line":39,"column":54},"end":{"line":45,"column":9}},"line":39},"5":{"name":"(anonymous_5)","decl":{"start":{"line":48,"column":4},"end":{"line":48,"column":5}},"loc":{"start":{"line":48,"column":25},"end":{"line":51,"column":5}},"line":48},"6":{"name":"(anonymous_6)","decl":{"start":{"line":49,"column":58},"end":{"line":49,"column":59}},"loc":{"start":{"line":49,"column":63},"end":{"line":49,"column":92}},"line":49},"7":{"name":"(anonymous_7)","decl":{"start":{"line":52,"column":4},"end":{"line":52,"column":5}},"loc":{"start":{"line":52,"column":57},"end":{"line":55,"column":5}},"line":52},"8":{"name":"(anonymous_8)","decl":{"start":{"line":53,"column":65},"end":{"line":53,"column":66}},"loc":{"start":{"line":53,"column":70},"end":{"line":53,"column":128}},"line":53},"9":{"name":"(anonymous_9)","decl":{"start":{"line":56,"column":4},"end":{"line":56,"column":5}},"loc":{"start":{"line":56,"column":54},"end":{"line":59,"column":5}},"line":56},"10":{"name":"(anonymous_10)","decl":{"start":{"line":57,"column":53},"end":{"line":57,"column":54}},"loc":{"start":{"line":57,"column":58},"end":{"line":57,"column":170}},"line":57},"11":{"name":"(anonymous_11)","decl":{"start":{"line":57,"column":95},"end":{"line":57,"column":96}},"loc":{"start":{"line":57,"column":100},"end":{"line":57,"column":158}},"line":57},"12":{"name":"(anonymous_12)","decl":{"start":{"line":60,"column":4},"end":{"line":60,"column":5}},"loc":{"start":{"line":60,"column":28},"end":{"line":62,"column":5}},"line":60},"13":{"name":"(anonymous_13)","decl":{"start":{"line":61,"column":45},"end":{"line":61,"column":46}},"loc":{"start":{"line":61,"column":50},"end":{"line":61,"column":66}},"line":61},"14":{"name":"(anonymous_14)","decl":{"start":{"line":63,"column":4},"end":{"line":63,"column":5}},"loc":{"start":{"line":63,"column":22},"end":{"line":65,"column":5}},"line":63}},"branchMap":{"0":{"loc":{"start":{"line":5,"column":4},"end":{"line":19,"column":5}},"type":"if","locations":[{"start":{"line":5,"column":4},"end":{"line":19,"column":5}},{"start":{"line":8,"column":9},"end":{"line":19,"column":5}}],"line":5},"1":{"loc":{"start":{"line":8,"column":9},"end":{"line":19,"column":5}},"type":"if","locations":[{"start":{"line":8,"column":9},"end":{"line":19,"column":5}},{"start":{"line":11,"column":9},"end":{"line":19,"column":5}}],"line":8},"2":{"loc":{"start":{"line":11,"column":9},"end":{"line":19,"column":5}},"type":"if","locations":[{"start":{"line":11,"column":9},"end":{"line":19,"column":5}},{"start":{"line":14,"column":9},"end":{"line":19,"column":5}}],"line":11},"3":{"loc":{"start":{"line":14,"column":9},"end":{"line":19,"column":5}},"type":"if","locations":[{"start":{"line":14,"column":9},"end":{"line":19,"column":5}},{"start":{"line":17,"column":9},"end":{"line":19,"column":5}}],"line":14},"4":{"loc":{"start":{"line":14,"column":13},"end":{"line":14,"column":65}},"type":"binary-expr","locations":[{"start":{"line":14,"column":13},"end":{"line":14,"column":40}},{"start":{"line":14,"column":44},"end":{"line":14,"column":65}}],"line":14},"5":{"loc":{"start":{"line":31,"column":20},"end":{"line":33,"column":59}},"type":"binary-expr","locations":[{"start":{"line":31,"column":21},"end":{"line":31,"column":44}},{"start":{"line":31,"column":48},"end":{"line":31,"column":74}},{"start":{"line":32,"column":13},"end":{"line":32,"column":37}},{"start":{"line":32,"column":41},"end":{"line":32,"column":81}},{"start":{"line":33,"column":12},"end":{"line":33,"column":59}}],"line":31},"6":{"loc":{"start":{"line":32,"column":42},"end":{"line":32,"column":58}},"type":"binary-expr","locations":[{"start":{"line":32,"column":42},"end":{"line":32,"column":52}},{"start":{"line":32,"column":56},"end":{"line":32,"column":58}}],"line":32},"7":{"loc":{"start":{"line":37,"column":19},"end":{"line":37,"column":55}},"type":"binary-expr","locations":[{"start":{"line":37,"column":19},"end":{"line":37,"column":49}},{"start":{"line":37,"column":53},"end":{"line":37,"column":55}}],"line":37}},"s":{"0":1,"1":1,"2":68,"3":60,"4":8,"5":2,"6":6,"7":0,"8":6,"9":2,"10":4,"11":1,"12":176,"13":270,"14":270,"15":174,"16":174,"17":174,"18":270,"19":174,"20":36,"21":130,"22":36,"23":36,"24":193,"25":36,"26":11,"27":44,"28":77,"29":11,"30":28,"31":80,"32":75,"33":1},"f":{"0":68,"1":176,"2":270,"3":174,"4":270,"5":36,"6":130,"7":36,"8":193,"9":11,"10":44,"11":77,"12":28,"13":80,"14":75},"b":{"0":[60,8],"1":[2,6],"2":[0,6],"3":[2,4],"4":[6,2],"5":[270,217,97,89,68],"6":[89,0],"7":[174,0]},"inputSourceMap":{"version":3,"file":"/Users/rob/Documents/finos/fdc3-general/FDC3/toolbox/fdc3-for-web/fdc3-web-impl/src/directory/BasicDirectory.ts","sources":["/Users/rob/Documents/finos/fdc3-general/FDC3/toolbox/fdc3-for-web/fdc3-web-impl/src/directory/BasicDirectory.ts"],"names":[],"mappings":";;;AAEA,SAAgB,qBAAqB,CAAC,IAAwB,EAAE,QAA4B;IAC1F,IAAI,QAAQ,IAAI,SAAS,EAAE;QACzB,OAAO,IAAI,CAAC;KACb;SAAM,IAAI,IAAI,IAAI,QAAQ,EAAE;QAC3B,OAAO,IAAI,CAAC;KACb;SAAM,IAAI,IAAI,IAAI,SAAS,EAAE;QAC5B,OAAO,KAAK,CAAC,CAAC,qDAAqD;KACpE;SAAM,IAAI,IAAI,CAAC,UAAU,CAAC,UAAU,CAAC,IAAI,QAAQ,IAAI,SAAS,EAAE;QAC/D,OAAO,IAAI,CAAC;KACb;SAAM;QACL,OAAO,KAAK,CAAC;KACd;AACH,CAAC;AAZD,sDAYC;AAED;;GAEG;AACH,MAAa,cAAc;IACzB,OAAO,CAAiB;IAExB,YAAY,IAAoB;QAC9B,IAAI,CAAC,OAAO,GAAG,IAAI,CAAC;IACtB,CAAC;IAEO,aAAa,CACnB,CAAkB,EAClB,WAA+B,EAC/B,UAA8B,EAC9B,UAA8B;QAE9B,MAAM,GAAG,GACP,CAAC,UAAU,IAAI,SAAS,IAAI,CAAC,CAAC,UAAU,IAAI,UAAU,CAAC;YACvD,CAAC,WAAW,IAAI,SAAS,IAAI,CAAC,CAAC,CAAC,QAAQ,IAAI,EAAE,CAAC,CAAC,QAAQ,CAAC,WAAW,CAAC,CAAC;YACtE,qBAAqB,CAAC,CAAC,CAAC,UAAU,EAAE,UAAU,CAAC,CAAC;QAClD,OAAO,GAAG,CAAC;IACb,CAAC;IAEO,qBAAqB,CAAC,CAAe;QAC3C,MAAM,EAAE,GAAG,CAAC,CAAC,OAAO,EAAE,OAAO,EAAE,UAAU,IAAI,EAAE,CAAC;QAChD,MAAM,GAAG,GAAG,MAAM,CAAC,OAAO,CAAC,EAAE,CAAC,CAAC;QAC/B,MAAM,WAAW,GAAG,GAAG,CAAC,GAAG,CAAC,CAAC,CAAC,GAAG,EAAE,KAAK,CAAC,EAAE,EAAE;YAC3C,OAAO;gBACL,UAAU,EAAE,GAAG;gBACf,GAAG,KAAK;gBACR,KAAK,EAAE,CAAC,CAAC,KAAK;aACf,CAAC;QACJ,CAAC,CAAC,CAAC;QACH,OAAO,WAAW,CAAC;IACrB,CAAC;IAED,kBAAkB;QAChB,MAAM,UAAU,GAAG,IAAI,CAAC,eAAe,EAAE,CAAC,OAAO,CAAC,CAAC,CAAC,EAAE,CAAC,IAAI,CAAC,qBAAqB,CAAC,CAAC,CAAC,CAAC,CAAC;QAEtF,OAAO,UAAU,CAAC;IACpB,CAAC;IAED,eAAe,CACb,WAA+B,EAC/B,UAA8B,EAC9B,UAA8B;QAE9B,MAAM,eAAe,GAAG,IAAI,CAAC,kBAAkB,EAAE,CAAC,MAAM,CAAC,CAAC,CAAC,EAAE,CAC3D,IAAI,CAAC,aAAa,CAAC,CAAC,EAAE,WAAW,EAAE,UAAU,EAAE,UAAU,CAAC,CAC3D,CAAC;QACF,OAAO,eAAe,CAAC;IACzB,CAAC;IAED,YAAY,CACV,WAA+B,EAC/B,UAA+B,EAC/B,UAA+B;QAE/B,MAAM,MAAM,GAAG,IAAI,CAAC,eAAe,EAAE,CAAC,MAAM,CAC1C,CAAC,CAAC,EAAE,CACF,IAAI,CAAC,qBAAqB,CAAC,CAAC,CAAC,CAAC,MAAM,CAAC,CAAC,CAAC,EAAE,CAAC,IAAI,CAAC,aAAa,CAAC,CAAC,EAAE,WAAW,EAAE,UAAU,EAAE,UAAU,CAAC,CAAC,CAAC,MAAM,GAAG,CAAC,CACnH,CAAC;QAEF,OAAO,MAAM,CAAC;IAChB,CAAC;IAED,gBAAgB,CAAC,KAAa;QAC5B,OAAO,IAAI,CAAC,eAAe,EAAE,CAAC,MAAM,CAAC,CAAC,CAAC,EAAE,CAAC,CAAC,CAAC,KAAK,IAAI,KAAK,CAAC,CAAC;IAC9D,CAAC;IAED,eAAe;QACb,OAAO,IAAI,CAAC,OAAO,CAAC;IACtB,CAAC;CACF;AAtED,wCAsEC","sourcesContent":["import { Directory, DirectoryApp, DirectoryIntent } from './DirectoryInterface';\n\nexport function genericResultTypeSame(real: string | undefined, required: string | undefined) {\n  if (required == undefined) {\n    return true;\n  } else if (real == required) {\n    return true;\n  } else if (real == undefined) {\n    return false; // required is not undefined, so asking for something\n  } else if (real.startsWith('channel<') && required == 'channel') {\n    return true;\n  } else {\n    return false;\n  }\n}\n\n/**\n * Basic directory implementation that allows queries over a set of apps.\n */\nexport class BasicDirectory implements Directory {\n  allApps: DirectoryApp[];\n\n  constructor(apps: DirectoryApp[]) {\n    this.allApps = apps;\n  }\n\n  private intentMatches(\n    i: DirectoryIntent,\n    contextType: string | undefined,\n    intentName: string | undefined,\n    resultType: string | undefined\n  ): boolean {\n    const out =\n      (intentName == undefined || i.intentName == intentName) &&\n      (contextType == undefined || (i.contexts ?? []).includes(contextType)) &&\n      genericResultTypeSame(i.resultType, resultType);\n    return out;\n  }\n\n  private retrieveIntentsForApp(a: DirectoryApp): DirectoryIntent[] {\n    const lf = a.interop?.intents?.listensFor ?? {};\n    const lfa = Object.entries(lf);\n    const lfAugmented = lfa.map(([key, value]) => {\n      return {\n        intentName: key,\n        ...value,\n        appId: a.appId,\n      };\n    });\n    return lfAugmented;\n  }\n\n  retrieveAllIntents(): DirectoryIntent[] {\n    const allIntents = this.retrieveAllApps().flatMap(a => this.retrieveIntentsForApp(a));\n\n    return allIntents;\n  }\n\n  retrieveIntents(\n    contextType: string | undefined,\n    intentName: string | undefined,\n    resultType: string | undefined\n  ): DirectoryIntent[] {\n    const matchingIntents = this.retrieveAllIntents().filter(i =>\n      this.intentMatches(i, contextType, intentName, resultType)\n    );\n    return matchingIntents;\n  }\n\n  retrieveApps(\n    contextType: string | undefined,\n    intentName?: string | undefined,\n    resultType?: string | undefined\n  ): DirectoryApp[] {\n    const result = this.retrieveAllApps().filter(\n      a =>\n        this.retrieveIntentsForApp(a).filter(i => this.intentMatches(i, contextType, intentName, resultType)).length > 0\n    );\n\n    return result;\n  }\n\n  retrieveAppsById(appId: string): DirectoryApp[] {\n    return this.retrieveAllApps().filter(a => a.appId == appId);\n  }\n\n  retrieveAllApps(): DirectoryApp[] {\n    return this.allApps;\n  }\n}\n"]},"_coverageSchema":"1a1c01bbd47fc00a2c39e90264f33305004495a9","hash":"7377b013c8305a0a0588bf70e599eacdd53b3bcb","contentHash":"5a34f9c330a7de347f850f39f34d91eff087b488f5264a961cccb1a0fc702a6d"}}