{"/Users/rob/Documents/finos/fdc3-general/FDC3/toolbox/fdc3-for-web/fdc3-web-impl/src/BasicFDC3Server.ts": {"path":"/Users/rob/Documents/finos/fdc3-general/FDC3/toolbox/fdc3-for-web/fdc3-web-impl/src/BasicFDC3Server.ts","statementMap":{"0":{"start":{"line":2,"column":0},"end":{"line":2,"column":84}},"1":{"start":{"line":3,"column":0},"end":{"line":3,"column":77}},"2":{"start":{"line":4,"column":0},"end":{"line":4,"column":57}},"3":{"start":{"line":6,"column":0},"end":{"line":6,"column":53}},"4":{"start":{"line":7,"column":0},"end":{"line":7,"column":63}},"5":{"start":{"line":42,"column":4},"end":{"line":42,"column":29}},"6":{"start":{"line":43,"column":4},"end":{"line":43,"column":17}},"7":{"start":{"line":47,"column":4},"end":{"line":47,"column":75}},"8":{"start":{"line":47,"column":37},"end":{"line":47,"column":73}},"9":{"start":{"line":48,"column":4},"end":{"line":48,"column":54}},"10":{"start":{"line":55,"column":21},"end":{"line":55,"column":77}},"11":{"start":{"line":55,"column":44},"end":{"line":55,"column":76}},"12":{"start":{"line":56,"column":4},"end":{"line":56,"column":39}},"13":{"start":{"line":60,"column":4},"end":{"line":60,"column":45}},"14":{"start":{"line":60,"column":31},"end":{"line":60,"column":43}},"15":{"start":{"line":37,"column":0},"end":{"line":37,"column":13}},"16":{"start":{"line":73,"column":39},"end":{"line":77,"column":6}},"17":{"start":{"line":79,"column":4},"end":{"line":81,"column":null}},"18":{"start":{"line":80,"column":6},"end":{"line":80,"column":117}},"19":{"start":{"line":83,"column":4},"end":{"line":83,"column":24}},"20":{"start":{"line":64,"column":0},"end":{"line":64,"column":13}}},"fnMap":{"0":{"name":"(anonymous_0)","decl":{"start":{"line":41,"column":2},"end":{"line":41,"column":14}},"loc":{"start":{"line":41,"column":76},"end":{"line":44,"column":3}}},"1":{"name":"(anonymous_1)","decl":{"start":{"line":46,"column":2},"end":{"line":46,"column":9}},"loc":{"start":{"line":46,"column":32},"end":{"line":49,"column":3}}},"2":{"name":"(anonymous_2)","decl":{"start":{"line":47,"column":26},"end":{"line":47,"column":33}},"loc":{"start":{"line":47,"column":37},"end":{"line":47,"column":73}}},"3":{"name":"(anonymous_3)","decl":{"start":{"line":51,"column":2},"end":{"line":51,"column":7}},"loc":{"start":{"line":53,"column":20},"end":{"line":57,"column":3}}},"4":{"name":"(anonymous_4)","decl":{"start":{"line":55,"column":39},"end":{"line":55,"column":40}},"loc":{"start":{"line":55,"column":44},"end":{"line":55,"column":76}}},"5":{"name":"(anonymous_5)","decl":{"start":{"line":59,"column":2},"end":{"line":59,"column":10}},"loc":{"start":{"line":59,"column":10},"end":{"line":61,"column":3}}},"6":{"name":"(anonymous_6)","decl":{"start":{"line":60,"column":26},"end":{"line":60,"column":27}},"loc":{"start":{"line":60,"column":31},"end":{"line":60,"column":43}}},"7":{"name":"(anonymous_7)","decl":{"start":{"line":65,"column":2},"end":{"line":65,"column":null}},"loc":{"start":{"line":71,"column":40},"end":{"line":84,"column":3}}}},"branchMap":{"0":{"loc":{"start":{"line":70,"column":4},"end":{"line":70,"column":35}},"type":"default-arg","locations":[{"start":{"line":70,"column":30},"end":{"line":70,"column":35}}]},"1":{"loc":{"start":{"line":71,"column":4},"end":{"line":71,"column":40}},"type":"default-arg","locations":[{"start":{"line":71,"column":35},"end":{"line":71,"column":40}}]},"2":{"loc":{"start":{"line":79,"column":4},"end":{"line":81,"column":null}},"type":"if","locations":[{"start":{"line":79,"column":4},"end":{"line":81,"column":null}}]}},"s":{"0":1,"1":1,"2":1,"3":1,"4":1,"5":176,"6":176,"7":6,"8":18,"9":6,"10":260,"11":789,"12":260,"13":3,"14":12,"15":1,"16":176,"17":176,"18":3,"19":176,"20":1},"f":{"0":176,"1":6,"2":18,"3":260,"4":789,"5":3,"6":12,"7":176},"b":{"0":[88],"1":[88],"2":[3]}}
,"/Users/rob/Documents/finos/fdc3-general/FDC3/toolbox/fdc3-for-web/fdc3-web-impl/src/ServerContext.ts": {"path":"/Users/rob/Documents/finos/fdc3-general/FDC3/toolbox/fdc3-for-web/fdc3-web-impl/src/ServerContext.ts","statementMap":{"0":{"start":{"line":5,"column":0},"end":{"line":5,"column":null}},"1":{"start":{"line":6,"column":2},"end":{"line":6,"column":10}},"2":{"start":{"line":7,"column":2},"end":{"line":7,"column":12}},"3":{"start":{"line":8,"column":2},"end":{"line":8,"column":16}},"4":{"start":{"line":9,"column":2},"end":{"line":9,"column":13}}},"fnMap":{"0":{"name":"(anonymous_0)","decl":{"start":{"line":5,"column":0},"end":{"line":5,"column":12}},"loc":{"start":{"line":5,"column":17},"end":{"line":10,"column":1}}}},"branchMap":{"0":{"loc":{"start":{"line":5,"column":12},"end":{"line":5,"column":null}},"type":"binary-expr","locations":[{"start":{"line":5,"column":12},"end":{"line":5,"column":17}},{"start":{"line":5,"column":12},"end":{"line":5,"column":null}}]}},"s":{"0":1,"1":1,"2":1,"3":1,"4":1},"f":{"0":1},"b":{"0":[1,1]}}
,"/Users/rob/Documents/finos/fdc3-general/FDC3/toolbox/fdc3-for-web/fdc3-web-impl/src/directory/BasicDirectory.ts": {"path":"/Users/rob/Documents/finos/fdc3-general/FDC3/toolbox/fdc3-for-web/fdc3-web-impl/src/directory/BasicDirectory.ts","statementMap":{"0":{"start":{"line":4,"column":2},"end":{"line":14,"column":null}},"1":{"start":{"line":5,"column":4},"end":{"line":5,"column":16}},"2":{"start":{"line":6,"column":9},"end":{"line":14,"column":null}},"3":{"start":{"line":7,"column":4},"end":{"line":7,"column":16}},"4":{"start":{"line":8,"column":9},"end":{"line":14,"column":null}},"5":{"start":{"line":9,"column":4},"end":{"line":9,"column":17}},"6":{"start":{"line":10,"column":9},"end":{"line":14,"column":null}},"7":{"start":{"line":11,"column":4},"end":{"line":11,"column":16}},"8":{"start":{"line":13,"column":4},"end":{"line":13,"column":17}},"9":{"start":{"line":3,"column":0},"end":{"line":3,"column":16}},"10":{"start":{"line":24,"column":4},"end":{"line":24,"column":24}},"11":{"start":{"line":34,"column":6},"end":{"line":36,"column":53}},"12":{"start":{"line":37,"column":4},"end":{"line":37,"column":15}},"13":{"start":{"line":41,"column":15},"end":{"line":41,"column":51}},"14":{"start":{"line":42,"column":16},"end":{"line":42,"column":34}},"15":{"start":{"line":43,"column":24},"end":{"line":49,"column":6}},"16":{"start":{"line":44,"column":6},"end":{"line":48,"column":8}},"17":{"start":{"line":50,"column":4},"end":{"line":50,"column":23}},"18":{"start":{"line":54,"column":23},"end":{"line":54,"column":89}},"19":{"start":{"line":54,"column":59},"end":{"line":54,"column":88}},"20":{"start":{"line":56,"column":4},"end":{"line":56,"column":22}},"21":{"start":{"line":64,"column":28},"end":{"line":65,"column":null}},"22":{"start":{"line":65,"column":6},"end":{"line":65,"column":64}},"23":{"start":{"line":67,"column":4},"end":{"line":67,"column":27}},"24":{"start":{"line":75,"column":19},"end":{"line":77,"column":null}},"25":{"start":{"line":77,"column":8},"end":{"line":77,"column":120}},"26":{"start":{"line":77,"column":50},"end":{"line":77,"column":108}},"27":{"start":{"line":80,"column":4},"end":{"line":80,"column":18}},"28":{"start":{"line":84,"column":4},"end":{"line":84,"column":64}},"29":{"start":{"line":84,"column":46},"end":{"line":84,"column":62}},"30":{"start":{"line":88,"column":4},"end":{"line":88,"column":24}},"31":{"start":{"line":20,"column":0},"end":{"line":20,"column":13}}},"fnMap":{"0":{"name":"genericResultTypeSame","decl":{"start":{"line":3,"column":16},"end":{"line":3,"column":37}},"loc":{"start":{"line":3,"column":92},"end":{"line":15,"column":1}}},"1":{"name":"(anonymous_1)","decl":{"start":{"line":23,"column":2},"end":{"line":23,"column":14}},"loc":{"start":{"line":23,"column":34},"end":{"line":25,"column":3}}},"2":{"name":"(anonymous_2)","decl":{"start":{"line":27,"column":10},"end":{"line":27,"column":23}},"loc":{"start":{"line":31,"column":34},"end":{"line":38,"column":3}}},"3":{"name":"(anonymous_3)","decl":{"start":{"line":40,"column":10},"end":{"line":40,"column":31}},"loc":{"start":{"line":40,"column":47},"end":{"line":51,"column":3}}},"4":{"name":"(anonymous_4)","decl":{"start":{"line":43,"column":32},"end":{"line":43,"column":33}},"loc":{"start":{"line":43,"column":49},"end":{"line":49,"column":5}}},"5":{"name":"(anonymous_5)","decl":{"start":{"line":53,"column":2},"end":{"line":53,"column":20}},"loc":{"start":{"line":53,"column":20},"end":{"line":57,"column":3}}},"6":{"name":"(anonymous_6)","decl":{"start":{"line":54,"column":54},"end":{"line":54,"column":55}},"loc":{"start":{"line":54,"column":59},"end":{"line":54,"column":88}}},"7":{"name":"(anonymous_7)","decl":{"start":{"line":59,"column":2},"end":{"line":59,"column":17}},"loc":{"start":{"line":62,"column":34},"end":{"line":68,"column":3}}},"8":{"name":"(anonymous_8)","decl":{"start":{"line":64,"column":61},"end":{"line":64,"column":62}},"loc":{"start":{"line":65,"column":6},"end":{"line":65,"column":64}}},"9":{"name":"(anonymous_9)","decl":{"start":{"line":70,"column":2},"end":{"line":70,"column":14}},"loc":{"start":{"line":73,"column":35},"end":{"line":81,"column":3}}},"10":{"name":"(anonymous_10)","decl":{"start":{"line":76,"column":6},"end":{"line":76,"column":7}},"loc":{"start":{"line":77,"column":8},"end":{"line":77,"column":120}}},"11":{"name":"(anonymous_11)","decl":{"start":{"line":77,"column":45},"end":{"line":77,"column":46}},"loc":{"start":{"line":77,"column":50},"end":{"line":77,"column":108}}},"12":{"name":"(anonymous_12)","decl":{"start":{"line":83,"column":2},"end":{"line":83,"column":18}},"loc":{"start":{"line":83,"column":32},"end":{"line":85,"column":3}}},"13":{"name":"(anonymous_13)","decl":{"start":{"line":84,"column":41},"end":{"line":84,"column":42}},"loc":{"start":{"line":84,"column":46},"end":{"line":84,"column":62}}},"14":{"name":"(anonymous_14)","decl":{"start":{"line":87,"column":2},"end":{"line":87,"column":17}},"loc":{"start":{"line":87,"column":17},"end":{"line":89,"column":3}}}},"branchMap":{"0":{"loc":{"start":{"line":4,"column":2},"end":{"line":14,"column":null}},"type":"if","locations":[{"start":{"line":4,"column":2},"end":{"line":14,"column":null}},{"start":{"line":6,"column":9},"end":{"line":14,"column":null}}]},"1":{"loc":{"start":{"line":6,"column":9},"end":{"line":14,"column":null}},"type":"if","locations":[{"start":{"line":6,"column":9},"end":{"line":14,"column":null}},{"start":{"line":8,"column":9},"end":{"line":14,"column":null}}]},"2":{"loc":{"start":{"line":8,"column":9},"end":{"line":14,"column":null}},"type":"if","locations":[{"start":{"line":8,"column":9},"end":{"line":14,"column":null}},{"start":{"line":10,"column":9},"end":{"line":14,"column":null}}]},"3":{"loc":{"start":{"line":10,"column":9},"end":{"line":14,"column":null}},"type":"if","locations":[{"start":{"line":10,"column":9},"end":{"line":14,"column":null}},{"start":{"line":12,"column":9},"end":{"line":14,"column":null}}]},"4":{"loc":{"start":{"line":10,"column":13},"end":{"line":10,"column":65}},"type":"binary-expr","locations":[{"start":{"line":10,"column":13},"end":{"line":10,"column":40}},{"start":{"line":10,"column":44},"end":{"line":10,"column":65}}]},"5":{"loc":{"start":{"line":34,"column":6},"end":{"line":36,"column":53}},"type":"binary-expr","locations":[{"start":{"line":34,"column":7},"end":{"line":34,"column":30}},{"start":{"line":34,"column":34},"end":{"line":34,"column":60}},{"start":{"line":35,"column":7},"end":{"line":35,"column":31}},{"start":{"line":35,"column":35},"end":{"line":35,"column":75}},{"start":{"line":36,"column":6},"end":{"line":36,"column":53}}]},"6":{"loc":{"start":{"line":35,"column":36},"end":{"line":35,"column":52}},"type":"binary-expr","locations":[{"start":{"line":35,"column":36},"end":{"line":35,"column":46}},{"start":{"line":35,"column":50},"end":{"line":35,"column":52}}]},"7":{"loc":{"start":{"line":41,"column":15},"end":{"line":41,"column":51}},"type":"binary-expr","locations":[{"start":{"line":41,"column":15},"end":{"line":41,"column":45}},{"start":{"line":41,"column":49},"end":{"line":41,"column":51}}]}},"s":{"0":68,"1":60,"2":8,"3":2,"4":6,"5":0,"6":6,"7":2,"8":4,"9":1,"10":176,"11":270,"12":270,"13":174,"14":174,"15":174,"16":270,"17":174,"18":36,"19":130,"20":36,"21":36,"22":193,"23":36,"24":11,"25":44,"26":77,"27":11,"28":28,"29":80,"30":75,"31":1},"f":{"0":68,"1":176,"2":270,"3":174,"4":270,"5":36,"6":130,"7":36,"8":193,"9":11,"10":44,"11":77,"12":28,"13":80,"14":75},"b":{"0":[60,8],"1":[2,6],"2":[0,6],"3":[2,4],"4":[6,2],"5":[270,217,97,89,68],"6":[89,0],"7":[174,0]}}
,"/Users/rob/Documents/finos/fdc3-general/FDC3/toolbox/fdc3-for-web/fdc3-web-impl/src/handlers/BroadcastHandler.ts": {"path":"/Users/rob/Documents/finos/fdc3-general/FDC3/toolbox/fdc3-for-web/fdc3-web-impl/src/handlers/BroadcastHandler.ts","statementMap":{"0":{"start":{"line":3,"column":0},"end":{"line":3,"column":110}},"1":{"start":{"line":4,"column":0},"end":{"line":4,"column":90}},"2":{"start":{"line":59,"column":0},"end":{"line":59,"column":null}},"3":{"start":{"line":60,"column":2},"end":{"line":60,"column":null}},"4":{"start":{"line":61,"column":2},"end":{"line":61,"column":null}},"5":{"start":{"line":62,"column":2},"end":{"line":62,"column":null}},"6":{"start":{"line":73,"column":60},"end":{"line":73,"column":62}},"7":{"start":{"line":74,"column":72},"end":{"line":74,"column":74}},"8":{"start":{"line":75,"column":68},"end":{"line":75,"column":70}},"9":{"start":{"line":76,"column":43},"end":{"line":76,"column":45}},"10":{"start":{"line":77,"column":76},"end":{"line":77,"column":78}},"11":{"start":{"line":80,"column":4},"end":{"line":80,"column":37}},"12":{"start":{"line":86,"column":26},"end":{"line":86,"column":87}},"13":{"start":{"line":86,"column":60},"end":{"line":86,"column":86}},"14":{"start":{"line":89,"column":41},"end":{"line":90,"column":null}},"15":{"start":{"line":90,"column":11},"end":{"line":90,"column":87}},"16":{"start":{"line":90,"column":35},"end":{"line":90,"column":57}},"17":{"start":{"line":93,"column":40},"end":{"line":93,"column":57}},"18":{"start":{"line":94,"column":4},"end":{"line":105,"column":7}},"19":{"start":{"line":95,"column":6},"end":{"line":101,"column":8}},"20":{"start":{"line":102,"column":6},"end":{"line":104,"column":null}},"21":{"start":{"line":103,"column":8},"end":{"line":103,"column":53}},"22":{"start":{"line":107,"column":4},"end":{"line":109,"column":7}},"23":{"start":{"line":108,"column":6},"end":{"line":108,"column":105}},"24":{"start":{"line":112,"column":4},"end":{"line":112,"column":105}},"25":{"start":{"line":112,"column":69},"end":{"line":112,"column":103}},"26":{"start":{"line":113,"column":4},"end":{"line":115,"column":6}},"27":{"start":{"line":114,"column":18},"end":{"line":114,"column":52}},"28":{"start":{"line":116,"column":4},"end":{"line":118,"column":6}},"29":{"start":{"line":117,"column":18},"end":{"line":117,"column":52}},"30":{"start":{"line":122,"column":4},"end":{"line":122,"column":48}},"31":{"start":{"line":126,"column":39},"end":{"line":135,"column":6}},"32":{"start":{"line":137,"column":4},"end":{"line":137,"column":31}},"33":{"start":{"line":141,"column":4},"end":{"line":143,"column":null}},"34":{"start":{"line":142,"column":6},"end":{"line":142,"column":18}},"35":{"start":{"line":144,"column":4},"end":{"line":144,"column":52}},"36":{"start":{"line":144,"column":32},"end":{"line":144,"column":42}},"37":{"start":{"line":148,"column":39},"end":{"line":157,"column":6}},"38":{"start":{"line":159,"column":4},"end":{"line":159,"column":31}},"39":{"start":{"line":162,"column":4},"end":{"line":169,"column":null}},"40":{"start":{"line":164,"column":8},"end":{"line":164,"column":21}},"41":{"start":{"line":166,"column":8},"end":{"line":166,"column":22}},"42":{"start":{"line":168,"column":8},"end":{"line":168,"column":25}},"43":{"start":{"line":173,"column":4},"end":{"line":173,"column":79}},"44":{"start":{"line":173,"column":45},"end":{"line":173,"column":77}},"45":{"start":{"line":177,"column":4},"end":{"line":181,"column":9}},"46":{"start":{"line":178,"column":19},"end":{"line":178,"column":40}},"47":{"start":{"line":180,"column":8},"end":{"line":180,"column":32}},"48":{"start":{"line":185,"column":15},"end":{"line":185,"column":45}},"49":{"start":{"line":186,"column":4},"end":{"line":189,"column":null}},"50":{"start":{"line":187,"column":6},"end":{"line":187,"column":66}},"51":{"start":{"line":187,"column":42},"end":{"line":187,"column":64}},"52":{"start":{"line":188,"column":6},"end":{"line":188,"column":34}},"53":{"start":{"line":193,"column":17},"end":{"line":193,"column":44}},"54":{"start":{"line":195,"column":4},"end":{"line":198,"column":null}},"55":{"start":{"line":197,"column":6},"end":{"line":197,"column":13}},"56":{"start":{"line":200,"column":4},"end":{"line":259,"column":null}},"57":{"start":{"line":201,"column":6},"end":{"line":255,"column":null}},"58":{"start":{"line":204,"column":10},"end":{"line":204,"column":91}},"59":{"start":{"line":208,"column":10},"end":{"line":208,"column":92}},"60":{"start":{"line":210,"column":10},"end":{"line":210,"column":100}},"61":{"start":{"line":212,"column":10},"end":{"line":212,"column":92}},"62":{"start":{"line":214,"column":10},"end":{"line":214,"column":96}},"63":{"start":{"line":218,"column":10},"end":{"line":218,"column":80}},"64":{"start":{"line":222,"column":10},"end":{"line":222,"column":98}},"65":{"start":{"line":224,"column":10},"end":{"line":224,"column":114}},"66":{"start":{"line":228,"column":10},"end":{"line":228,"column":102}},"67":{"start":{"line":230,"column":10},"end":{"line":230,"column":110}},"68":{"start":{"line":234,"column":10},"end":{"line":238,"column":12}},"69":{"start":{"line":240,"column":10},"end":{"line":244,"column":12}},"70":{"start":{"line":248,"column":10},"end":{"line":248,"column":96}},"71":{"start":{"line":252,"column":10},"end":{"line":252,"column":94}},"72":{"start":{"line":254,"column":10},"end":{"line":254,"column":110}},"73":{"start":{"line":257,"column":27},"end":{"line":257,"column":79}},"74":{"start":{"line":258,"column":6},"end":{"line":258,"column":108}},"75":{"start":{"line":267,"column":42},"end":{"line":272,"column":6}},"76":{"start":{"line":274,"column":4},"end":{"line":274,"column":45}},"77":{"start":{"line":275,"column":4},"end":{"line":275,"column":99}},"78":{"start":{"line":283,"column":14},"end":{"line":283,"column":105}},"79":{"start":{"line":283,"column":61},"end":{"line":283,"column":104}},"80":{"start":{"line":284,"column":4},"end":{"line":289,"column":null}},"81":{"start":{"line":285,"column":6},"end":{"line":285,"column":51}},"82":{"start":{"line":286,"column":6},"end":{"line":286,"column":78}},"83":{"start":{"line":288,"column":6},"end":{"line":288,"column":92}},"84":{"start":{"line":297,"column":15},"end":{"line":297,"column":30}},"85":{"start":{"line":298,"column":4},"end":{"line":303,"column":7}},"86":{"start":{"line":305,"column":4},"end":{"line":311,"column":6}},"87":{"start":{"line":319,"column":20},"end":{"line":319,"column":63}},"88":{"start":{"line":320,"column":17},"end":{"line":320,"column":41}},"89":{"start":{"line":322,"column":4},"end":{"line":327,"column":null}},"90":{"start":{"line":323,"column":22},"end":{"line":323,"column":111}},"91":{"start":{"line":323,"column":56},"end":{"line":323,"column":70}},"92":{"start":{"line":324,"column":6},"end":{"line":324,"column":89}},"93":{"start":{"line":326,"column":6},"end":{"line":326,"column":94}},"94":{"start":{"line":335,"column":14},"end":{"line":335,"column":107}},"95":{"start":{"line":335,"column":63},"end":{"line":335,"column":106}},"96":{"start":{"line":336,"column":4},"end":{"line":341,"column":null}},"97":{"start":{"line":337,"column":6},"end":{"line":337,"column":53}},"98":{"start":{"line":338,"column":6},"end":{"line":338,"column":92}},"99":{"start":{"line":340,"column":6},"end":{"line":340,"column":106}},"100":{"start":{"line":349,"column":26},"end":{"line":351,"column":57}},"101":{"start":{"line":350,"column":19},"end":{"line":350,"column":75}},"102":{"start":{"line":351,"column":19},"end":{"line":351,"column":56}},"103":{"start":{"line":353,"column":4},"end":{"line":361,"column":7}},"104":{"start":{"line":354,"column":6},"end":{"line":360,"column":8}},"105":{"start":{"line":363,"column":4},"end":{"line":363,"column":90}},"106":{"start":{"line":363,"column":62},"end":{"line":363,"column":88}},"107":{"start":{"line":364,"column":4},"end":{"line":369,"column":6}},"108":{"start":{"line":370,"column":4},"end":{"line":370,"column":76}},"109":{"start":{"line":378,"column":14},"end":{"line":379,"column":null}},"110":{"start":{"line":379,"column":11},"end":{"line":379,"column":89}},"111":{"start":{"line":382,"column":4},"end":{"line":396,"column":null}},"112":{"start":{"line":383,"column":17},"end":{"line":383,"column":41}},"113":{"start":{"line":384,"column":22},"end":{"line":384,"column":55}},"114":{"start":{"line":385,"column":6},"end":{"line":391,"column":8}},"115":{"start":{"line":392,"column":6},"end":{"line":392,"column":41}},"116":{"start":{"line":393,"column":6},"end":{"line":393,"column":80}},"117":{"start":{"line":395,"column":6},"end":{"line":395,"column":94}},"118":{"start":{"line":404,"column":20},"end":{"line":404,"column":24}},"119":{"start":{"line":405,"column":22},"end":{"line":405,"column":38}},"120":{"start":{"line":407,"column":4},"end":{"line":417,"column":null}},"121":{"start":{"line":408,"column":22},"end":{"line":408,"column":66}},"122":{"start":{"line":409,"column":6},"end":{"line":409,"column":54}},"123":{"start":{"line":411,"column":6},"end":{"line":416,"column":null}},"124":{"start":{"line":412,"column":8},"end":{"line":412,"column":97}},"125":{"start":{"line":413,"column":8},"end":{"line":413,"column":15}},"126":{"start":{"line":415,"column":8},"end":{"line":415,"column":31}},"127":{"start":{"line":419,"column":44},"end":{"line":426,"column":6}},"128":{"start":{"line":428,"column":4},"end":{"line":428,"column":35}},"129":{"start":{"line":429,"column":4},"end":{"line":435,"column":6}},"130":{"start":{"line":436,"column":4},"end":{"line":436,"column":101}},"131":{"start":{"line":440,"column":30},"end":{"line":442,"column":87}},"132":{"start":{"line":441,"column":19},"end":{"line":441,"column":56}},"133":{"start":{"line":442,"column":19},"end":{"line":442,"column":86}},"134":{"start":{"line":444,"column":46},"end":{"line":448,"column":25}},"135":{"start":{"line":446,"column":8},"end":{"line":446,"column":60}},"136":{"start":{"line":450,"column":4},"end":{"line":465,"column":7}},"137":{"start":{"line":451,"column":6},"end":{"line":464,"column":8}},"138":{"start":{"line":467,"column":4},"end":{"line":467,"column":74}},"139":{"start":{"line":468,"column":4},"end":{"line":468,"column":61}},"140":{"start":{"line":476,"column":27},"end":{"line":476,"column":55}},"141":{"start":{"line":477,"column":4},"end":{"line":493,"column":null}},"142":{"start":{"line":478,"column":6},"end":{"line":490,"column":8}},"143":{"start":{"line":492,"column":6},"end":{"line":492,"column":86}},"144":{"start":{"line":502,"column":23},"end":{"line":502,"column":66}},"145":{"start":{"line":503,"column":4},"end":{"line":505,"column":null}},"146":{"start":{"line":504,"column":6},"end":{"line":504,"column":99}},"147":{"start":{"line":508,"column":23},"end":{"line":508,"column":58}},"148":{"start":{"line":509,"column":4},"end":{"line":509,"column":49}},"149":{"start":{"line":510,"column":4},"end":{"line":510,"column":55}},"150":{"start":{"line":511,"column":4},"end":{"line":511,"column":65}},"151":{"start":{"line":512,"column":4},"end":{"line":512,"column":67}},"152":{"start":{"line":520,"column":23},"end":{"line":520,"column":58}},"153":{"start":{"line":521,"column":27},"end":{"line":521,"column":58}},"154":{"start":{"line":522,"column":4},"end":{"line":525,"column":null}},"155":{"start":{"line":523,"column":6},"end":{"line":523,"column":45}},"156":{"start":{"line":524,"column":6},"end":{"line":524,"column":48}},"157":{"start":{"line":527,"column":4},"end":{"line":527,"column":55}},"158":{"start":{"line":528,"column":4},"end":{"line":528,"column":71}},"159":{"start":{"line":536,"column":15},"end":{"line":536,"column":37}},"160":{"start":{"line":537,"column":18},"end":{"line":537,"column":41}},"161":{"start":{"line":539,"column":4},"end":{"line":547,"column":null}},"162":{"start":{"line":540,"column":6},"end":{"line":545,"column":8}},"163":{"start":{"line":546,"column":6},"end":{"line":546,"column":31}},"164":{"start":{"line":549,"column":4},"end":{"line":559,"column":null}},"165":{"start":{"line":550,"column":6},"end":{"line":550,"column":93}},"166":{"start":{"line":552,"column":6},"end":{"line":558,"column":8}},"167":{"start":{"line":567,"column":25},"end":{"line":567,"column":75}},"168":{"start":{"line":567,"column":48},"end":{"line":567,"column":74}},"169":{"start":{"line":568,"column":4},"end":{"line":580,"column":6}},"170":{"start":{"line":573,"column":45},"end":{"line":577,"column":10}},"171":{"start":{"line":588,"column":20},"end":{"line":588,"column":70}},"172":{"start":{"line":590,"column":4},"end":{"line":602,"column":null}},"173":{"start":{"line":591,"column":6},"end":{"line":591,"column":107}},"174":{"start":{"line":593,"column":17},"end":{"line":599,"column":39}},"175":{"start":{"line":600,"column":6},"end":{"line":600,"column":49}},"176":{"start":{"line":601,"column":6},"end":{"line":601,"column":115}},"177":{"start":{"line":615,"column":4},"end":{"line":638,"column":null}},"178":{"start":{"line":616,"column":40},"end":{"line":626,"column":32}},"179":{"start":{"line":628,"column":6},"end":{"line":628,"column":67}},"180":{"start":{"line":629,"column":6},"end":{"line":637,"column":11}},"181":{"start":{"line":632,"column":12},"end":{"line":632,"column":117}},"182":{"start":{"line":635,"column":10},"end":{"line":635,"column":97}},"183":{"start":{"line":636,"column":10},"end":{"line":636,"column":37}},"184":{"start":{"line":72,"column":0},"end":{"line":72,"column":13}}},"fnMap":{"0":{"name":"(anonymous_0)","decl":{"start":{"line":59,"column":0},"end":{"line":59,"column":12}},"loc":{"start":{"line":59,"column":23},"end":{"line":63,"column":1}}},"1":{"name":"(anonymous_1)","decl":{"start":{"line":79,"column":2},"end":{"line":79,"column":14}},"loc":{"start":{"line":79,"column":49},"end":{"line":81,"column":3}}},"2":{"name":"(anonymous_2)","decl":{"start":{"line":83,"column":2},"end":{"line":83,"column":10}},"loc":{"start":{"line":83,"column":10},"end":{"line":83,"column":21}}},"3":{"name":"(anonymous_3)","decl":{"start":{"line":85,"column":2},"end":{"line":85,"column":9}},"loc":{"start":{"line":85,"column":68},"end":{"line":119,"column":3}}},"4":{"name":"(anonymous_4)","decl":{"start":{"line":86,"column":55},"end":{"line":86,"column":56}},"loc":{"start":{"line":86,"column":60},"end":{"line":86,"column":86}}},"5":{"name":"(anonymous_5)","decl":{"start":{"line":90,"column":6},"end":{"line":90,"column":7}},"loc":{"start":{"line":90,"column":11},"end":{"line":90,"column":87}}},"6":{"name":"(anonymous_6)","decl":{"start":{"line":90,"column":27},"end":{"line":90,"column":31}},"loc":{"start":{"line":90,"column":35},"end":{"line":90,"column":57}}},"7":{"name":"(anonymous_7)","decl":{"start":{"line":94,"column":41},"end":{"line":94,"column":42}},"loc":{"start":{"line":94,"column":45},"end":{"line":105,"column":5}}},"8":{"name":"(anonymous_8)","decl":{"start":{"line":107,"column":40},"end":{"line":107,"column":44}},"loc":{"start":{"line":107,"column":47},"end":{"line":109,"column":5}}},"9":{"name":"(anonymous_9)","decl":{"start":{"line":112,"column":57},"end":{"line":112,"column":65}},"loc":{"start":{"line":112,"column":69},"end":{"line":112,"column":103}}},"10":{"name":"(anonymous_10)","decl":{"start":{"line":114,"column":6},"end":{"line":114,"column":14}},"loc":{"start":{"line":114,"column":18},"end":{"line":114,"column":52}}},"11":{"name":"(anonymous_11)","decl":{"start":{"line":117,"column":6},"end":{"line":117,"column":14}},"loc":{"start":{"line":117,"column":18},"end":{"line":117,"column":52}}},"12":{"name":"(anonymous_12)","decl":{"start":{"line":121,"column":2},"end":{"line":121,"column":19}},"loc":{"start":{"line":121,"column":43},"end":{"line":123,"column":3}}},"13":{"name":"(anonymous_13)","decl":{"start":{"line":125,"column":2},"end":{"line":125,"column":25}},"loc":{"start":{"line":125,"column":106},"end":{"line":138,"column":3}}},"14":{"name":"(anonymous_14)","decl":{"start":{"line":140,"column":2},"end":{"line":140,"column":16}},"loc":{"start":{"line":140,"column":34},"end":{"line":145,"column":3}}},"15":{"name":"(anonymous_15)","decl":{"start":{"line":144,"column":27},"end":{"line":144,"column":28}},"loc":{"start":{"line":144,"column":32},"end":{"line":144,"column":42}}},"16":{"name":"(anonymous_16)","decl":{"start":{"line":147,"column":2},"end":{"line":147,"column":29}},"loc":{"start":{"line":147,"column":110},"end":{"line":160,"column":3}}},"17":{"name":"(anonymous_17)","decl":{"start":{"line":161,"column":2},"end":{"line":161,"column":28}},"loc":{"start":{"line":161,"column":46},"end":{"line":170,"column":3}}},"18":{"name":"(anonymous_18)","decl":{"start":{"line":172,"column":2},"end":{"line":172,"column":14}},"loc":{"start":{"line":172,"column":35},"end":{"line":174,"column":3}}},"19":{"name":"(anonymous_19)","decl":{"start":{"line":173,"column":40},"end":{"line":173,"column":41}},"loc":{"start":{"line":173,"column":45},"end":{"line":173,"column":77}}},"20":{"name":"(anonymous_20)","decl":{"start":{"line":176,"column":2},"end":{"line":176,"column":26}},"loc":{"start":{"line":176,"column":71},"end":{"line":182,"column":3}}},"21":{"name":"(anonymous_21)","decl":{"start":{"line":178,"column":14},"end":{"line":178,"column":15}},"loc":{"start":{"line":178,"column":19},"end":{"line":178,"column":40}}},"22":{"name":"(anonymous_22)","decl":{"start":{"line":179,"column":15},"end":{"line":179,"column":16}},"loc":{"start":{"line":179,"column":19},"end":{"line":181,"column":7}}},"23":{"name":"(anonymous_23)","decl":{"start":{"line":184,"column":2},"end":{"line":184,"column":20}},"loc":{"start":{"line":184,"column":56},"end":{"line":190,"column":3}}},"24":{"name":"(anonymous_24)","decl":{"start":{"line":187,"column":37},"end":{"line":187,"column":38}},"loc":{"start":{"line":187,"column":42},"end":{"line":187,"column":64}}},"25":{"name":"(anonymous_25)","decl":{"start":{"line":192,"column":2},"end":{"line":192,"column":7}},"loc":{"start":{"line":192,"column":91},"end":{"line":260,"column":3}}},"26":{"name":"(anonymous_26)","decl":{"start":{"line":262,"column":2},"end":{"line":262,"column":31}},"loc":{"start":{"line":265,"column":27},"end":{"line":276,"column":3}}},"27":{"name":"(anonymous_27)","decl":{"start":{"line":278,"column":2},"end":{"line":278,"column":39}},"loc":{"start":{"line":281,"column":27},"end":{"line":290,"column":3}}},"28":{"name":"(anonymous_28)","decl":{"start":{"line":283,"column":56},"end":{"line":283,"column":57}},"loc":{"start":{"line":283,"column":61},"end":{"line":283,"column":104}}},"29":{"name":"(anonymous_29)","decl":{"start":{"line":292,"column":2},"end":{"line":292,"column":35}},"loc":{"start":{"line":295,"column":27},"end":{"line":312,"column":3}}},"30":{"name":"(anonymous_30)","decl":{"start":{"line":314,"column":2},"end":{"line":314,"column":32}},"loc":{"start":{"line":317,"column":27},"end":{"line":328,"column":3}}},"31":{"name":"(anonymous_31)","decl":{"start":{"line":323,"column":51},"end":{"line":323,"column":52}},"loc":{"start":{"line":323,"column":56},"end":{"line":323,"column":70}}},"32":{"name":"(anonymous_32)","decl":{"start":{"line":330,"column":2},"end":{"line":330,"column":53}},"loc":{"start":{"line":333,"column":27},"end":{"line":342,"column":3}}},"33":{"name":"(anonymous_33)","decl":{"start":{"line":335,"column":58},"end":{"line":335,"column":59}},"loc":{"start":{"line":335,"column":63},"end":{"line":335,"column":106}}},"34":{"name":"(anonymous_34)","decl":{"start":{"line":344,"column":2},"end":{"line":344,"column":39}},"loc":{"start":{"line":347,"column":27},"end":{"line":371,"column":3}}},"35":{"name":"(anonymous_35)","decl":{"start":{"line":350,"column":14},"end":{"line":350,"column":15}},"loc":{"start":{"line":350,"column":19},"end":{"line":350,"column":75}}},"36":{"name":"(anonymous_36)","decl":{"start":{"line":351,"column":14},"end":{"line":351,"column":15}},"loc":{"start":{"line":351,"column":19},"end":{"line":351,"column":56}}},"37":{"name":"(anonymous_37)","decl":{"start":{"line":353,"column":26},"end":{"line":353,"column":27}},"loc":{"start":{"line":353,"column":30},"end":{"line":361,"column":5}}},"38":{"name":"(anonymous_38)","decl":{"start":{"line":363,"column":57},"end":{"line":363,"column":58}},"loc":{"start":{"line":363,"column":62},"end":{"line":363,"column":88}}},"39":{"name":"(anonymous_39)","decl":{"start":{"line":373,"column":2},"end":{"line":373,"column":41}},"loc":{"start":{"line":376,"column":27},"end":{"line":397,"column":3}}},"40":{"name":"(anonymous_40)","decl":{"start":{"line":379,"column":6},"end":{"line":379,"column":7}},"loc":{"start":{"line":379,"column":11},"end":{"line":379,"column":89}}},"41":{"name":"(anonymous_41)","decl":{"start":{"line":399,"column":2},"end":{"line":399,"column":33}},"loc":{"start":{"line":402,"column":27},"end":{"line":437,"column":3}}},"42":{"name":"(anonymous_42)","decl":{"start":{"line":439,"column":2},"end":{"line":439,"column":24}},"loc":{"start":{"line":439,"column":108},"end":{"line":469,"column":3}}},"43":{"name":"(anonymous_43)","decl":{"start":{"line":441,"column":14},"end":{"line":441,"column":15}},"loc":{"start":{"line":441,"column":19},"end":{"line":441,"column":56}}},"44":{"name":"(anonymous_44)","decl":{"start":{"line":442,"column":14},"end":{"line":442,"column":15}},"loc":{"start":{"line":442,"column":19},"end":{"line":442,"column":86}}},"45":{"name":"(anonymous_45)","decl":{"start":{"line":445,"column":11},"end":{"line":445,"column":12}},"loc":{"start":{"line":445,"column":15},"end":{"line":447,"column":7}}},"46":{"name":"(anonymous_46)","decl":{"start":{"line":450,"column":25},"end":{"line":450,"column":28}},"loc":{"start":{"line":450,"column":31},"end":{"line":465,"column":5}}},"47":{"name":"(anonymous_47)","decl":{"start":{"line":471,"column":2},"end":{"line":471,"column":32}},"loc":{"start":{"line":474,"column":27},"end":{"line":494,"column":3}}},"48":{"name":"(anonymous_48)","decl":{"start":{"line":496,"column":2},"end":{"line":496,"column":30}},"loc":{"start":{"line":499,"column":27},"end":{"line":513,"column":3}}},"49":{"name":"(anonymous_49)","decl":{"start":{"line":515,"column":2},"end":{"line":515,"column":34}},"loc":{"start":{"line":518,"column":27},"end":{"line":529,"column":3}}},"50":{"name":"(anonymous_50)","decl":{"start":{"line":531,"column":2},"end":{"line":531,"column":26}},"loc":{"start":{"line":534,"column":27},"end":{"line":560,"column":3}}},"51":{"name":"(anonymous_51)","decl":{"start":{"line":562,"column":2},"end":{"line":562,"column":30}},"loc":{"start":{"line":565,"column":27},"end":{"line":581,"column":3}}},"52":{"name":"(anonymous_52)","decl":{"start":{"line":567,"column":43},"end":{"line":567,"column":44}},"loc":{"start":{"line":567,"column":48},"end":{"line":567,"column":74}}},"53":{"name":"(anonymous_53)","decl":{"start":{"line":573,"column":39},"end":{"line":573,"column":40}},"loc":{"start":{"line":573,"column":45},"end":{"line":577,"column":10}}},"54":{"name":"(anonymous_54)","decl":{"start":{"line":583,"column":2},"end":{"line":583,"column":45}},"loc":{"start":{"line":586,"column":38},"end":{"line":603,"column":3}}},"55":{"name":"(anonymous_55)","decl":{"start":{"line":605,"column":2},"end":{"line":605,"column":36}},"loc":{"start":{"line":613,"column":24},"end":{"line":639,"column":3}}},"56":{"name":"(anonymous_56)","decl":{"start":{"line":631,"column":10},"end":{"line":631,"column":18}},"loc":{"start":{"line":632,"column":12},"end":{"line":632,"column":117}}},"57":{"name":"(anonymous_57)","decl":{"start":{"line":634,"column":17},"end":{"line":634,"column":18}},"loc":{"start":{"line":634,"column":21},"end":{"line":637,"column":9}}}},"branchMap":{"0":{"loc":{"start":{"line":59,"column":12},"end":{"line":59,"column":null}},"type":"binary-expr","locations":[{"start":{"line":59,"column":12},"end":{"line":59,"column":23}},{"start":{"line":59,"column":12},"end":{"line":59,"column":null}}]},"1":{"loc":{"start":{"line":100,"column":8},"end":{"line":100,"column":34}},"type":"binary-expr","locations":[{"start":{"line":100,"column":8},"end":{"line":100,"column":21}},{"start":{"line":100,"column":25},"end":{"line":100,"column":34}}]},"2":{"loc":{"start":{"line":102,"column":6},"end":{"line":104,"column":null}},"type":"if","locations":[{"start":{"line":102,"column":6},"end":{"line":104,"column":null}}]},"3":{"loc":{"start":{"line":141,"column":4},"end":{"line":143,"column":null}},"type":"if","locations":[{"start":{"line":141,"column":4},"end":{"line":143,"column":null}}]},"4":{"loc":{"start":{"line":144,"column":11},"end":{"line":144,"column":51}},"type":"binary-expr","locations":[{"start":{"line":144,"column":11},"end":{"line":144,"column":43}},{"start":{"line":144,"column":47},"end":{"line":144,"column":51}}]},"5":{"loc":{"start":{"line":162,"column":4},"end":{"line":169,"column":null}},"type":"switch","locations":[{"start":{"line":163,"column":6},"end":{"line":164,"column":21}},{"start":{"line":165,"column":6},"end":{"line":166,"column":22}},{"start":{"line":167,"column":6},"end":{"line":168,"column":25}}]},"6":{"loc":{"start":{"line":186,"column":4},"end":{"line":189,"column":null}},"type":"if","locations":[{"start":{"line":186,"column":4},"end":{"line":189,"column":null}}]},"7":{"loc":{"start":{"line":195,"column":4},"end":{"line":198,"column":null}},"type":"if","locations":[{"start":{"line":195,"column":4},"end":{"line":198,"column":null}}]},"8":{"loc":{"start":{"line":201,"column":6},"end":{"line":255,"column":null}},"type":"switch","locations":[{"start":{"line":203,"column":8},"end":{"line":204,"column":91}},{"start":{"line":207,"column":8},"end":{"line":208,"column":92}},{"start":{"line":209,"column":8},"end":{"line":210,"column":100}},{"start":{"line":211,"column":8},"end":{"line":212,"column":92}},{"start":{"line":213,"column":8},"end":{"line":214,"column":96}},{"start":{"line":217,"column":8},"end":{"line":218,"column":80}},{"start":{"line":221,"column":8},"end":{"line":222,"column":98}},{"start":{"line":223,"column":8},"end":{"line":224,"column":114}},{"start":{"line":227,"column":8},"end":{"line":228,"column":102}},{"start":{"line":229,"column":8},"end":{"line":230,"column":110}},{"start":{"line":233,"column":8},"end":{"line":238,"column":12}},{"start":{"line":239,"column":8},"end":{"line":244,"column":12}},{"start":{"line":247,"column":8},"end":{"line":248,"column":96}},{"start":{"line":251,"column":8},"end":{"line":252,"column":94}},{"start":{"line":253,"column":8},"end":{"line":254,"column":110}}]},"9":{"loc":{"start":{"line":258,"column":36},"end":{"line":258,"column":60}},"type":"binary-expr","locations":[{"start":{"line":258,"column":36},"end":{"line":258,"column":55}},{"start":{"line":258,"column":59},"end":{"line":258,"column":60}}]},"10":{"loc":{"start":{"line":269,"column":18},"end":{"line":269,"column":53}},"type":"binary-expr","locations":[{"start":{"line":269,"column":18},"end":{"line":269,"column":33}},{"start":{"line":269,"column":37},"end":{"line":269,"column":53}}]},"11":{"loc":{"start":{"line":271,"column":17},"end":{"line":271,"column":42}},"type":"binary-expr","locations":[{"start":{"line":271,"column":17},"end":{"line":271,"column":34}},{"start":{"line":271,"column":38},"end":{"line":271,"column":42}}]},"12":{"loc":{"start":{"line":284,"column":4},"end":{"line":289,"column":null}},"type":"if","locations":[{"start":{"line":284,"column":4},"end":{"line":289,"column":null}},{"start":{"line":287,"column":11},"end":{"line":289,"column":null}}]},"13":{"loc":{"start":{"line":322,"column":4},"end":{"line":327,"column":null}},"type":"if","locations":[{"start":{"line":322,"column":4},"end":{"line":327,"column":null}},{"start":{"line":325,"column":11},"end":{"line":327,"column":null}}]},"14":{"loc":{"start":{"line":323,"column":22},"end":{"line":323,"column":111}},"type":"cond-expr","locations":[{"start":{"line":323,"column":30},"end":{"line":323,"column":79}},{"start":{"line":323,"column":84},"end":{"line":323,"column":110}}]},"15":{"loc":{"start":{"line":323,"column":30},"end":{"line":323,"column":79}},"type":"binary-expr","locations":[{"start":{"line":323,"column":30},"end":{"line":323,"column":71}},{"start":{"line":323,"column":75},"end":{"line":323,"column":79}}]},"16":{"loc":{"start":{"line":323,"column":84},"end":{"line":323,"column":110}},"type":"binary-expr","locations":[{"start":{"line":323,"column":84},"end":{"line":323,"column":102}},{"start":{"line":323,"column":106},"end":{"line":323,"column":110}}]},"17":{"loc":{"start":{"line":336,"column":4},"end":{"line":341,"column":null}},"type":"if","locations":[{"start":{"line":336,"column":4},"end":{"line":341,"column":null}},{"start":{"line":339,"column":11},"end":{"line":341,"column":null}}]},"18":{"loc":{"start":{"line":350,"column":19},"end":{"line":350,"column":75}},"type":"binary-expr","locations":[{"start":{"line":350,"column":19},"end":{"line":350,"column":40}},{"start":{"line":350,"column":44},"end":{"line":350,"column":75}}]},"19":{"loc":{"start":{"line":359,"column":8},"end":{"line":359,"column":34}},"type":"binary-expr","locations":[{"start":{"line":359,"column":8},"end":{"line":359,"column":21}},{"start":{"line":359,"column":25},"end":{"line":359,"column":34}}]},"20":{"loc":{"start":{"line":379,"column":11},"end":{"line":379,"column":89}},"type":"binary-expr","locations":[{"start":{"line":379,"column":11},"end":{"line":379,"column":54}},{"start":{"line":379,"column":58},"end":{"line":379,"column":89}}]},"21":{"loc":{"start":{"line":382,"column":4},"end":{"line":396,"column":null}},"type":"if","locations":[{"start":{"line":382,"column":4},"end":{"line":396,"column":null}},{"start":{"line":394,"column":11},"end":{"line":396,"column":null}}]},"22":{"loc":{"start":{"line":386,"column":8},"end":{"line":386,"column":27}},"type":"binary-expr","locations":[{"start":{"line":386,"column":8},"end":{"line":386,"column":19}},{"start":{"line":386,"column":23},"end":{"line":386,"column":27}}]},"23":{"loc":{"start":{"line":390,"column":8},"end":{"line":390,"column":35}},"type":"binary-expr","locations":[{"start":{"line":390,"column":8},"end":{"line":390,"column":22}},{"start":{"line":390,"column":26},"end":{"line":390,"column":35}}]},"24":{"loc":{"start":{"line":407,"column":4},"end":{"line":417,"column":null}},"type":"if","locations":[{"start":{"line":407,"column":4},"end":{"line":417,"column":null}}]},"25":{"loc":{"start":{"line":409,"column":20},"end":{"line":409,"column":53}},"type":"binary-expr","locations":[{"start":{"line":409,"column":20},"end":{"line":409,"column":33}},{"start":{"line":409,"column":37},"end":{"line":409,"column":53}}]},"26":{"loc":{"start":{"line":411,"column":6},"end":{"line":416,"column":null}},"type":"if","locations":[{"start":{"line":411,"column":6},"end":{"line":416,"column":null}},{"start":{"line":414,"column":13},"end":{"line":416,"column":null}}]},"27":{"loc":{"start":{"line":421,"column":18},"end":{"line":421,"column":53}},"type":"binary-expr","locations":[{"start":{"line":421,"column":18},"end":{"line":421,"column":33}},{"start":{"line":421,"column":37},"end":{"line":421,"column":53}}]},"28":{"loc":{"start":{"line":434,"column":6},"end":{"line":434,"column":43}},"type":"binary-expr","locations":[{"start":{"line":434,"column":6},"end":{"line":434,"column":30}},{"start":{"line":434,"column":34},"end":{"line":434,"column":43}}]},"29":{"loc":{"start":{"line":442,"column":19},"end":{"line":442,"column":86}},"type":"binary-expr","locations":[{"start":{"line":442,"column":19},"end":{"line":442,"column":40}},{"start":{"line":442,"column":44},"end":{"line":442,"column":86}}]},"30":{"loc":{"start":{"line":477,"column":4},"end":{"line":493,"column":null}},"type":"if","locations":[{"start":{"line":477,"column":4},"end":{"line":493,"column":null}},{"start":{"line":491,"column":11},"end":{"line":493,"column":null}}]},"31":{"loc":{"start":{"line":503,"column":4},"end":{"line":505,"column":null}},"type":"if","locations":[{"start":{"line":503,"column":4},"end":{"line":505,"column":null}}]},"32":{"loc":{"start":{"line":503,"column":8},"end":{"line":503,"column":65}},"type":"binary-expr","locations":[{"start":{"line":503,"column":8},"end":{"line":503,"column":26}},{"start":{"line":503,"column":30},"end":{"line":503,"column":65}}]},"33":{"loc":{"start":{"line":508,"column":23},"end":{"line":508,"column":58}},"type":"binary-expr","locations":[{"start":{"line":508,"column":23},"end":{"line":508,"column":38}},{"start":{"line":508,"column":42},"end":{"line":508,"column":58}}]},"34":{"loc":{"start":{"line":520,"column":23},"end":{"line":520,"column":58}},"type":"binary-expr","locations":[{"start":{"line":520,"column":23},"end":{"line":520,"column":38}},{"start":{"line":520,"column":42},"end":{"line":520,"column":58}}]},"35":{"loc":{"start":{"line":522,"column":4},"end":{"line":525,"column":null}},"type":"if","locations":[{"start":{"line":522,"column":4},"end":{"line":525,"column":null}}]},"36":{"loc":{"start":{"line":539,"column":4},"end":{"line":547,"column":null}},"type":"if","locations":[{"start":{"line":539,"column":4},"end":{"line":547,"column":null}}]},"37":{"loc":{"start":{"line":549,"column":4},"end":{"line":559,"column":null}},"type":"if","locations":[{"start":{"line":549,"column":4},"end":{"line":559,"column":null}},{"start":{"line":551,"column":11},"end":{"line":559,"column":null}}]},"38":{"loc":{"start":{"line":590,"column":4},"end":{"line":602,"column":null}},"type":"if","locations":[{"start":{"line":590,"column":4},"end":{"line":602,"column":null}},{"start":{"line":592,"column":11},"end":{"line":602,"column":null}}]},"39":{"loc":{"start":{"line":590,"column":8},"end":{"line":590,"column":62}},"type":"binary-expr","locations":[{"start":{"line":590,"column":8},"end":{"line":590,"column":23}},{"start":{"line":590,"column":27},"end":{"line":590,"column":62}}]},"40":{"loc":{"start":{"line":615,"column":4},"end":{"line":638,"column":null}},"type":"if","locations":[{"start":{"line":615,"column":4},"end":{"line":638,"column":null}}]},"41":{"loc":{"start":{"line":632,"column":12},"end":{"line":632,"column":117}},"type":"binary-expr","locations":[{"start":{"line":632,"column":12},"end":{"line":632,"column":50}},{"start":{"line":632,"column":55},"end":{"line":632,"column":86}},{"start":{"line":632,"column":90},"end":{"line":632,"column":116}}]}},"s":{"0":1,"1":1,"2":1,"3":1,"4":1,"5":1,"6":176,"7":176,"8":176,"9":176,"10":176,"11":176,"12":6,"13":2,"14":6,"15":2,"16":5,"17":6,"18":6,"19":1,"20":1,"21":1,"22":6,"23":1,"24":6,"25":2,"26":6,"27":2,"28":6,"29":0,"30":2,"31":11,"32":11,"33":64,"34":1,"35":63,"36":124,"37":0,"38":0,"39":16,"40":0,"41":4,"42":12,"43":11,"44":2,"45":11,"46":2,"47":2,"48":17,"49":17,"50":17,"51":2,"52":17,"53":260,"54":260,"55":1,"56":259,"57":259,"58":2,"59":1,"60":1,"61":12,"62":2,"63":17,"64":19,"65":6,"66":12,"67":1,"68":7,"69":1,"70":7,"71":2,"72":3,"73":0,"74":0,"75":2,"76":2,"77":2,"78":3,"79":2,"80":3,"81":2,"82":2,"83":1,"84":12,"85":12,"86":12,"87":7,"88":7,"89":7,"90":7,"91":6,"92":7,"93":0,"94":1,"95":1,"96":1,"97":1,"98":1,"99":0,"100":1,"101":1,"102":1,"103":1,"104":1,"105":1,"106":1,"107":1,"108":1,"109":6,"110":5,"111":6,"112":3,"113":3,"114":3,"115":3,"116":3,"117":3,"118":19,"119":19,"120":19,"121":16,"122":16,"123":16,"124":1,"125":1,"126":15,"127":18,"128":18,"129":18,"130":18,"131":17,"132":11,"133":8,"134":17,"135":8,"136":17,"137":8,"138":17,"139":17,"140":2,"141":2,"142":1,"143":1,"144":12,"145":12,"146":2,"147":10,"148":10,"149":10,"150":10,"151":10,"152":1,"153":1,"154":1,"155":1,"156":1,"157":1,"158":1,"159":2,"160":2,"161":2,"162":1,"163":1,"164":2,"165":1,"166":1,"167":1,"168":3,"169":1,"170":3,"171":7,"172":7,"173":0,"174":7,"175":7,"176":7,"177":25,"178":21,"179":21,"180":21,"181":14,"182":6,"183":6,"184":1},"f":{"0":1,"1":176,"2":3,"3":6,"4":2,"5":2,"6":5,"7":1,"8":1,"9":2,"10":2,"11":0,"12":2,"13":11,"14":64,"15":124,"16":0,"17":16,"18":11,"19":2,"20":11,"21":2,"22":2,"23":17,"24":2,"25":260,"26":2,"27":3,"28":2,"29":12,"30":7,"31":6,"32":1,"33":1,"34":1,"35":1,"36":1,"37":1,"38":1,"39":6,"40":5,"41":19,"42":17,"43":11,"44":8,"45":8,"46":8,"47":2,"48":12,"49":1,"50":2,"51":1,"52":3,"53":3,"54":7,"55":25,"56":14,"57":6},"b":{"0":[1,1],"1":[1,0],"2":[1],"3":[1],"4":[63,3],"5":[0,4,12],"6":[17],"7":[1],"8":[2,1,1,12,2,17,19,6,12,1,7,1,7,2,3],"9":[0,0],"10":[2,0],"11":[2,1],"12":[2,1],"13":[7,0],"14":[5,2],"15":[5,2],"16":[2,1],"17":[1,0],"18":[1,1],"19":[1,0],"20":[5,4],"21":[3,3],"22":[3,1],"23":[3,0],"24":[16],"25":[16,1],"26":[1,15],"27":[18,0],"28":[18,5],"29":[8,5],"30":[1,1],"31":[2],"32":[12,11],"33":[10,0],"34":[1,0],"35":[1],"36":[1],"37":[1,1],"38":[0,7],"39":[7,7],"40":[21],"41":[14,14,8]}}
,"/Users/rob/Documents/finos/fdc3-general/FDC3/toolbox/fdc3-for-web/fdc3-web-impl/src/handlers/HeartbeatHandler.ts": {"path":"/Users/rob/Documents/finos/fdc3-general/FDC3/toolbox/fdc3-for-web/fdc3-web-impl/src/handlers/HeartbeatHandler.ts","statementMap":{"0":{"start":{"line":2,"column":0},"end":{"line":2,"column":85}},"1":{"start":{"line":17,"column":2},"end":{"line":30,"column":null}},"2":{"start":{"line":18,"column":4},"end":{"line":18,"column":21}},"3":{"start":{"line":20,"column":4},"end":{"line":29,"column":null}},"4":{"start":{"line":22,"column":8},"end":{"line":22,"column":25}},"5":{"start":{"line":24,"column":8},"end":{"line":24,"column":27}},"6":{"start":{"line":26,"column":8},"end":{"line":26,"column":32}},"7":{"start":{"line":28,"column":8},"end":{"line":28,"column":28}},"8":{"start":{"line":37,"column":64},"end":{"line":37,"column":66}},"9":{"start":{"line":38,"column":61},"end":{"line":38,"column":70}},"10":{"start":{"line":42,"column":4},"end":{"line":82,"column":21}},"11":{"start":{"line":43,"column":6},"end":{"line":81,"column":9}},"12":{"start":{"line":44,"column":21},"end":{"line":44,"column":42}},"13":{"start":{"line":45,"column":8},"end":{"line":80,"column":13}},"14":{"start":{"line":46,"column":25},"end":{"line":46,"column":89}},"15":{"start":{"line":48,"column":24},"end":{"line":48,"column":44}},"16":{"start":{"line":49,"column":12},"end":{"line":49,"column":40}},"17":{"start":{"line":52,"column":34},"end":{"line":52,"column":73}},"18":{"start":{"line":53,"column":33},"end":{"line":53,"column":42}},"19":{"start":{"line":55,"column":12},"end":{"line":79,"column":null}},"20":{"start":{"line":56,"column":45},"end":{"line":56,"column":64}},"21":{"start":{"line":58,"column":14},"end":{"line":75,"column":null}},"22":{"start":{"line":59,"column":16},"end":{"line":61,"column":18}},"23":{"start":{"line":62,"column":16},"end":{"line":62,"column":64}},"24":{"start":{"line":63,"column":21},"end":{"line":75,"column":null}},"25":{"start":{"line":64,"column":16},"end":{"line":66,"column":18}},"26":{"start":{"line":67,"column":16},"end":{"line":67,"column":68}},"27":{"start":{"line":68,"column":21},"end":{"line":75,"column":null}},"28":{"start":{"line":69,"column":16},"end":{"line":71,"column":18}},"29":{"start":{"line":72,"column":16},"end":{"line":72,"column":65}},"30":{"start":{"line":78,"column":14},"end":{"line":78,"column":59}},"31":{"start":{"line":91,"column":16},"end":{"line":91,"column":36}},"32":{"start":{"line":92,"column":4},"end":{"line":100,"column":44}},"33":{"start":{"line":94,"column":8},"end":{"line":98,"column":30}},"34":{"start":{"line":97,"column":55},"end":{"line":97,"column":82}},"35":{"start":{"line":97,"column":101},"end":{"line":97,"column":107}},"36":{"start":{"line":100,"column":19},"end":{"line":100,"column":42}},"37":{"start":{"line":104,"column":4},"end":{"line":104,"column":38}},"38":{"start":{"line":112,"column":4},"end":{"line":114,"column":null}},"39":{"start":{"line":113,"column":6},"end":{"line":113,"column":29}},"40":{"start":{"line":116,"column":4},"end":{"line":121,"column":null}},"41":{"start":{"line":117,"column":18},"end":{"line":117,"column":45}},"42":{"start":{"line":118,"column":6},"end":{"line":120,"column":null}},"43":{"start":{"line":119,"column":8},"end":{"line":119,"column":70}},"44":{"start":{"line":123,"column":4},"end":{"line":128,"column":null}},"45":{"start":{"line":124,"column":18},"end":{"line":124,"column":45}},"46":{"start":{"line":125,"column":6},"end":{"line":127,"column":null}},"47":{"start":{"line":126,"column":8},"end":{"line":126,"column":47}},"48":{"start":{"line":132,"column":34},"end":{"line":139,"column":6}},"49":{"start":{"line":140,"column":4},"end":{"line":140,"column":35}},"50":{"start":{"line":36,"column":0},"end":{"line":36,"column":13}}},"fnMap":{"0":{"name":"convertToText","decl":{"start":{"line":16,"column":9},"end":{"line":16,"column":22}},"loc":{"start":{"line":16,"column":32},"end":{"line":31,"column":1}}},"1":{"name":"(anonymous_1)","decl":{"start":{"line":41,"column":2},"end":{"line":41,"column":14}},"loc":{"start":{"line":41,"column":102},"end":{"line":83,"column":3}}},"2":{"name":"(anonymous_2)","decl":{"start":{"line":42,"column":37},"end":{"line":42,"column":40}},"loc":{"start":{"line":42,"column":42},"end":{"line":82,"column":5}}},"3":{"name":"(anonymous_3)","decl":{"start":{"line":43,"column":28},"end":{"line":43,"column":33}},"loc":{"start":{"line":43,"column":39},"end":{"line":81,"column":7}}},"4":{"name":"(anonymous_4)","decl":{"start":{"line":46,"column":18},"end":{"line":46,"column":21}},"loc":{"start":{"line":46,"column":25},"end":{"line":46,"column":89}}},"5":{"name":"(anonymous_5)","decl":{"start":{"line":47,"column":19},"end":{"line":47,"column":22}},"loc":{"start":{"line":47,"column":25},"end":{"line":80,"column":11}}},"6":{"name":"(anonymous_6)","decl":{"start":{"line":86,"column":2},"end":{"line":86,"column":9}},"loc":{"start":{"line":86,"column":70},"end":{"line":88,"column":3}}},"7":{"name":"(anonymous_7)","decl":{"start":{"line":90,"column":2},"end":{"line":90,"column":16}},"loc":{"start":{"line":90,"column":16},"end":{"line":101,"column":3}}},"8":{"name":"(anonymous_8)","decl":{"start":{"line":93,"column":11},"end":{"line":93,"column":12}},"loc":{"start":{"line":93,"column":15},"end":{"line":99,"column":7}}},"9":{"name":"(anonymous_9)","decl":{"start":{"line":97,"column":49},"end":{"line":97,"column":51}},"loc":{"start":{"line":97,"column":55},"end":{"line":97,"column":82}}},"10":{"name":"(anonymous_10)","decl":{"start":{"line":97,"column":91},"end":{"line":97,"column":92}},"loc":{"start":{"line":97,"column":101},"end":{"line":97,"column":107}}},"11":{"name":"(anonymous_11)","decl":{"start":{"line":100,"column":14},"end":{"line":100,"column":15}},"loc":{"start":{"line":100,"column":19},"end":{"line":100,"column":42}}},"12":{"name":"(anonymous_12)","decl":{"start":{"line":103,"column":2},"end":{"line":103,"column":10}},"loc":{"start":{"line":103,"column":10},"end":{"line":105,"column":3}}},"13":{"name":"(anonymous_13)","decl":{"start":{"line":107,"column":2},"end":{"line":107,"column":7}},"loc":{"start":{"line":110,"column":20},"end":{"line":129,"column":3}}},"14":{"name":"(anonymous_14)","decl":{"start":{"line":131,"column":2},"end":{"line":131,"column":7}},"loc":{"start":{"line":131,"column":80},"end":{"line":141,"column":3}}}},"branchMap":{"0":{"loc":{"start":{"line":17,"column":2},"end":{"line":30,"column":null}},"type":"if","locations":[{"start":{"line":17,"column":2},"end":{"line":30,"column":null}},{"start":{"line":19,"column":9},"end":{"line":30,"column":null}}]},"1":{"loc":{"start":{"line":20,"column":4},"end":{"line":29,"column":null}},"type":"switch","locations":[{"start":{"line":21,"column":6},"end":{"line":22,"column":25}},{"start":{"line":23,"column":6},"end":{"line":24,"column":27}},{"start":{"line":25,"column":6},"end":{"line":26,"column":32}},{"start":{"line":27,"column":6},"end":{"line":28,"column":28}}]},"2":{"loc":{"start":{"line":41,"column":14},"end":{"line":41,"column":41}},"type":"default-arg","locations":[{"start":{"line":41,"column":37},"end":{"line":41,"column":41}}]},"3":{"loc":{"start":{"line":41,"column":43},"end":{"line":41,"column":75}},"type":"default-arg","locations":[{"start":{"line":41,"column":71},"end":{"line":41,"column":75}}]},"4":{"loc":{"start":{"line":41,"column":77},"end":{"line":41,"column":102}},"type":"default-arg","locations":[{"start":{"line":41,"column":97},"end":{"line":41,"column":102}}]},"5":{"loc":{"start":{"line":46,"column":25},"end":{"line":46,"column":89}},"type":"binary-expr","locations":[{"start":{"line":46,"column":25},"end":{"line":46,"column":53}},{"start":{"line":46,"column":57},"end":{"line":46,"column":89}}]},"6":{"loc":{"start":{"line":55,"column":12},"end":{"line":79,"column":null}},"type":"if","locations":[{"start":{"line":55,"column":12},"end":{"line":79,"column":null}},{"start":{"line":76,"column":19},"end":{"line":79,"column":null}}]},"7":{"loc":{"start":{"line":58,"column":14},"end":{"line":75,"column":null}},"type":"if","locations":[{"start":{"line":58,"column":14},"end":{"line":75,"column":null}},{"start":{"line":63,"column":21},"end":{"line":75,"column":null}}]},"8":{"loc":{"start":{"line":58,"column":18},"end":{"line":58,"column":95}},"type":"binary-expr","locations":[{"start":{"line":58,"column":18},"end":{"line":58,"column":60}},{"start":{"line":58,"column":64},"end":{"line":58,"column":95}}]},"9":{"loc":{"start":{"line":63,"column":21},"end":{"line":75,"column":null}},"type":"if","locations":[{"start":{"line":63,"column":21},"end":{"line":75,"column":null}},{"start":{"line":68,"column":21},"end":{"line":75,"column":null}}]},"10":{"loc":{"start":{"line":63,"column":25},"end":{"line":63,"column":102}},"type":"binary-expr","locations":[{"start":{"line":63,"column":25},"end":{"line":63,"column":67}},{"start":{"line":63,"column":71},"end":{"line":63,"column":102}}]},"11":{"loc":{"start":{"line":68,"column":21},"end":{"line":75,"column":null}},"type":"if","locations":[{"start":{"line":68,"column":21},"end":{"line":75,"column":null}},{"start":{"line":73,"column":21},"end":{"line":75,"column":null}}]},"12":{"loc":{"start":{"line":68,"column":25},"end":{"line":68,"column":98}},"type":"binary-expr","locations":[{"start":{"line":68,"column":25},"end":{"line":68,"column":59}},{"start":{"line":68,"column":63},"end":{"line":68,"column":98}}]},"13":{"loc":{"start":{"line":97,"column":101},"end":{"line":97,"column":107}},"type":"binary-expr","locations":[{"start":{"line":97,"column":101},"end":{"line":97,"column":102}},{"start":{"line":97,"column":106},"end":{"line":97,"column":107}}]},"14":{"loc":{"start":{"line":112,"column":4},"end":{"line":114,"column":null}},"type":"if","locations":[{"start":{"line":112,"column":4},"end":{"line":114,"column":null}}]},"15":{"loc":{"start":{"line":116,"column":4},"end":{"line":121,"column":null}},"type":"if","locations":[{"start":{"line":116,"column":4},"end":{"line":121,"column":null}}]},"16":{"loc":{"start":{"line":118,"column":6},"end":{"line":120,"column":null}},"type":"if","locations":[{"start":{"line":118,"column":6},"end":{"line":120,"column":null}}]},"17":{"loc":{"start":{"line":123,"column":4},"end":{"line":128,"column":null}},"type":"if","locations":[{"start":{"line":123,"column":4},"end":{"line":128,"column":null}}]},"18":{"loc":{"start":{"line":125,"column":6},"end":{"line":127,"column":null}},"type":"if","locations":[{"start":{"line":125,"column":6},"end":{"line":127,"column":null}}]}},"s":{"0":1,"1":2,"2":0,"3":2,"4":0,"5":1,"6":0,"7":1,"8":3,"9":3,"10":3,"11":30,"12":30,"13":30,"14":30,"15":27,"16":27,"17":27,"18":27,"19":27,"20":24,"21":24,"22":0,"23":0,"24":24,"25":1,"26":1,"27":23,"28":1,"29":1,"30":3,"31":2,"32":2,"33":2,"34":2,"35":0,"36":2,"37":3,"38":9,"39":3,"40":9,"41":5,"42":5,"43":5,"44":9,"45":1,"46":1,"47":1,"48":27,"49":27,"50":1},"f":{"0":2,"1":3,"2":30,"3":30,"4":30,"5":27,"6":0,"7":2,"8":2,"9":2,"10":0,"11":2,"12":3,"13":9,"14":27},"b":{"0":[0,2],"1":[0,1,0,1],"2":[0],"3":[0],"4":[0],"5":[30,8],"6":[24,3],"7":[0,24],"8":[24,18],"9":[1,23],"10":[24,6],"11":[1,22],"12":[23,1],"13":[0,0],"14":[3],"15":[5],"16":[5],"17":[1],"18":[1]}}
,"/Users/rob/Documents/finos/fdc3-general/FDC3/toolbox/fdc3-for-web/fdc3-web-impl/src/handlers/IntentHandler.ts": {"path":"/Users/rob/Documents/finos/fdc3-general/FDC3/toolbox/fdc3-for-web/fdc3-web-impl/src/handlers/IntentHandler.ts","statementMap":{"0":{"start":{"line":5,"column":0},"end":{"line":5,"column":78}},"1":{"start":{"line":6,"column":0},"end":{"line":6,"column":null}},"2":{"start":{"line":51,"column":27},"end":{"line":66,"column":4}},"3":{"start":{"line":69,"column":2},"end":{"line":69,"column":57}},"4":{"start":{"line":70,"column":2},"end":{"line":70,"column":36}},"5":{"start":{"line":71,"column":2},"end":{"line":82,"column":4}},"6":{"start":{"line":92,"column":22},"end":{"line":92,"column":27}},"7":{"start":{"line":99,"column":4},"end":{"line":99,"column":15}},"8":{"start":{"line":100,"column":4},"end":{"line":100,"column":23}},"9":{"start":{"line":101,"column":4},"end":{"line":101,"column":17}},"10":{"start":{"line":102,"column":4},"end":{"line":102,"column":17}},"11":{"start":{"line":105,"column":4},"end":{"line":110,"column":21}},"12":{"start":{"line":106,"column":6},"end":{"line":109,"column":null}},"13":{"start":{"line":107,"column":8},"end":{"line":107,"column":94}},"14":{"start":{"line":108,"column":8},"end":{"line":108,"column":44}},"15":{"start":{"line":114,"column":4},"end":{"line":122,"column":null}},"16":{"start":{"line":119,"column":6},"end":{"line":119,"column":27}},"17":{"start":{"line":120,"column":6},"end":{"line":120,"column":42}},"18":{"start":{"line":121,"column":6},"end":{"line":121,"column":99}},"19":{"start":{"line":128,"column":50},"end":{"line":128,"column":52}},"20":{"start":{"line":129,"column":48},"end":{"line":129,"column":57}},"21":{"start":{"line":130,"column":64},"end":{"line":130,"column":73}},"22":{"start":{"line":134,"column":4},"end":{"line":134,"column":23}},"23":{"start":{"line":135,"column":4},"end":{"line":135,"column":31}},"24":{"start":{"line":139,"column":4},"end":{"line":139,"column":88}},"25":{"start":{"line":139,"column":58},"end":{"line":139,"column":86}},"26":{"start":{"line":143,"column":4},"end":{"line":147,"column":7}},"27":{"start":{"line":144,"column":6},"end":{"line":146,"column":null}},"28":{"start":{"line":145,"column":8},"end":{"line":145,"column":44}},"29":{"start":{"line":158,"column":16},"end":{"line":158,"column":67}},"30":{"start":{"line":159,"column":4},"end":{"line":159,"column":15}},"31":{"start":{"line":163,"column":17},"end":{"line":163,"column":44}},"32":{"start":{"line":165,"column":4},"end":{"line":168,"column":null}},"33":{"start":{"line":167,"column":6},"end":{"line":167,"column":13}},"34":{"start":{"line":170,"column":4},"end":{"line":195,"column":null}},"35":{"start":{"line":171,"column":6},"end":{"line":191,"column":null}},"36":{"start":{"line":174,"column":10},"end":{"line":174,"column":102}},"37":{"start":{"line":176,"column":10},"end":{"line":176,"column":82}},"38":{"start":{"line":180,"column":10},"end":{"line":180,"column":91}},"39":{"start":{"line":182,"column":10},"end":{"line":182,"column":93}},"40":{"start":{"line":186,"column":10},"end":{"line":186,"column":84}},"41":{"start":{"line":188,"column":10},"end":{"line":188,"column":104}},"42":{"start":{"line":190,"column":10},"end":{"line":190,"column":86}},"43":{"start":{"line":193,"column":27},"end":{"line":193,"column":111}},"44":{"start":{"line":194,"column":6},"end":{"line":194,"column":76}},"45":{"start":{"line":206,"column":22},"end":{"line":206,"column":57}},"46":{"start":{"line":207,"column":15},"end":{"line":207,"column":53}},"47":{"start":{"line":208,"column":4},"end":{"line":222,"column":null}},"48":{"start":{"line":211,"column":6},"end":{"line":219,"column":8}},"49":{"start":{"line":221,"column":6},"end":{"line":221,"column":48}},"50":{"start":{"line":224,"column":4},"end":{"line":224,"column":64}},"51":{"start":{"line":232,"column":15},"end":{"line":232,"column":40}},"52":{"start":{"line":233,"column":15},"end":{"line":233,"column":70}},"53":{"start":{"line":233,"column":49},"end":{"line":233,"column":69}},"54":{"start":{"line":234,"column":4},"end":{"line":239,"column":null}},"55":{"start":{"line":235,"column":6},"end":{"line":235,"column":39}},"56":{"start":{"line":236,"column":6},"end":{"line":236,"column":79}},"57":{"start":{"line":238,"column":6},"end":{"line":238,"column":98}},"58":{"start":{"line":247,"column":37},"end":{"line":252,"column":6}},"59":{"start":{"line":254,"column":4},"end":{"line":254,"column":32}},"60":{"start":{"line":255,"column":4},"end":{"line":263,"column":6}},"61":{"start":{"line":266,"column":4},"end":{"line":271,"column":null}},"62":{"start":{"line":267,"column":6},"end":{"line":267,"column":19}},"63":{"start":{"line":268,"column":6},"end":{"line":270,"column":null}},"64":{"start":{"line":269,"column":8},"end":{"line":269,"column":38}},"65":{"start":{"line":275,"column":4},"end":{"line":275,"column":106}},"66":{"start":{"line":275,"column":40},"end":{"line":275,"column":96}},"67":{"start":{"line":284,"column":15},"end":{"line":284,"column":56}},"68":{"start":{"line":285,"column":4},"end":{"line":285,"column":32}},"69":{"start":{"line":286,"column":4},"end":{"line":288,"column":7}},"70":{"start":{"line":287,"column":6},"end":{"line":287,"column":23}},"71":{"start":{"line":296,"column":4},"end":{"line":305,"column":null}},"72":{"start":{"line":298,"column":6},"end":{"line":304,"column":8}},"73":{"start":{"line":307,"column":34},"end":{"line":307,"column":97}},"74":{"start":{"line":307,"column":51},"end":{"line":307,"column":96}},"75":{"start":{"line":309,"column":4},"end":{"line":314,"column":null}},"76":{"start":{"line":310,"column":6},"end":{"line":310,"column":61}},"77":{"start":{"line":313,"column":6},"end":{"line":313,"column":72}},"78":{"start":{"line":319,"column":47},"end":{"line":319,"column":116}},"79":{"start":{"line":320,"column":21},"end":{"line":320,"column":71}},"80":{"start":{"line":320,"column":47},"end":{"line":320,"column":70}},"81":{"start":{"line":322,"column":4},"end":{"line":328,"column":null}},"82":{"start":{"line":324,"column":17},"end":{"line":324,"column":56}},"83":{"start":{"line":325,"column":6},"end":{"line":325,"column":34}},"84":{"start":{"line":327,"column":6},"end":{"line":327,"column":86}},"85":{"start":{"line":337,"column":23},"end":{"line":337,"column":68}},"86":{"start":{"line":338,"column":4},"end":{"line":340,"column":null}},"87":{"start":{"line":339,"column":6},"end":{"line":339,"column":117}},"88":{"start":{"line":342,"column":48},"end":{"line":352,"column":5}},"89":{"start":{"line":344,"column":26},"end":{"line":344,"column":65}},"90":{"start":{"line":344,"column":51},"end":{"line":344,"column":63}},"91":{"start":{"line":345,"column":6},"end":{"line":351,"column":9}},"92":{"start":{"line":346,"column":32},"end":{"line":346,"column":80}},"93":{"start":{"line":346,"column":52},"end":{"line":346,"column":79}},"94":{"start":{"line":347,"column":8},"end":{"line":350,"column":10}},"95":{"start":{"line":349,"column":44},"end":{"line":349,"column":61}},"96":{"start":{"line":349,"column":73},"end":{"line":349,"column":91}},"97":{"start":{"line":354,"column":31},"end":{"line":356,"column":5}},"98":{"start":{"line":355,"column":6},"end":{"line":355,"column":56}},"99":{"start":{"line":355,"column":36},"end":{"line":355,"column":54}},"100":{"start":{"line":360,"column":29},"end":{"line":360,"column":44}},"101":{"start":{"line":361,"column":47},"end":{"line":361,"column":118}},"102":{"start":{"line":362,"column":23},"end":{"line":362,"column":89}},"103":{"start":{"line":364,"column":4},"end":{"line":366,"column":null}},"104":{"start":{"line":365,"column":6},"end":{"line":365,"column":108}},"105":{"start":{"line":368,"column":4},"end":{"line":370,"column":null}},"106":{"start":{"line":369,"column":6},"end":{"line":369,"column":117}},"107":{"start":{"line":372,"column":31},"end":{"line":372,"column":94}},"108":{"start":{"line":374,"column":4},"end":{"line":386,"column":null}},"109":{"start":{"line":375,"column":6},"end":{"line":385,"column":null}},"110":{"start":{"line":377,"column":27},"end":{"line":377,"column":72}},"111":{"start":{"line":378,"column":8},"end":{"line":384,"column":null}},"112":{"start":{"line":379,"column":36},"end":{"line":382,"column":12}},"113":{"start":{"line":383,"column":10},"end":{"line":383,"column":61}},"114":{"start":{"line":388,"column":4},"end":{"line":388,"column":106}},"115":{"start":{"line":392,"column":17},"end":{"line":392,"column":49}},"116":{"start":{"line":392,"column":41},"end":{"line":392,"column":48}},"117":{"start":{"line":393,"column":23},"end":{"line":393,"column":74}},"118":{"start":{"line":393,"column":48},"end":{"line":393,"column":66}},"119":{"start":{"line":394,"column":4},"end":{"line":394,"column":27}},"120":{"start":{"line":398,"column":26},"end":{"line":398,"column":53}},"121":{"start":{"line":399,"column":28},"end":{"line":399,"column":114}},"122":{"start":{"line":399,"column":46},"end":{"line":399,"column":113}},"123":{"start":{"line":400,"column":30},"end":{"line":400,"column":108}},"124":{"start":{"line":400,"column":55},"end":{"line":400,"column":67}},"125":{"start":{"line":400,"column":89},"end":{"line":400,"column":107}},"126":{"start":{"line":402,"column":36},"end":{"line":418,"column":6}},"127":{"start":{"line":403,"column":38},"end":{"line":403,"column":106}},"128":{"start":{"line":403,"column":67},"end":{"line":403,"column":85}},"129":{"start":{"line":403,"column":97},"end":{"line":403,"column":105}},"130":{"start":{"line":404,"column":26},"end":{"line":404,"column":96}},"131":{"start":{"line":404,"column":53},"end":{"line":404,"column":95}},"132":{"start":{"line":406,"column":6},"end":{"line":417,"column":8}},"133":{"start":{"line":414,"column":12},"end":{"line":414,"column":32}},"134":{"start":{"line":420,"column":31},"end":{"line":420,"column":102}},"135":{"start":{"line":422,"column":4},"end":{"line":425,"column":null}},"136":{"start":{"line":424,"column":6},"end":{"line":424,"column":108}},"137":{"start":{"line":427,"column":4},"end":{"line":442,"column":null}},"138":{"start":{"line":428,"column":27},"end":{"line":428,"column":48}},"139":{"start":{"line":429,"column":6},"end":{"line":441,"column":null}},"140":{"start":{"line":430,"column":30},"end":{"line":430,"column":80}},"141":{"start":{"line":430,"column":60},"end":{"line":430,"column":72}},"142":{"start":{"line":431,"column":34},"end":{"line":434,"column":10}},"143":{"start":{"line":435,"column":8},"end":{"line":440,"column":null}},"144":{"start":{"line":437,"column":10},"end":{"line":437,"column":68}},"145":{"start":{"line":438,"column":15},"end":{"line":440,"column":null}},"146":{"start":{"line":439,"column":10},"end":{"line":439,"column":75}},"147":{"start":{"line":444,"column":4},"end":{"line":458,"column":null}},"148":{"start":{"line":446,"column":6},"end":{"line":454,"column":8}},"149":{"start":{"line":457,"column":6},"end":{"line":457,"column":120}},"150":{"start":{"line":466,"column":41},"end":{"line":472,"column":6}},"151":{"start":{"line":474,"column":19},"end":{"line":474,"column":35}},"152":{"start":{"line":475,"column":4},"end":{"line":494,"column":null}},"153":{"start":{"line":476,"column":6},"end":{"line":490,"column":null}},"154":{"start":{"line":477,"column":8},"end":{"line":477,"column":86}},"155":{"start":{"line":478,"column":13},"end":{"line":490,"column":null}},"156":{"start":{"line":479,"column":8},"end":{"line":479,"column":83}},"157":{"start":{"line":482,"column":8},"end":{"line":482,"column":90}},"158":{"start":{"line":483,"column":8},"end":{"line":489,"column":10}},"159":{"start":{"line":493,"column":6},"end":{"line":493,"column":59}},"160":{"start":{"line":503,"column":26},"end":{"line":503,"column":105}},"161":{"start":{"line":504,"column":30},"end":{"line":504,"column":118}},"162":{"start":{"line":504,"column":64},"end":{"line":504,"column":117}},"163":{"start":{"line":504,"column":82},"end":{"line":504,"column":111}},"164":{"start":{"line":505,"column":52},"end":{"line":513,"column":6}},"165":{"start":{"line":506,"column":6},"end":{"line":512,"column":8}},"166":{"start":{"line":515,"column":4},"end":{"line":523,"column":null}},"167":{"start":{"line":516,"column":6},"end":{"line":522,"column":8}},"168":{"start":{"line":525,"column":19},"end":{"line":525,"column":35}},"169":{"start":{"line":526,"column":4},"end":{"line":545,"column":null}},"170":{"start":{"line":527,"column":6},"end":{"line":541,"column":null}},"171":{"start":{"line":528,"column":8},"end":{"line":528,"column":93}},"172":{"start":{"line":529,"column":13},"end":{"line":541,"column":null}},"173":{"start":{"line":530,"column":8},"end":{"line":530,"column":90}},"174":{"start":{"line":533,"column":8},"end":{"line":533,"column":100}},"175":{"start":{"line":534,"column":8},"end":{"line":540,"column":10}},"176":{"start":{"line":544,"column":6},"end":{"line":544,"column":66}},"177":{"start":{"line":553,"column":36},"end":{"line":553,"column":45}},"178":{"start":{"line":555,"column":18},"end":{"line":555,"column":86}},"179":{"start":{"line":558,"column":31},"end":{"line":558,"column":33}},"180":{"start":{"line":560,"column":4},"end":{"line":582,"column":null}},"181":{"start":{"line":560,"column":21},"end":{"line":560,"column":22}},"182":{"start":{"line":561,"column":17},"end":{"line":561,"column":29}},"183":{"start":{"line":562,"column":23},"end":{"line":562,"column":72}},"184":{"start":{"line":562,"column":40},"end":{"line":562,"column":71}},"185":{"start":{"line":563,"column":31},"end":{"line":563,"column":80}},"186":{"start":{"line":564,"column":6},"end":{"line":581,"column":null}},"187":{"start":{"line":565,"column":8},"end":{"line":565,"column":48}},"188":{"start":{"line":566,"column":8},"end":{"line":566,"column":107}},"189":{"start":{"line":566,"column":39},"end":{"line":566,"column":105}},"190":{"start":{"line":568,"column":37},"end":{"line":578,"column":10}},"191":{"start":{"line":579,"column":8},"end":{"line":579,"column":108}},"192":{"start":{"line":579,"column":39},"end":{"line":579,"column":106}},"193":{"start":{"line":580,"column":8},"end":{"line":580,"column":30}},"194":{"start":{"line":584,"column":4},"end":{"line":592,"column":6}},"195":{"start":{"line":600,"column":44},"end":{"line":600,"column":53}},"196":{"start":{"line":603,"column":18},"end":{"line":608,"column":25}},"197":{"start":{"line":604,"column":6},"end":{"line":607,"column":8}},"198":{"start":{"line":611,"column":18},"end":{"line":615,"column":6}},"199":{"start":{"line":612,"column":6},"end":{"line":614,"column":8}},"200":{"start":{"line":618,"column":22},"end":{"line":618,"column":42}},"201":{"start":{"line":621,"column":31},"end":{"line":621,"column":96}},"202":{"start":{"line":622,"column":24},"end":{"line":622,"column":101}},"203":{"start":{"line":624,"column":4},"end":{"line":638,"column":6}},"204":{"start":{"line":645,"column":23},"end":{"line":645,"column":50}},"205":{"start":{"line":646,"column":21},"end":{"line":646,"column":79}},"206":{"start":{"line":646,"column":52},"end":{"line":646,"column":78}},"207":{"start":{"line":647,"column":19},"end":{"line":647,"column":91}},"208":{"start":{"line":647,"column":40},"end":{"line":647,"column":90}},"209":{"start":{"line":647,"column":61},"end":{"line":647,"column":89}},"210":{"start":{"line":648,"column":4},"end":{"line":648,"column":18}},"211":{"start":{"line":652,"column":23},"end":{"line":652,"column":50}},"212":{"start":{"line":653,"column":25},"end":{"line":653,"column":66}},"213":{"start":{"line":653,"column":48},"end":{"line":653,"column":65}},"214":{"start":{"line":654,"column":4},"end":{"line":654,"column":24}},"215":{"start":{"line":126,"column":0},"end":{"line":126,"column":13}}},"fnMap":{"0":{"name":"forwardRequest","decl":{"start":{"line":45,"column":15},"end":{"line":45,"column":29}},"loc":{"start":{"line":49,"column":19},"end":{"line":83,"column":1}}},"1":{"name":"(anonymous_1)","decl":{"start":{"line":98,"column":2},"end":{"line":98,"column":14}},"loc":{"start":{"line":98,"column":107},"end":{"line":111,"column":3}}},"2":{"name":"(anonymous_2)","decl":{"start":{"line":105,"column":15},"end":{"line":105,"column":18}},"loc":{"start":{"line":105,"column":20},"end":{"line":110,"column":5}}},"3":{"name":"(anonymous_3)","decl":{"start":{"line":113,"column":2},"end":{"line":113,"column":7}},"loc":{"start":{"line":113,"column":41},"end":{"line":123,"column":3}}},"4":{"name":"(anonymous_4)","decl":{"start":{"line":133,"column":2},"end":{"line":133,"column":14}},"loc":{"start":{"line":133,"column":45},"end":{"line":136,"column":3}}},"5":{"name":"(anonymous_5)","decl":{"start":{"line":138,"column":2},"end":{"line":138,"column":9}},"loc":{"start":{"line":138,"column":75},"end":{"line":148,"column":3}}},"6":{"name":"(anonymous_6)","decl":{"start":{"line":139,"column":51},"end":{"line":139,"column":54}},"loc":{"start":{"line":139,"column":58},"end":{"line":139,"column":86}}},"7":{"name":"(anonymous_7)","decl":{"start":{"line":143,"column":36},"end":{"line":143,"column":37}},"loc":{"start":{"line":143,"column":49},"end":{"line":147,"column":5}}},"8":{"name":"(anonymous_8)","decl":{"start":{"line":150,"column":2},"end":{"line":150,"column":10}},"loc":{"start":{"line":150,"column":10},"end":{"line":150,"column":22}}},"9":{"name":"(anonymous_9)","decl":{"start":{"line":152,"column":2},"end":{"line":152,"column":7}},"loc":{"start":{"line":156,"column":38},"end":{"line":160,"column":3}}},"10":{"name":"(anonymous_10)","decl":{"start":{"line":162,"column":2},"end":{"line":162,"column":7}},"loc":{"start":{"line":162,"column":91},"end":{"line":196,"column":3}}},"11":{"name":"(anonymous_11)","decl":{"start":{"line":201,"column":2},"end":{"line":201,"column":21}},"loc":{"start":{"line":204,"column":27},"end":{"line":225,"column":3}}},"12":{"name":"(anonymous_12)","decl":{"start":{"line":227,"column":2},"end":{"line":227,"column":15}},"loc":{"start":{"line":230,"column":27},"end":{"line":240,"column":3}}},"13":{"name":"(anonymous_13)","decl":{"start":{"line":233,"column":44},"end":{"line":233,"column":45}},"loc":{"start":{"line":233,"column":49},"end":{"line":233,"column":69}}},"14":{"name":"(anonymous_14)","decl":{"start":{"line":242,"column":2},"end":{"line":242,"column":21}},"loc":{"start":{"line":245,"column":27},"end":{"line":272,"column":3}}},"15":{"name":"(anonymous_15)","decl":{"start":{"line":274,"column":2},"end":{"line":274,"column":13}},"loc":{"start":{"line":274,"column":52},"end":{"line":276,"column":3}}},"16":{"name":"(anonymous_16)","decl":{"start":{"line":275,"column":35},"end":{"line":275,"column":36}},"loc":{"start":{"line":275,"column":40},"end":{"line":275,"column":96}}},"17":{"name":"(anonymous_17)","decl":{"start":{"line":278,"column":2},"end":{"line":278,"column":7}},"loc":{"start":{"line":281,"column":25},"end":{"line":289,"column":3}}},"18":{"name":"(anonymous_18)","decl":{"start":{"line":286,"column":31},"end":{"line":286,"column":34}},"loc":{"start":{"line":286,"column":36},"end":{"line":288,"column":5}}},"19":{"name":"(anonymous_19)","decl":{"start":{"line":291,"column":2},"end":{"line":291,"column":7}},"loc":{"start":{"line":294,"column":29},"end":{"line":315,"column":3}}},"20":{"name":"(anonymous_20)","decl":{"start":{"line":307,"column":46},"end":{"line":307,"column":47}},"loc":{"start":{"line":307,"column":51},"end":{"line":307,"column":96}}},"21":{"name":"(anonymous_21)","decl":{"start":{"line":317,"column":2},"end":{"line":317,"column":7}},"loc":{"start":{"line":317,"column":113},"end":{"line":329,"column":3}}},"22":{"name":"(anonymous_22)","decl":{"start":{"line":320,"column":42},"end":{"line":320,"column":43}},"loc":{"start":{"line":320,"column":47},"end":{"line":320,"column":70}}},"23":{"name":"(anonymous_23)","decl":{"start":{"line":331,"column":2},"end":{"line":331,"column":7}},"loc":{"start":{"line":334,"column":25},"end":{"line":389,"column":3}}},"24":{"name":"(anonymous_24)","decl":{"start":{"line":342,"column":48},"end":{"line":342,"column":49}},"loc":{"start":{"line":342,"column":107},"end":{"line":352,"column":5}}},"25"
[...]
},"3":{"start":{"line":8,"column":0},"end":{"line":8,"column":null}},"4":{"start":{"line":31,"column":0},"end":{"line":31,"column":null}},"5":{"start":{"line":32,"column":2},"end":{"line":32,"column":null}},"6":{"start":{"line":33,"column":2},"end":{"line":33,"column":null}},"7":{"start":{"line":34,"column":2},"end":{"line":34,"column":null}},"8":{"start":{"line":42,"column":20},"end":{"line":42,"column":36}},"9":{"start":{"line":43,"column":49},"end":{"line":43,"column":58}},"10":{"start":{"line":52,"column":4},"end":{"line":52,"column":27}},"11":{"start":{"line":53,"column":4},"end":{"line":53,"column":25}},"12":{"start":{"line":54,"column":4},"end":{"line":54,"column":17}},"13":{"start":{"line":55,"column":4},"end":{"line":55,"column":19}},"14":{"start":{"line":57,"column":4},"end":{"line":61,"column":18}},"15":{"start":{"line":58,"column":6},"end":{"line":60,"column":null}},"16":{"start":{"line":59,"column":8},"end":{"line":59,"column":23}},"17":{"start":{"line":65,"column":4},"end":{"line":65,"column":70}},"18":{"start":{"line":66,"column":4},"end":{"line":77,"column":6}},"19":{"start":{"line":81,"column":4},"end":{"line":81,"column":88}},"20":{"start":{"line":85,"column":4},"end":{"line":85,"column":31}},"21":{"start":{"line":86,"column":4},"end":{"line":90,"column":null}},"22":{"start":{"line":87,"column":6},"end":{"line":87,"column":46}},"23":{"start":{"line":89,"column":6},"end":{"line":89,"column":21}},"24":{"start":{"line":94,"column":4},"end":{"line":94,"column":31}},"25":{"start":{"line":95,"column":4},"end":{"line":95,"column":21}},"26":{"start":{"line":101,"column":50},"end":{"line":101,"column":59}},"27":{"start":{"line":105,"column":4},"end":{"line":105,"column":23}},"28":{"start":{"line":106,"column":4},"end":{"line":106,"column":31}},"29":{"start":{"line":120,"column":4},"end":{"line":146,"column":null}},"30":{"start":{"line":121,"column":6},"end":{"line":121,"column":93}},"31":{"start":{"line":122,"column":11},"end":{"line":146,"column":null}},"32":{"start":{"line":125,"column":6},"end":{"line":125,"column":87}},"33":{"start":{"line":127,"column":19},"end":{"line":127,"column":46}},"34":{"start":{"line":128,"column":6},"end":{"line":145,"column":null}},"35":{"start":{"line":129,"column":8},"end":{"line":142,"column":null}},"36":{"start":{"line":130,"column":10},"end":{"line":138,"column":null}},"37":{"start":{"line":131,"column":12},"end":{"line":131,"column":44}},"38":{"start":{"line":132,"column":17},"end":{"line":138,"column":null}},"39":{"start":{"line":133,"column":12},"end":{"line":133,"column":53}},"40":{"start":{"line":134,"column":17},"end":{"line":138,"column":null}},"41":{"start":{"line":135,"column":12},"end":{"line":135,"column":54}},"42":{"start":{"line":136,"column":17},"end":{"line":138,"column":null}},"43":{"start":{"line":137,"column":12},"end":{"line":137,"column":47}},"44":{"start":{"line":140,"column":31},"end":{"line":140,"column":115}},"45":{"start":{"line":141,"column":10},"end":{"line":141,"column":80}},"46":{"start":{"line":144,"column":8},"end":{"line":144,"column":82}},"47":{"start":{"line":157,"column":24},"end":{"line":157,"column":46}},"48":{"start":{"line":158,"column":4},"end":{"line":184,"column":null}},"49":{"start":{"line":159,"column":26},"end":{"line":159,"column":50}},"50":{"start":{"line":160,"column":6},"end":{"line":183,"column":null}},"51":{"start":{"line":161,"column":8},"end":{"line":182,"column":null}},"52":{"start":{"line":163,"column":42},"end":{"line":177,"column":12}},"53":{"start":{"line":179,"column":10},"end":{"line":179,"column":32}},"54":{"start":{"line":180,"column":10},"end":{"line":180,"column":36}},"55":{"start":{"line":181,"column":10},"end":{"line":181,"column":33}},"56":{"start":{"line":188,"column":4},"end":{"line":198,"column":6}},"57":{"start":{"line":202,"column":18},"end":{"line":202,"column":34}},"58":{"start":{"line":203,"column":20},"end":{"line":203,"column":64}},"59":{"start":{"line":204,"column":4},"end":{"line":216,"column":null}},"60":{"start":{"line":205,"column":6},"end":{"line":213,"column":8}},"61":{"start":{"line":215,"column":6},"end":{"line":215,"column":97}},"62":{"start":{"line":224,"column":18},"end":{"line":224,"column":40}},"63":{"start":{"line":225,"column":21},"end":{"line":225,"column":48}},"64":{"start":{"line":226,"column":21},"end":{"line":233,"column":8}},"65":{"start":{"line":227,"column":19},"end":{"line":227,"column":35}},"66":{"start":{"line":229,"column":8},"end":{"line":232,"column":10}},"67":{"start":{"line":234,"column":4},"end":{"line":242,"column":6}},"68":{"start":{"line":246,"column":19},"end":{"line":246,"column":35}},"69":{"start":{"line":247,"column":20},"end":{"line":247,"column":40}},"70":{"start":{"line":249,"column":4},"end":{"line":254,"column":null}},"71":{"start":{"line":250,"column":19},"end":{"line":250,"column":46}},"72":{"start":{"line":251,"column":6},"end":{"line":251,"column":86}},"73":{"start":{"line":253,"column":6},"end":{"line":253,"column":79}},"74":{"start":{"line":258,"column":49},"end":{"line":261,"column":6}},"75":{"start":{"line":262,"column":4},"end":{"line":270,"column":6}},"76":{"start":{"line":274,"column":24},"end":{"line":274,"column":116}},"77":{"start":{"line":275,"column":4},"end":{"line":285,"column":6}},"78":{"start":{"line":293,"column":25},"end":{"line":296,"column":6}},"79":{"start":{"line":298,"column":24},"end":{"line":307,"column":5}},"80":{"start":{"line":299,"column":75},"end":{"line":305,"column":8}},"81":{"start":{"line":306,"column":6},"end":{"line":306,"column":25}},"82":{"start":{"line":309,"column":26},"end":{"line":322,"column":5}},"83":{"start":{"line":310,"column":51},"end":{"line":310,"column":108}},"84":{"start":{"line":311,"column":76},"end":{"line":320,"column":8}},"85":{"start":{"line":321,"column":6},"end":{"line":321,"column":31}},"86":{"start":{"line":324,"column":4},"end":{"line":344,"column":null}},"87":{"start":{"line":326,"column":6},"end":{"line":326,"column":77}},"88":{"start":{"line":327,"column":26},"end":{"line":327,"column":74}},"89":{"start":{"line":329,"column":6},"end":{"line":343,"column":null}},"90":{"start":{"line":331,"column":8},"end":{"line":336,"column":10}},"91":{"start":{"line":337,"column":8},"end":{"line":337,"column":49}},"92":{"start":{"line":338,"column":8},"end":{"line":338,"column":46}},"93":{"start":{"line":339,"column":8},"end":{"line":339,"column":72}},"94":{"start":{"line":342,"column":8},"end":{"line":342,"column":105}},"95":{"start":{"line":347,"column":24},"end":{"line":347,"column":51}},"96":{"start":{"line":348,"column":4},"end":{"line":361,"column":null}},"97":{"start":{"line":349,"column":6},"end":{"line":349,"column":62}},"98":{"start":{"line":350,"column":6},"end":{"line":350,"column":63}},"99":{"start":{"line":353,"column":26},"end":{"line":353,"column":48}},"100":{"start":{"line":354,"column":6},"end":{"line":358,"column":null}},"101":{"start":{"line":355,"column":8},"end":{"line":357,"column":null}},"102":{"start":{"line":356,"column":10},"end":{"line":356,"column":45}},"103":{"start":{"line":360,"column":6},"end":{"line":360,"column":20}},"104":{"start":{"line":99,"column":0},"end":{"line":99,"column":13}}},"fnMap":{"0":{"name":"(anonymous_0)","decl":{"start":{"line":31,"column":0},"end":{"line":31,"column":5}},"loc":{"start":{"line":31,"column":13},"end":{"line":35,"column":1}}},"1":{"name":"(anonymous_1)","decl":{"start":{"line":45,"column":2},"end":{"line":45,"column":null}},"loc":{"start":{"line":50,"column":21},"end":{"line":62,"column":3}}},"2":{"name":"(anonymous_2)","decl":{"start":{"line":57,"column":15},"end":{"line":57,"column":18}},"loc":{"start":{"line":57,"column":20},"end":{"line":61,"column":5}}},"3":{"name":"(anonymous_3)","decl":{"start":{"line":64,"column":10},"end":{"line":64,"column":19}},"loc":{"start":{"line":64,"column":19},"end":{"line":78,"column":3}}},"4":{"name":"(anonymous_4)","decl":{"start":{"line":80,"column":10},"end":{"line":80,"column":17}},"loc":{"start":{"line":80,"column":17},"end":{"line":82,"column":3}}},"5":{"name":"(anonymous_5)","decl":{"start":{"line":84,"column":2},"end":{"line":84,"column":11}},"loc":{"start":{"line":84,"column":36},"end":{"line":91,"column":3}}},"6":{"name":"(anonymous_6)","decl":{"start":{"line":93,"column":2},"end":{"line":93,"column":9}},"loc":{"start":{"line":93,"column":9},"end":{"line":96,"column":3}}},"7":{"name":"(anonymous_7)","decl":{"start":{"line":104,"column":2},"end":{"line":104,"column":14}},"loc":{"start":{"line":104,"column":45},"end":{"line":107,"column":3}}},"8":{"name":"(anonymous_8)","decl":{"start":{"line":109,"column":2},"end":{"line":109,"column":9}},"loc":{"start":{"line":109,"column":72},"end":{"line":111,"column":3}}},"9":{"name":"(anonymous_9)","decl":{"start":{"line":113,"column":2},"end":{"line":113,"column":10}},"loc":{"start":{"line":113,"column":10},"end":{"line":113,"column":21}}},"10":{"name":"(anonymous_10)","decl":{"start":{"line":115,"column":2},"end":{"line":115,"column":7}},"loc":{"start":{"line":118,"column":20},"end":{"line":147,"column":3}}},"11":{"name":"(anonymous_11)","decl":{"start":{"line":152,"column":2},"end":{"line":152,"column":26}},"loc":{"start":{"line":155,"column":20},"end":{"line":185,"column":3}}},"12":{"name":"(anonymous_12)","decl":{"start":{"line":187,"column":2},"end":{"line":187,"column":21}},"loc":{"start":{"line":187,"column":62},"end":{"line":199,"column":3}}},"13":{"name":"(anonymous_13)","decl":{"start":{"line":201,"column":2},"end":{"line":201,"column":16}},"loc":{"start":{"line":201,"column":105},"end":{"line":217,"column":3}}},"14":{"name":"(anonymous_14)","decl":{"start":{"line":219,"column":2},"end":{"line":219,"column":7}},"loc":{"start":{"line":222,"column":27},"end":{"line":243,"column":3}}},"15":{"name":"(anonymous_15)","decl":{"start":{"line":227,"column":14},"end":{"line":227,"column":15}},"loc":{"start":{"line":227,"column":19},"end":{"line":227,"column":35}}},"16":{"name":"(anonymous_16)","decl":{"start":{"line":228,"column":11},"end":{"line":228,"column":12}},"loc":{"start":{"line":228,"column":15},"end":{"line":233,"column":7}}},"17":{"name":"(anonymous_17)","decl":{"start":{"line":245,"column":2},"end":{"line":245,"column":7}},"loc":{"start":{"line":245,"column":91},"end":{"line":255,"column":3}}},"18":{"name":"(anonymous_18)","decl":{"start":{"line":257,"column":2},"end":{"line":257,"column":7}},"loc":{"start":{"line":257,"column":97},"end":{"line":271,"column":3}}},"19":{"name":"(anonymous_19)","decl":{"start":{"line":273,"column":2},"end":{"line":273,"column":27}},"loc":{"start":{"line":273,"column":90},"end":{"line":286,"column":3}}},"20":{"name":"(anonymous_20)","decl":{"start":{"line":288,"column":2},"end":{"line":288,"column":7}},"loc":{"start":{"line":291,"column":20},"end":{"line":362,"column":3}}},"21":{"name":"(anonymous_21)","decl":{"start":{"line":298,"column":24},"end":{"line":298,"column":27}},"loc":{"start":{"line":298,"column":29},"end":{"line":307,"column":5}}},"22":{"name":"(anonymous_22)","decl":{"start":{"line":309,"column":26},"end":{"line":309,"column":27}},"loc":{"start":{"line":309,"column":64},"end":{"line":322,"column":5}}}},"branchMap":{"0":{"loc":{"start":{"line":31,"column":5},"end":{"line":31,"column":null}},"type":"binary-expr","locations":[{"start":{"line":31,"column":5},"end":{"line":31,"column":13}},{"start":{"line":31,"column":5},"end":{"line":31,"column":null}}]},"1":{"loc":{"start":{"line":58,"column":6},"end":{"line":60,"column":null}},"type":"if","locations":[{"start":{"line":58,"column":6},"end":{"line":60,"column":null}}]},"2":{"loc":{"start":{"line":86,"column":4},"end":{"line":90,"column":null}},"type":"if","locations":[{"start":{"line":86,"column":4},"end":{"line":90,"column":null}},{"start":{"line":88,"column":11},"end":{"line":90,"column":null}}]},"3":{"loc":{"start":{"line":120,"column":4},"end":{"line":146,"column":null}},"type":"if","locations":[{"start":{"line":120,"column":4},"end":{"line":146,"column":null}},{"start":{"line":122,"column":11},"end":{"line":146,"column":null}}]},"4":{"loc":{"start":{"line":122,"column":11},"end":{"line":146,"column":null}},"type":"if","locations":[{"start":{"line":122,"column":11},"end":{"line":146,"column":null}},{"start":{"line":126,"column":11},"end":{"line":146,"column":null}}]},"5":{"loc":{"start":{"line":128,"column":6},"end":{"line":145,"column":null}},"type":"if","locations":[{"start":{"line":128,"column":6},"end":{"line":145,"column":null}},{"start":{"line":143,"column":13},"end":{"line":145,"column":null}}]},"6":{"loc":{"start":{"line":130,"column":10},"end":{"line":138,"column":null}},"type":"if","locations":[{"start":{"line":130,"column":10},"end":{"line":138,"column":null}},{"start":{"line":132,"column":17},"end":{"line":138,"column":null}}]},"7":{"loc":{"start":{"line":132,"column":17},"end":{"line":138,"column":null}},"type":"if","locations":[{"start":{"line":132,"column":17},"end":{"line":138,"column":null}},{"start":{"line":134,"column":17},"end":{"line":138,"column":null}}]},"8":{"loc":{"start":{"line":134,"column":17},"end":{"line":138,"column":null}},"type":"if","locations":[{"start":{"line":134,"column":17},"end":{"line":138,"column":null}},{"start":{"line":136,"column":17},"end":{"line":138,"column":null}}]},"9":{"loc":{"start":{"line":136,"column":17},"end":{"line":138,"column":null}},"type":"if","locations":[{"start":{"line":136,"column":17},"end":{"line":138,"column":null}}]},"10":{"loc":{"start":{"line":141,"column":40},"end":{"line":141,"column":64}},"type":"binary-expr","locations":[{"start":{"line":141,"column":40},"end":{"line":141,"column":59}},{"start":{"line":141,"column":63},"end":{"line":141,"column":64}}]},"11":{"loc":{"start":{"line":158,"column":4},"end":{"line":184,"column":null}},"type":"if","locations":[{"start":{"line":158,"column":4},"end":{"line":184,"column":null}}]},"12":{"loc":{"start":{"line":160,"column":6},"end":{"line":183,"column":null}},"type":"if","locations":[{"start":{"line":160,"column":6},"end":{"line":183,"column":null}}]},"13":{"loc":{"start":{"line":160,"column":10},"end":{"line":160,"column":80}},"type":"binary-expr","locations":[{"start":{"line":160,"column":10},"end":{"line":160,"column":29}},{"start":{"line":160,"column":33},"end":{"line":160,"column":80}}]},"14":{"loc":{"start":{"line":161,"column":8},"end":{"line":182,"column":null}},"type":"if","locations":[{"start":{"line":161,"column":8},"end":{"line":182,"column":null}}]},"15":{"loc":{"start":{"line":161,"column":12},"end":{"line":161,"column":79}},"type":"binary-expr","locations":[{"start":{"line":161,"column":12},"end":{"line":161,"column":51}},{"start":{"line":161,"column":55},"end":{"line":161,"column":79}}]},"16":{"loc":{"start":{"line":204,"column":4},"end":{"line":216,"column":null}},"type":"if","locations":[{"start":{"line":204,"column":4},"end":{"line":216,"column":null}},{"start":{"line":214,"column":11},"end":{"line":216,"column":null}}]},"17":{"loc":{"start":{"line":253,"column":37},"end":{"line":253,"column":61}},"type":"binary-expr","locations":[{"start":{"line":253,"column":37},"end":{"line":253,"column":56}},{"start":{"line":253,"column":60},"end":{"line":253,"column":61}}]},"18":{"loc":{"start":{"line":324,"column":4},"end":{"line":344,"column":null}},"type":"if","locations":[{"start":{"line":324,"column":4},"end":{"line":344,"column":null}}]},"19":{"loc":{"start":{"line":329,"column":6},"end":{"line":343,"column":null}},"type":"if","locations":[{"start":{"line":329,"column":6},"end":{"line":343,"column":null}},{"start":{"line":340,"column":13},"end":{"line":343,"column":null}}]},"20":{"loc":{"start":{"line":348,"column":4},"end":{"line":361,"column":null}},"type":"if","locations":[{"start":{"line":348,"column":4},"end":{"line":361,"column":null}},{"start":{"line":359,"column":11},"end":{"line":361,"column":null}}]},"21":{"loc":{"start":{"line":354,"column":6},"end":{"line":358,"column":null}},"type":"if","locations":[{"start":{"line":354,"column":6},"end":{"line":358,"column":null}}]},"22":{"loc":{"start":{"line":355,"column":8},"end":{"line":357,"column":null}},"type":"if","locations":[{"start":{"line":355,"column":8},"end":{"line":357,"column":null}}]}},"s":{"0":1,"1":1,"2":1,"3":1,"4":1,"5":1,"6":1,"7":1,"8":4,"9":4,"10":4,"11":4,"12":4,"13":4,"14":4,"15":4,"16":1,"17":3,"18":3,"19":1,"20":4,"21":4,"22":2,"23":2,"24":3,"25":3,"26":176,"27":176,"28":176,"29":260,"30":14,"31":246,"32":19,"33":227,"34":227,"35":227,"36":227,"37":5,"38":222,"39":2,"40":220,"41":2,"42":218,"43":1,"44":0,"45":0,"46":0,"47":19,"48":19,"49":1,"50":1,"51":1,"52":1,"53":1,"54":1,"55":1,"56":15,"57":2,"58":2,"59":2,"60":1,"61":1,"62":2,"63":2,"64":2,"65":4,"66":2,"67":2,"68":5,"69":5,"70":5,"71":5,"72":4,"73":1,"74":1,"75":1,"76":14,"77":14,"78":14,"79":14,"80":1,"81":1,"82":14,"83":13,"84":13,"85":13,"86":14,"87":2,"88":2,"89":2,"90":1,"91":1,"92":1,"93":1,"94":1,"95":13,"96":13,"97":12,"98":12,"99":12,"100":12,"101":4,"102":4,"103":1,"104":1},"f":{"0":1,"1":4,"2":4,"3":3,"4":1,"5":4,"6":3,"7":176,"8":6,"9":3,"10":260,"11":19,"12":15,"13":2,"14":2,"15":4,"16":2,"17":5,"18":1,"19":14,"20":14,"21":1,"22":13},"b":{"0":[1,1],"1":[1],"2":[2,2],"3":[14,246],"4":[19,227],"5":[227,0],"6":[5,222],"7":[2,220],"8":[2,218],"9":[1],"10":[0,0],"11":[1],"12":[1],"13":[1,1],"14":[1],"15":[1,0],"16":[1,1],"17":[1,0],"18":[2],"19":[1,1],"20":[12,1],"21":[4],"22":[4]}}
,"/Users/rob/Documents/finos/fdc3-general/FDC3/toolbox/fdc3-for-web/fdc3-web-impl/src/handlers/support.ts": {"path":"/Users/rob/Documents/finos/fdc3-general/FDC3/toolbox/fdc3-for-web/fdc3-web-impl/src/handlers/support.ts","statementMap":{"0":{"start":{"line":12,"column":26},"end":{"line":12,"column":57}},"1":{"start":{"line":13,"column":2},"end":{"line":13,"column":89}},"2":{"start":{"line":11,"column":0},"end":{"line":11,"column":16}},"3":{"start":{"line":23,"column":2},"end":{"line":23,"column":76}},"4":{"start":{"line":16,"column":0},"end":{"line":16,"column":16}},"5":{"start":{"line":33,"column":2},"end":{"line":33,"column":72}},"6":{"start":{"line":26,"column":0},"end":{"line":26,"column":16}},"7":{"start":{"line":43,"column":14},"end":{"line":51,"column":4}},"8":{"start":{"line":52,"column":2},"end":{"line":52,"column":31}},"9":{"start":{"line":36,"column":0},"end":{"line":36,"column":16}},"10":{"start":{"line":62,"column":2},"end":{"line":75,"column":4}},"11":{"start":{"line":55,"column":0},"end":{"line":55,"column":16}},"12":{"start":{"line":82,"column":2},"end":{"line":82,"column":39}},"13":{"start":{"line":81,"column":0},"end":{"line":81,"column":16}}},"fnMap":{"0":{"name":"isFullAppIdentifier","decl":{"start":{"line":11,"column":16},"end":{"line":11,"column":35}},"loc":{"start":{"line":11,"column":81},"end":{"line":14,"column":1}}},"1":{"name":"successResponse","decl":{"start":{"line":16,"column":16},"end":{"line":16,"column":31}},"loc":{"start":{"line":21,"column":36},"end":{"line":24,"column":1}}},"2":{"name":"errorResponse","decl":{"start":{"line":26,"column":16},"end":{"line":26,"column":29}},"loc":{"start":{"line":31,"column":36},"end":{"line":34,"column":1}}},"3":{"name":"successResponseId","decl":{"start":{"line":36,"column":16},"end":{"line":36,"column":33}},"loc":{"start":{"line":41,"column":36},"end":{"line":53,"column":1}}},"4":{"name":"errorResponseId","decl":{"start":{"line":55,"column":16},"end":{"line":55,"column":31}},"loc":{"start":{"line":60,"column":36},"end":{"line":76,"column":1}}},"5":{"name":"onlyUnique","decl":{"start":{"line":81,"column":16},"end":{"line":81,"column":26}},"loc":{"start":{"line":81,"column":64},"end":{"line":83,"column":1}}}},"branchMap":{"0":{"loc":{"start":{"line":13,"column":9},"end":{"line":13,"column":88}},"type":"binary-expr","locations":[{"start":{"line":13,"column":9},"end":{"line":13,"column":49}},{"start":{"line":13,"column":53},"end":{"line":13,"column":88}}]}},"s":{"0":25,"1":25,"2":1,"3":200,"4":1,"5":11,"6":1,"7":217,"8":217,"9":1,"10":27,"11":1,"12":8,"13":1},"f":{"0":25,"1":200,"2":11,"3":217,"4":27,"5":8},"b":{"0":[25,15]}}
}
