TN:
SF:src/BasicFDC3Server.ts
FN:41,(anonymous_0)
FN:46,(anonymous_1)
FN:47,(anonymous_2)
FN:51,(anonymous_3)
FN:55,(anonymous_4)
FN:59,(anonymous_5)
FN:60,(anonymous_6)
FN:65,(anonymous_7)
FNF:8
FNH:8
FNDA:176,(anonymous_0)
FNDA:6,(anonymous_1)
FNDA:18,(anonymous_2)
FNDA:260,(anonymous_3)
FNDA:789,(anonymous_4)
FNDA:3,(anonymous_5)
FNDA:12,(anonymous_6)
FNDA:176,(anonymous_7)
DA:2,1
DA:3,1
DA:4,1
DA:6,1
DA:7,1
DA:37,1
DA:42,176
DA:43,176
DA:47,18
DA:48,6
DA:55,789
DA:56,260
DA:60,12
DA:64,1
DA:73,176
DA:79,176
DA:80,3
DA:83,176
LF:18
LH:18
BRDA:70,0,0,88
BRDA:71,1,0,88
BRDA:79,2,0,3
BRF:3
BRH:3
end_of_record
TN:
SF:src/ServerContext.ts
FN:5,(anonymous_0)
FNF:1
FNH:1
FNDA:1,(anonymous_0)
DA:5,1
DA:6,1
DA:7,1
DA:8,1
DA:9,1
LF:5
LH:5
BRDA:5,0,0,1
BRDA:5,0,1,1
BRF:2
BRH:2
end_of_record
TN:
SF:src/directory/BasicDirectory.ts
FN:3,genericResultTypeSame
FN:23,(anonymous_1)
FN:27,(anonymous_2)
FN:40,(anonymous_3)
FN:43,(anonymous_4)
FN:53,(anonymous_5)
FN:54,(anonymous_6)
FN:59,(anonymous_7)
FN:64,(anonymous_8)
FN:70,(anonymous_9)
FN:76,(anonymous_10)
FN:77,(anonymous_11)
FN:83,(anonymous_12)
FN:84,(anonymous_13)
FN:87,(anonymous_14)
FNF:15
FNH:15
FNDA:68,genericResultTypeSame
FNDA:176,(anonymous_1)
FNDA:270,(anonymous_2)
FNDA:174,(anonymous_3)
FNDA:270,(anonymous_4)
FNDA:36,(anonymous_5)
FNDA:130,(anonymous_6)
FNDA:36,(anonymous_7)
FNDA:193,(anonymous_8)
FNDA:11,(anonymous_9)
FNDA:44,(anonymous_10)
FNDA:77,(anonymous_11)
FNDA:28,(anonymous_12)
FNDA:80,(anonymous_13)
FNDA:75,(anonymous_14)
DA:3,1
DA:4,68
DA:5,60
DA:6,8
DA:7,2
DA:8,6
DA:9,0
DA:10,6
DA:11,2
DA:13,4
DA:20,1
DA:24,176
DA:34,270
DA:37,270
DA:41,174
DA:42,174
DA:43,174
DA:44,270
DA:50,174
DA:54,130
DA:56,36
DA:64,36
DA:65,193
DA:67,36
DA:75,11
DA:77,77
DA:80,11
DA:84,80
DA:88,75
LF:29
LH:28
BRDA:4,0,0,60
BRDA:4,0,1,8
BRDA:6,1,0,2
BRDA:6,1,1,6
BRDA:8,2,0,0
BRDA:8,2,1,6
BRDA:10,3,0,2
BRDA:10,3,1,4
BRDA:10,4,0,6
BRDA:10,4,1,2
BRDA:34,5,0,270
BRDA:34,5,1,217
BRDA:34,5,2,97
BRDA:34,5,3,89
BRDA:34,5,4,68
BRDA:35,6,0,89
BRDA:35,6,1,0
BRDA:41,7,0,174
BRDA:41,7,1,0
BRF:19
BRH:16
end_of_record
TN:
SF:src/handlers/BroadcastHandler.ts
FN:59,(anonymous_0)
FN:79,(anonymous_1)
FN:83,(anonymous_2)
FN:85,(anonymous_3)
FN:86,(anonymous_4)
FN:90,(anonymous_5)
FN:90,(anonymous_6)
FN:94,(anonymous_7)
FN:107,(anonymous_8)
FN:112,(anonymous_9)
FN:114,(anonymous_10)
FN:117,(anonymous_11)
FN:121,(anonymous_12)
FN:125,(anonymous_13)
FN:140,(anonymous_14)
FN:144,(anonymous_15)
FN:147,(anonymous_16)
FN:161,(anonymous_17)
FN:172,(anonymous_18)
FN:173,(anonymous_19)
FN:176,(anonymous_20)
FN:178,(anonymous_21)
FN:179,(anonymous_22)
FN:184,(anonymous_23)
FN:187,(anonymous_24)
FN:192,(anonymous_25)
FN:262,(anonymous_26)
FN:278,(anonymous_27)
FN:283,(anonymous_28)
FN:292,(anonymous_29)
FN:314,(anonymous_30)
FN:323,(anonymous_31)
FN:330,(anonymous_32)
FN:335,(anonymous_33)
FN:344,(anonymous_34)
FN:350,(anonymous_35)
FN:351,(anonymous_36)
FN:353,(anonymous_37)
FN:363,(anonymous_38)
FN:373,(anonymous_39)
FN:379,(anonymous_40)
FN:399,(anonymous_41)
FN:439,(anonymous_42)
FN:441,(anonymous_43)
FN:442,(anonymous_44)
FN:445,(anonymous_45)
FN:450,(anonymous_46)
FN:471,(anonymous_47)
FN:496,(anonymous_48)
FN:515,(anonymous_49)
FN:531,(anonymous_50)
FN:562,(anonymous_51)
FN:567,(anonymous_52)
FN:573,(anonymous_53)
FN:583,(anonymous_54)
FN:605,(anonymous_55)
FN:631,(anonymous_56)
FN:634,(anonymous_57)
FNF:58
FNH:56
FNDA:1,(anonymous_0)
FNDA:176,(anonymous_1)
FNDA:3,(anonymous_2)
FNDA:6,(anonymous_3)
FNDA:2,(anonymous_4)
FNDA:2,(anonymous_5)
FNDA:5,(anonymous_6)
FNDA:1,(anonymous_7)
FNDA:1,(anonymous_8)
FNDA:2,(anonymous_9)
FNDA:2,(anonymous_10)
FNDA:0,(anonymous_11)
FNDA:2,(anonymous_12)
FNDA:11,(anonymous_13)
FNDA:64,(anonymous_14)
FNDA:124,(anonymous_15)
FNDA:0,(anonymous_16)
FNDA:16,(anonymous_17)
FNDA:11,(anonymous_18)
FNDA:2,(anonymous_19)
FNDA:11,(anonymous_20)
FNDA:2,(anonymous_21)
FNDA:2,(anonymous_22)
FNDA:17,(anonymous_23)
FNDA:2,(anonymous_24)
FNDA:260,(anonymous_25)
FNDA:2,(anonymous_26)
FNDA:3,(anonymous_27)
FNDA:2,(anonymous_28)
FNDA:12,(anonymous_29)
FNDA:7,(anonymous_30)
FNDA:6,(anonymous_31)
FNDA:1,(anonymous_32)
FNDA:1,(anonymous_33)
FNDA:1,(anonymous_34)
FNDA:1,(anonymous_35)
FNDA:1,(anonymous_36)
FNDA:1,(anonymous_37)
FNDA:1,(anonymous_38)
FNDA:6,(anonymous_39)
FNDA:5,(anonymous_40)
FNDA:19,(anonymous_41)
FNDA:17,(anonymous_42)
FNDA:11,(anonymous_43)
FNDA:8,(anonymous_44)
FNDA:8,(anonymous_45)
FNDA:8,(anonymous_46)
FNDA:2,(anonymous_47)
FNDA:12,(anonymous_48)
FNDA:1,(anonymous_49)
FNDA:2,(anonymous_50)
FNDA:1,(anonymous_51)
FNDA:3,(anonymous_52)
FNDA:3,(anonymous_53)
FNDA:7,(anonymous_54)
FNDA:25,(anonymous_55)
FNDA:14,(anonymous_56)
FNDA:6,(anonymous_57)
DA:3,1
DA:4,1
DA:59,1
DA:60,1
DA:61,1
DA:62,1
DA:72,1
DA:73,176
DA:74,176
DA:75,176
DA:76,176
DA:77,176
DA:80,176
DA:86,6
DA:89,6
DA:90,5
DA:93,6
DA:94,6
DA:95,1
DA:102,1
DA:103,1
DA:107,6
DA:108,1
DA:112,6
DA:113,6
DA:114,2
DA:116,6
DA:117,0
DA:122,2
DA:126,11
DA:137,11
DA:141,64
DA:142,1
DA:144,124
DA:148,0
DA:159,0
DA:162,16
DA:164,0
DA:166,4
DA:168,12
DA:173,11
DA:177,11
DA:178,2
DA:180,2
DA:185,17
DA:186,17
DA:187,17
DA:188,17
DA:193,260
DA:195,260
DA:197,1
DA:200,259
DA:201,259
DA:204,2
DA:208,1
DA:210,1
DA:212,12
DA:214,2
DA:218,17
DA:222,19
DA:224,6
DA:228,12
DA:230,1
DA:234,7
DA:240,1
DA:248,7
DA:252,2
DA:254,3
DA:257,0
DA:258,0
DA:267,2
DA:274,2
DA:275,2
DA:283,3
DA:284,3
DA:285,2
DA:286,2
DA:288,1
DA:297,12
DA:298,12
DA:305,12
DA:319,7
DA:320,7
DA:322,7
DA:323,7
DA:324,7
DA:326,0
DA:335,1
DA:336,1
DA:337,1
DA:338,1
DA:340,0
DA:349,1
DA:350,1
DA:351,1
DA:353,1
DA:354,1
DA:363,1
DA:364,1
DA:370,1
DA:378,6
DA:379,5
DA:382,6
DA:383,3
DA:384,3
DA:385,3
DA:392,3
DA:393,3
DA:395,3
DA:404,19
DA:405,19
DA:407,19
DA:408,16
DA:409,16
DA:411,16
DA:412,1
DA:413,1
DA:415,15
DA:419,18
DA:428,18
DA:429,18
DA:436,18
DA:440,17
DA:441,11
DA:442,8
DA:444,17
DA:446,8
DA:450,17
DA:451,8
DA:467,17
DA:468,17
DA:476,2
DA:477,2
DA:478,1
DA:492,1
DA:502,12
DA:503,12
DA:504,2
DA:508,10
DA:509,10
DA:510,10
DA:511,10
DA:512,10
DA:520,1
DA:521,1
DA:522,1
DA:523,1
DA:524,1
DA:527,1
DA:528,1
DA:536,2
DA:537,2
DA:539,2
DA:540,1
DA:546,1
DA:549,2
DA:550,1
DA:552,1
DA:567,3
DA:568,1
DA:573,3
DA:588,7
DA:590,7
DA:591,0
DA:593,7
DA:600,7
DA:601,7
DA:615,25
DA:616,21
DA:628,21
DA:629,21
DA:632,14
DA:635,6
DA:636,6
LF:174
LH:165
BRDA:59,0,0,1
BRDA:59,0,1,1
BRDA:100,1,0,1
BRDA:100,1,1,0
BRDA:102,2,0,1
BRDA:141,3,0,1
BRDA:144,4,0,63
BRDA:144,4,1,3
BRDA:162,5,0,0
BRDA:162,5,1,4
BRDA:162,5,2,12
BRDA:186,6,0,17
BRDA:195,7,0,1
BRDA:201,8,0,2
BRDA:201,8,1,1
BRDA:201,8,2,1
BRDA:201,8,3,12
BRDA:201,8,4,2
BRDA:201,8,5,17
BRDA:201,8,6,19
BRDA:201,8,7,6
BRDA:201,8,8,12
BRDA:201,8,9,1
BRDA:201,8,10,7
BRDA:201,8,11,1
BRDA:201,8,12,7
BRDA:201,8,13,2
BRDA:201,8,14,3
BRDA:258,9,0,0
BRDA:258,9,1,0
BRDA:269,10,0,2
BRDA:269,10,1,0
BRDA:271,11,0,2
BRDA:271,11,1,1
BRDA:284,12,0,2
BRDA:284,12,1,1
BRDA:322,13,0,7
BRDA:322,13,1,0
BRDA:323,14,0,5
BRDA:323,14,1,2
BRDA:323,15,0,5
BRDA:323,15,1,2
BRDA:323,16,0,2
BRDA:323,16,1,1
BRDA:336,17,0,1
BRDA:336,17,1,0
BRDA:350,18,0,1
BRDA:350,18,1,1
BRDA:359,19,0,1
BRDA:359,19,1,0
BRDA:379,20,0,5
BRDA:379,20,1,4
BRDA:382,21,0,3
BRDA:382,21,1,3
BRDA:386,22,0,3
BRDA:386,22,1,1
BRDA:390,23,0,3
BRDA:390,23,1,0
BRDA:407,24,0,16
BRDA:409,25,0,16
BRDA:409,25,1,1
BRDA:411,26,0,1
BRDA:411,26,1,15
BRDA:421,27,0,18
BRDA:421,27,1,0
BRDA:434,28,0,18
BRDA:434,28,1,5
BRDA:442,29,0,8
BRDA:442,29,1,5
BRDA:477,30,0,1
BRDA:477,30,1,1
BRDA:503,31,0,2
BRDA:503,32,0,12
BRDA:503,32,1,11
BRDA:508,33,0,10
BRDA:508,33,1,0
BRDA:520,34,0,1
BRDA:520,34,1,0
BRDA:522,35,0,1
BRDA:539,36,0,1
BRDA:549,37,0,1
BRDA:549,37,1,1
BRDA:590,38,0,0
BRDA:590,38,1,7
BRDA:590,39,0,7
BRDA:590,39,1,7
BRDA:615,40,0,21
BRDA:632,41,0,14
BRDA:632,41,1,14
BRDA:632,41,2,8
BRF:90
BRH:77
end_of_record
TN:
SF:src/handlers/HeartbeatHandler.ts
FN:16,convertToText
FN:41,(anonymous_1)
FN:42,(anonymous_2)
FN:43,(anonymous_3)
FN:46,(anonymous_4)
FN:47,(anonymous_5)
FN:86,(anonymous_6)
FN:90,(anonymous_7)
FN:93,(anonymous_8)
FN:97,(anonymous_9)
FN:97,(anonymous_10)
FN:100,(anonymous_11)
FN:103,(anonymous_12)
FN:107,(anonymous_13)
FN:131,(anonymous_14)
FNF:15
FNH:13
FNDA:2,convertToText
FNDA:3,(anonymous_1)
FNDA:30,(anonymous_2)
FNDA:30,(anonymous_3)
FNDA:30,(anonymous_4)
FNDA:27,(anonymous_5)
FNDA:0,(anonymous_6)
FNDA:2,(anonymous_7)
FNDA:2,(anonymous_8)
FNDA:2,(anonymous_9)
FNDA:0,(anonymous_10)
FNDA:2,(anonymous_11)
FNDA:3,(anonymous_12)
FNDA:9,(anonymous_13)
FNDA:27,(anonymous_14)
DA:2,1
DA:17,2
DA:18,0
DA:20,2
DA:22,0
DA:24,1
DA:26,0
DA:28,1
DA:36,1
DA:37,3
DA:38,3
DA:42,3
DA:43,30
DA:44,30
DA:45,30
DA:46,30
DA:48,27
DA:49,27
DA:52,27
DA:53,27
DA:55,27
DA:56,24
DA:58,24
DA:59,0
DA:62,0
DA:63,24
DA:64,1
DA:67,1
DA:68,23
DA:69,1
DA:72,1
DA:78,3
DA:91,2
DA:92,2
DA:94,2
DA:97,2
DA:100,2
DA:104,3
DA:112,9
DA:113,3
DA:116,9
DA:117,5
DA:118,5
DA:119,5
DA:123,9
DA:124,1
DA:125,1
DA:126,1
DA:132,27
DA:140,27
LF:50
LH:45
BRDA:17,0,0,0
BRDA:17,0,1,2
BRDA:20,1,0,0
BRDA:20,1,1,1
BRDA:20,1,2,0
BRDA:20,1,3,1
BRDA:41,2,0,0
BRDA:41,3,0,0
BRDA:41,4,0,0
BRDA:46,5,0,30
BRDA:46,5,1,8
BRDA:55,6,0,24
BRDA:55,6,1,3
BRDA:58,7,0,0
BRDA:58,7,1,24
BRDA:58,8,0,24
BRDA:58,8,1,18
BRDA:63,9,0,1
BRDA:63,9,1,23
BRDA:63,10,0,24
BRDA:63,10,1,6
BRDA:68,11,0,1
BRDA:68,11,1,22
BRDA:68,12,0,23
BRDA:68,12,1,1
BRDA:97,13,0,0
BRDA:97,13,1,0
BRDA:112,14,0,3
BRDA:116,15,0,5
BRDA:118,16,0,5
BRDA:123,17,0,1
BRDA:125,18,0,1
BRF:32
BRH:23
end_of_record
TN:
SF:src/handlers/IntentHandler.ts
FN:45,forwardRequest
FN:98,(anonymous_1)
FN:105,(anonymous_2)
FN:113,(anonymous_3)
FN:133,(anonymous_4)
FN:138,(anonymous_5)
FN:139,(anonymous_6)
FN:143,(anonymous_7)
FN:150,(anonymous_8)
FN:152,(anonymous_9)
FN:162,(anonymous_10)
FN:201,(anonymous_11)
FN:227,(anonymous_12)
FN:233,(anonymous_13)
FN:242,(anonymous_14)
FN:274,(anonymous_15)
FN:275,(anonymous_16)
FN:278,(anonymous_17)
FN:286,(anonymous_18)
FN:291,(anonymous_19)
FN:307,(anonymous_20)
FN:317,(anonymous_21)
FN:320,(anonymous_22)
FN:331,(anonymous_23)
FN:342,(anonymous_24)
FN:344,(anonymous_25)
FN:345,(anonymous_26)
FN:346,(anonymous_27)
FN:349,(anonymous_28)
FN:349,(anonymous_29)
FN:354,(anonymous_30)
FN:355,(anonymous_31)
FN:391,(anonymous_32)
FN:392,(anonymous_33)
FN:393,(anonymous_34)
FN:397,(anonymous_35)
FN:399,(anonymous_36)
FN:400,(anonymous_37)
FN:400,(anonymous_38)
FN:402,(anonymous_39)
FN:403,(anonymous_40)
FN:403,(anonymous_41)
FN:404,(anonymous_42)
FN:413,(anonymous_43)
FN:430,(anonymous_44)
FN:461,(anonymous_45)
FN:497,(anonymous_46)
FN:504,(anonymous_47)
FN:504,(anonymous_48)
FN:505,(anonymous_49)
FN:548,(anonymous_50)
FN:562,(anonymous_51)
FN:566,(anonymous_52)
FN:579,(anonymous_53)
FN:595,(anonymous_54)
FN:603,(anonymous_55)
FN:611,(anonymous_56)
FN:641,(anonymous_57)
FN:646,(anonymous_58)
FN:647,(anonymous_59)
FN:647,(anonymous_60)
FN:651,(anonymous_61)
FN:653,(anonymous_62)
FNF:63
FNH:63
FNDA:11,forwardRequest
FNDA:6,(anonymous_1)
FNDA:6,(anonymous_2)
FNDA:4,(anonymous_3)
FNDA:176,(anonymous_4)
FNDA:6,(anonymous_5)
FNDA:10,(anonymous_6)
FNDA:1,(anonymous_7)
FNDA:3,(anonymous_8)
FNDA:9,(anonymous_9)
FNDA:260,(anonymous_10)
FNDA:5,(anonymous_11)
FNDA:1,(anonymous_12)
FNDA:1,(anonymous_13)
FNDA:88,(anonymous_14)
FNDA:10,(anonymous_15)
FNDA:13,(anonymous_16)
FNDA:5,(anonymous_17)
FNDA:5,(anonymous_18)
FNDA:14,(anonymous_19)
FNDA:10,(anonymous_20)
FNDA:3,(anonymous_21)
FNDA:1,(anonymous_22)
FNDA:8,(anonymous_23)
FNDA:5,(anonymous_24)
FNDA:4,(anonymous_25)
FNDA:4,(anonymous_26)
FNDA:4,(anonymous_27)
FNDA:4,(anonymous_28)
FNDA:4,(anonymous_29)
FNDA:4,(anonymous_30)
FNDA:4,(anonymous_31)
FNDA:3,(anonymous_32)
FNDA:6,(anonymous_33)
FNDA:6,(anonymous_34)
FNDA:5,(anonymous_35)
FNDA:6,(anonymous_36)
FNDA:7,(anonymous_37)
FNDA:7,(anonymous_38)
FNDA:5,(anonymous_39)
FNDA:10,(anonymous_40)
FNDA:7,(anonymous_41)
FNDA:13,(anonymous_42)
FNDA:7,(anonymous_43)
FNDA:3,(anonymous_44)
FNDA:21,(anonymous_45)
FNDA:8,(anonymous_46)
FNDA:18,(anonymous_47)
FNDA:28,(anonymous_48)
FNDA:13,(anonymous_49)
FNDA:3,(anonymous_50)
FNDA:10,(anonymous_51)
FNDA:1,(anonymous_52)
FNDA:2,(anonymous_53)
FNDA:11,(anonymous_54)
FNDA:4,(anonymous_55)
FNDA:12,(anonymous_56)
FNDA:11,(anonymous_57)
FNDA:30,(anonymous_58)
FNDA:4,(anonymous_59)
FNDA:8,(anonymous_60)
FNDA:10,(anonymous_61)
FNDA:37,(anonymous_62)
DA:5,1
DA:6,1
DA:51,11
DA:69,11
DA:70,11
DA:71,11
DA:92,6
DA:99,6
DA:100,6
DA:101,6
DA:102,6
DA:105,6
DA:106,6
DA:107,2
DA:108,2
DA:114,4
DA:119,4
DA:120,4
DA:121,4
DA:126,1
DA:128,176
DA:129,176
DA:130,176
DA:134,176
DA:135,176
DA:139,10
DA:143,6
DA:144,1
DA:145,1
DA:158,9
DA:159,9
DA:163,260
DA:165,260
DA:167,1
DA:170,259
DA:171,259
DA:174,3
DA:176,11
DA:180,88
DA:182,1
DA:186,21
DA:188,8
DA:190,5
DA:193,0
DA:194,0
DA:206,5
DA:207,5
DA:208,5
DA:211,4
DA:221,4
DA:224,5
DA:232,1
DA:233,1
DA:234,1
DA:235,1
DA:236,1
DA:238,0
DA:247,88
DA:254,88
DA:255,88
DA:266,88
DA:267,4
DA:268,4
DA:269,4
DA:275,13
DA:284,5
DA:285,5
DA:286,5
DA:287,5
DA:296,14
DA:298,5
DA:307,10
DA:309,9
DA:310,3
DA:313,6
DA:319,3
DA:320,3
DA:322,3
DA:324,1
DA:325,1
DA:327,2
DA:337,8
DA:338,8
DA:339,3
DA:342,5
DA:344,5
DA:345,5
DA:346,4
DA:347,4
DA:349,4
DA:354,5
DA:355,4
DA:360,5
DA:361,5
DA:362,5
DA:364,5
DA:365,1
DA:368,4
DA:369,0
DA:372,4
DA:374,4
DA:375,4
DA:377,4
DA:378,4
DA:379,4
DA:383,4
DA:388,0
DA:392,6
DA:393,6
DA:394,3
DA:398,5
DA:399,6
DA:400,7
DA:402,5
DA:403,10
DA:404,13
DA:406,5
DA:414,7
DA:420,5
DA:422,5
DA:424,1
DA:427,4
DA:428,3
DA:429,3
DA:430,3
DA:431,2
DA:435,2
DA:437,1
DA:438,1
DA:439,1
DA:444,2
DA:446,1
DA:457,1
DA:466,21
DA:474,21
DA:475,21
DA:476,17
DA:477,11
DA:478,6
DA:479,5
DA:482,1
DA:483,1
DA:493,4
DA:503,8
DA:504,28
DA:505,8
DA:506,13
DA:515,8
DA:516,0
DA:525,8
DA:526,8
DA:527,7
DA:528,3
DA:529,4
DA:530,3
DA:533,1
DA:534,1
DA:544,1
DA:553,3
DA:555,3
DA:558,3
DA:560,3
DA:561,10
DA:562,10
DA:563,10
DA:564,10
DA:565,4
DA:566,4
DA:568,6
DA:579,6
DA:580,6
DA:584,3
DA:600,11
DA:603,11
DA:604,4
DA:611,11
DA:612,12
DA:618,11
DA:621,11
DA:622,11
DA:624,11
DA:645,11
DA:646,30
DA:647,11
DA:648,11
DA:652,10
DA:653,37
DA:654,10
LF:188
LH:182
BRDA:106,0,0,2
BRDA:114,1,0,4
BRDA:115,2,0,4
BRDA:115,2,1,4
BRDA:115,2,2,4
BRDA:115,2,3,3
BRDA:144,3,0,1
BRDA:165,4,0,1
BRDA:171,5,0,3
BRDA:171,5,1,11
BRDA:171,5,2,88
BRDA:171,5,3,1
BRDA:171,5,4,21
BRDA:171,5,5,8
BRDA:171,5,6,5
BRDA:194,6,0,0
BRDA:194,6,1,0
BRDA:208,7,0,4
BRDA:234,8,0,1
BRDA:234,8,1,0
BRDA:268,9,0,4
BRDA:275,10,0,13
BRDA:275,10,1,9
BRDA:296,11,0,5
BRDA:309,12,0,3
BRDA:309,12,1,6
BRDA:322,13,0,1
BRDA:322,13,1,2
BRDA:338,14,0,3
BRDA:364,15,0,1
BRDA:368,16,0,0
BRDA:374,17,0,4
BRDA:375,18,0,4
BRDA:378,19,0,4
BRDA:422,20,0,1
BRDA:427,21,0,3
BRDA:429,22,0,2
BRDA:435,23,0,1
BRDA:435,23,1,1
BRDA:435,24,0,2
BRDA:435,24,1,1
BRDA:438,25,0,1
BRDA:444,26,0,1
BRDA:444,26,1,1
BRDA:475,27,0,17
BRDA:475,27,1,4
BRDA:476,28,0,11
BRDA:476,28,1,6
BRDA:478,29,0,5
BRDA:478,29,1,1
BRDA:515,30,0,0
BRDA:526,31,0,7
BRDA:526,31,1,1
BRDA:527,32,0,3
BRDA:527,32,1,4
BRDA:529,33,0,3
BRDA:529,33,1,1
BRDA:564,34,0,4
BRDA:564,34,1,6
BRDA:571,35,0,6
BRDA:571,35,1,0
BRDA:622,36,0,8
BRDA:622,36,1,3
BRF:63
BRH:57
end_of_record
TN:
SF:src/handlers/OpenHandler.ts
FN:31,(anonymous_0)
FN:45,(anonymous_1)
FN:57,(anonymous_2)
FN:64,(anonymous_3)
FN:80,(anonymous_4)
FN:84,(anonymous_5)
FN:93,(anonymous_6)
FN:104,(anonymous_7)
FN:109,(anonymous_8)
FN:113,(anonymous_9)
FN:115,(anonymous_10)
FN:152,(anonymous_11)
FN:187,(anonymous_12)
FN:201,(anonymous_13)
FN:219,(anonymous_14)
FN:227,(anonymous_15)
FN:228,(anonymous_16)
FN:245,(anonymous_17)
FN:257,(anonymous_18)
FN:273,(anonymous_19)
FN:288,(anonymous_20)
FN:298,(anonymous_21)
FN:309,(anonymous_22)
FNF:23
FNH:23
FNDA:1,(anonymous_0)
FNDA:4,(anonymous_1)
FNDA:4,(anonymous_2)
FNDA:3,(anonymous_3)
FNDA:1,(anonymous_4)
FNDA:4,(anonymous_5)
FNDA:3,(anonymous_6)
FNDA:176,(anonymous_7)
FNDA:6,(anonymous_8)
FNDA:3,(anonymous_9)
FNDA:260,(anonymous_10)
FNDA:19,(anonymous_11)
FNDA:15,(anonymous_12)
FNDA:2,(anonymous_13)
FNDA:2,(anonymous_14)
FNDA:4,(anonymous_15)
FNDA:2,(anonymous_16)
FNDA:5,(anonymous_17)
FNDA:1,(anonymous_18)
FNDA:14,(anonymous_19)
FNDA:14,(anonymous_20)
FNDA:1,(anonymous_21)
FNDA:13,(anonymous_22)
DA:2,1
DA:5,1
DA:7,1
DA:8,1
DA:31,1
DA:32,1
DA:33,1
DA:34,1
DA:42,4
DA:43,4
DA:52,4
DA:53,4
DA:54,4
DA:55,4
DA:57,4
DA:58,4
DA:59,1
DA:65,3
DA:66,3
DA:81,1
DA:85,4
DA:86,4
DA:87,2
DA:89,2
DA:94,3
DA:95,3
DA:99,1
DA:101,176
DA:105,176
DA:106,176
DA:120,260
DA:121,14
DA:122,246
DA:125,19
DA:127,227
DA:128,227
DA:129,227
DA:130,227
DA:131,5
DA:132,222
DA:133,2
DA:134,220
DA:135,2
DA:136,218
DA:137,1
DA:140,0
DA:141,0
DA:144,0
DA:157,19
DA:158,19
DA:159,1
DA:160,1
DA:161,1
DA:163,1
DA:179,1
DA:180,1
DA:181,1
DA:188,15
DA:202,2
DA:203,2
DA:204,2
DA:205,1
DA:215,1
DA:224,2
DA:225,2
DA:226,2
DA:227,4
DA:229,2
DA:234,2
DA:246,5
DA:247,5
DA:249,5
DA:250,5
DA:251,4
DA:253,1
DA:258,1
DA:262,1
DA:274,14
DA:275,14
DA:293,14
DA:298,14
DA:299,1
DA:306,1
DA:309,14
DA:310,13
DA:311,13
DA:321,13
DA:324,14
DA:326,2
DA:327,2
DA:329,2
DA:331,1
DA:337,1
DA:338,1
DA:339,1
DA:342,1
DA:347,13
DA:348,13
DA:349,12
DA:350,12
DA:353,12
DA:354,12
DA:355,4
DA:356,4
DA:360,1
LF:105
LH:102
BRDA:31,0,0,1
BRDA:31,0,1,1
BRDA:58,1,0,1
BRDA:86,2,0,2
BRDA:86,2,1,2
BRDA:120,3,0,14
BRDA:120,3,1,246
BRDA:122,4,0,19
BRDA:122,4,1,227
BRDA:128,5,0,227
BRDA:128,5,1,0
BRDA:130,6,0,5
BRDA:130,6,1,222
BRDA:132,7,0,2
BRDA:132,7,1,220
BRDA:134,8,0,2
BRDA:134,8,1,218
BRDA:136,9,0,1
BRDA:141,10,0,0
BRDA:141,10,1,0
BRDA:158,11,0,1
BRDA:160,12,0,1
BRDA:160,13,0,1
BRDA:160,13,1,1
BRDA:161,14,0,1
BRDA:161,15,0,1
BRDA:161,15,1,0
BRDA:204,16,0,1
BRDA:204,16,1,1
BRDA:253,17,0,1
BRDA:253,17,1,0
BRDA:324,18,0,2
BRDA:329,19,0,1
BRDA:329,19,1,1
BRDA:348,20,0,12
BRDA:348,20,1,1
BRDA:354,21,0,4
BRDA:355,22,0,4
BRF:38
BRH:33
end_of_record
TN:
SF:src/handlers/support.ts
FN:11,isFullAppIdentifier
FN:16,successResponse
FN:26,errorResponse
FN:36,successResponseId
FN:55,errorResponseId
FN:81,onlyUnique
FNF:6
FNH:6
FNDA:25,isFullAppIdentifier
FNDA:200,successResponse
FNDA:11,errorResponse
FNDA:217,successResponseId
FNDA:27,errorResponseId
FNDA:8,onlyUnique
DA:11,1
DA:12,25
DA:13,25
DA:16,1
DA:23,200
DA:26,1
DA:33,11
DA:36,1
DA:43,217
DA:52,217
DA:55,1
DA:62,27
DA:81,1
DA:82,8
LF:14
LH:14
BRDA:13,0,0,25
BRDA:13,0,1,15
BRF:2
BRH:2
end_of_record
